<html>
<head>
<title>TestNG:  Default test</title>
<link href="../testng.css" rel="stylesheet" type="text/css" />
<link href="../my-testng.css" rel="stylesheet" type="text/css" />

<style type="text/css">
.log { display: none;} 
.stack-trace { display: none;} 
</style>
<script type="text/javascript">
<!--
function flip(e) {
  current = e.style.display;
  if (current == 'block') {
    e.style.display = 'none';
    return 0;
  }
  else {
    e.style.display = 'block';
    return 1;
  }
}

function toggleBox(szDivId, elem, msg1, msg2)
{
  var res = -1;  if (document.getElementById) {
    res = flip(document.getElementById(szDivId));
  }
  else if (document.all) {
    // this is the way old msie versions work
    res = flip(document.all[szDivId]);
  }
  if(elem) {
    if(res == 0) elem.innerHTML = msg1; else elem.innerHTML = msg2;
  }

}

function toggleAllBoxes() {
  if (document.getElementsByTagName) {
    d = document.getElementsByTagName('div');
    for (i = 0; i < d.length; i++) {
      if (d[i].className == 'log') {
        flip(d[i]);
      }
    }
  }
}

// -->
</script>

</head>
<body>
<h2 align='center'>Default test</h2><table border='1' align="center">
<tr>
<td>Tests passed/Failed/Skipped:</td><td>112/8/0</td>
</tr><tr>
<td>Started on:</td><td>Mon Jan 30 09:51:33 IST 2023</td>
</tr>
<tr><td>Total time:</td><td>3337 seconds (3337400 ms)</td>
</tr><tr>
<td>Included groups:</td><td></td>
</tr><tr>
<td>Excluded groups:</td><td></td>
</tr>
</table><p/>
<small><i>(Hover the method name to see the test class name)</i></small><p/>
<table width='100%' border='1' class='invocation-failed'>
<tr><td colspan='4' align='center'><b>FAILED TESTS</b></td></tr>
<tr><td><b>Test method</b></td>
<td width="30%"><b>Exception</b></td>
<td width="10%"><b>Time (seconds)</b></td>
<td><b>Instance</b></td>
</tr>
<tr>
<td title='pagesTestCasesYasasiiWeb.Dental_testcase.master()'><b>master</b><br>Test class: pagesTestCasesYasasiiWeb.Dental_testcase<br>Parameters: , , , , , </td>
<td><div><pre>org.openqa.selenium.ElementClickInterceptedException: element click intercepted: Element &lt;input _ngcontent-jfi-c15=&quot;&quot; autocapitalize=&quot;none&quot; autocomplete=&quot;off&quot; autocorrect=&quot;off&quot; class=&quot;form-control ng-valid ng-dirty ng-touched&quot; spellcheck=&quot;false&quot; tabindex=&quot;1&quot; type=&quot;text&quot; placeholder=&quot;&quot; id=&quot;servicecategoryser&quot;&gt; is not clickable at point (802, 81). Other element would receive the click: &lt;div class=&quot;menu-overlay&quot;&gt;&lt;/div&gt;
  (Session info: chrome=109.0.5414.75)
Build info: version: &apos;4.0.0-alpha-3&apos;, revision: &apos;8c567de6dc&apos;
System info: host: &apos;KI54&apos;, ip: &apos;192.168.0.54&apos;, os.name: &apos;Windows 10&apos;, os.arch: &apos;amd64&apos;, os.version: &apos;10.0&apos;, java.version: &apos;18.0.1&apos;
Driver info: org.openqa.selenium.chrome.ChromeDriver
Capabilities {acceptInsecureCerts: false, browserName: chrome, browserVersion: 109.0.5414.75, chrome: {chromedriverVersion: 109.0.5414.74 (e7c5703604da..., userDataDir: C:\Users\sriram\AppData\Loc...}, goog:chromeOptions: {debuggerAddress: localhost:59829}, javascriptEnabled: true, networkConnectionEnabled: false, pageLoadStrategy: normal, platform: WINDOWS, platformName: WINDOWS, proxy: Proxy(), setWindowRect: true, strictFileInteractability: false, timeouts: {implicit: 0, pageLoad: 300000, script: 30000}, unhandledPromptBehavior: dismiss and notify, webauthn:extension:credBlob: true, webauthn:extension:largeBlob: true, webauthn:virtualAuthenticators: true}
Session ID: 2c084ad0bdcbdc39fa4eeaf558f94183
	at java.base/jdk.internal.reflect.DirectConstructorHandleAccessor.newInstance(DirectConstructorHandleAccessor.java:67)
	at java.base/java.lang.reflect.Constructor.newInstanceWithCaller(Constructor.java:499)
	at java.base/java.lang.reflect.Constructor.newInstance(Constructor.java:483)
	at org.openqa.selenium.remote.codec.w3c.W3CHttpResponseCodec.createException(W3CHttpResponseCodec.java:191)
	at org.openqa.selenium.remote.codec.w3c.W3CHttpResponseCodec.decode(W3CHttpResponseCodec.java:125)
	at org.openqa.selenium.remote.codec.w3c.W3CHttpResponseCodec.decode(W3CHttpResponseCodec.java:52)
	at org.openqa.selenium.remote.HttpCommandExecutor.execute(HttpCommandExecutor.java:161)
	at org.openqa.selenium.remote.service.DriverCommandExecutor.execute(DriverCommandExecutor.java:83)
	at org.openqa.selenium.remote.RemoteWebDriver.execute(RemoteWebDriver.java:576)
	at org.openqa.selenium.remote.RemoteWebElement.execute(RemoteWebElement.java:308)
	at org.openqa.selenium.remote.RemoteWebElement.click(RemoteWebElement.java:83)
	at java.base/jdk.internal.reflect.DirectMethodHandleAccessor.invoke(DirectMethodHandleAccessor.java:104)
	at java.base/java.lang.reflect.Method.invoke(Method.java:577)
	at org.openqa.selenium.support.pagefactory.internal.LocatingElementHandler.invoke(LocatingElementHandler.java:52)
	at jdk.proxy2/jdk.proxy2.$Proxy35.click(Unknown Source)
	at pagesOfYasasiiWeb.dental_yasassiWeb.master(dental_yasassiWeb.java:177)
	at pagesTestCasesYasasiiWeb.Dental_testcase.master(Dental_testcase.java:58)
	at java.base/jdk.internal.reflect.DirectMethodHandleAccessor.invoke(DirectMethodHandleAccessor.java:104)
	at java.base/java.lang.reflect.Method.invoke(Method.java:577)
	at org.testng.internal.MethodInvocationHelper.invokeMethod(MethodInvocationHelper.java:132)
	at org.testng.internal.TestInvoker.invokeMethod(TestInvoker.java:599)
	at org.testng.internal.TestInvoker.invokeTestMethod(TestInvoker.java:174)
	at org.testng.internal.MethodRunner.runInSequence(MethodRunner.java:46)
	at org.testng.internal.TestInvoker$MethodInvocationAgent.invoke(TestInvoker.java:822)
	at org.testng.internal.TestInvoker.invokeTestMethods(TestInvoker.java:147)
	at org.testng.internal.TestMethodWorker.invokeTestMethods(TestMethodWorker.java:146)
	at org.testng.internal.TestMethodWorker.run(TestMethodWorker.java:128)
	at java.base/java.util.ArrayList.forEach(ArrayList.java:1511)
	at org.testng.TestRunner.privateRun(TestRunner.java:764)
	at org.testng.TestRunner.run(TestRunner.java:585)
	at org.testng.SuiteRunner.runTest(SuiteRunner.java:384)
	at org.testng.SuiteRunner.runSequentially(SuiteRunner.java:378)
	at org.testng.SuiteRunner.privateRun(SuiteRunner.java:337)
	at org.testng.SuiteRunner.run(SuiteRunner.java:286)
	at org.testng.SuiteRunnerWorker.runSuite(SuiteRunnerWorker.java:53)
	at org.testng.SuiteRunnerWorker.run(SuiteRunnerWorker.java:96)
	at org.testng.TestNG.runSuitesSequentially(TestNG.java:1218)
	at org.testng.TestNG.runSuitesLocally(TestNG.java:1140)
	at org.testng.TestNG.runSuites(TestNG.java:1069)
	at org.testng.TestNG.run(TestNG.java:1037)
	at org.testng.remote.AbstractRemoteTestNG.run(AbstractRemoteTestNG.java:115)
	at org.testng.remote.RemoteTestNG.initAndRun(RemoteTestNG.java:251)
	at org.testng.remote.RemoteTestNG.main(RemoteTestNG.java:77)
</pre></div><a href='#' onClick='toggleBox("stack-trace211542895", this, "Click to show all stack frames", "Click to hide stack frames")'>Click to show all stack frames</a>
<div class='stack-trace' id='stack-trace211542895'><pre>org.openqa.selenium.ElementClickInterceptedException: element click intercepted: Element &lt;input _ngcontent-jfi-c15=&quot;&quot; autocapitalize=&quot;none&quot; autocomplete=&quot;off&quot; autocorrect=&quot;off&quot; class=&quot;form-control ng-valid ng-dirty ng-touched&quot; spellcheck=&quot;false&quot; tabindex=&quot;1&quot; type=&quot;text&quot; placeholder=&quot;&quot; id=&quot;servicecategoryser&quot;&gt; is not clickable at point (802, 81). Other element would receive the click: &lt;div class=&quot;menu-overlay&quot;&gt;&lt;/div&gt;
  (Session info: chrome=109.0.5414.75)
Build info: version: &apos;4.0.0-alpha-3&apos;, revision: &apos;8c567de6dc&apos;
System info: host: &apos;KI54&apos;, ip: &apos;192.168.0.54&apos;, os.name: &apos;Windows 10&apos;, os.arch: &apos;amd64&apos;, os.version: &apos;10.0&apos;, java.version: &apos;18.0.1&apos;
Driver info: org.openqa.selenium.chrome.ChromeDriver
Capabilities {acceptInsecureCerts: false, browserName: chrome, browserVersion: 109.0.5414.75, chrome: {chromedriverVersion: 109.0.5414.74 (e7c5703604da..., userDataDir: C:\Users\sriram\AppData\Loc...}, goog:chromeOptions: {debuggerAddress: localhost:59829}, javascriptEnabled: true, networkConnectionEnabled: false, pageLoadStrategy: normal, platform: WINDOWS, platformName: WINDOWS, proxy: Proxy(), setWindowRect: true, strictFileInteractability: false, timeouts: {implicit: 0, pageLoad: 300000, script: 30000}, unhandledPromptBehavior: dismiss and notify, webauthn:extension:credBlob: true, webauthn:extension:largeBlob: true, webauthn:virtualAuthenticators: true}
Session ID: 2c084ad0bdcbdc39fa4eeaf558f94183
	at java.base/jdk.internal.reflect.DirectConstructorHandleAccessor.newInstance(DirectConstructorHandleAccessor.java:67)
	at java.base/java.lang.reflect.Constructor.newInstanceWithCaller(Constructor.java:499)
	at java.base/java.lang.reflect.Constructor.newInstance(Constructor.java:483)
	at org.openqa.selenium.remote.codec.w3c.W3CHttpResponseCodec.createException(W3CHttpResponseCodec.java:191)
	at org.openqa.selenium.remote.codec.w3c.W3CHttpResponseCodec.decode(W3CHttpResponseCodec.java:125)
	at org.openqa.selenium.remote.codec.w3c.W3CHttpResponseCodec.decode(W3CHttpResponseCodec.java:52)
	at org.openqa.selenium.remote.HttpCommandExecutor.execute(HttpCommandExecutor.java:161)
	at org.openqa.selenium.remote.service.DriverCommandExecutor.execute(DriverCommandExecutor.java:83)
	at org.openqa.selenium.remote.RemoteWebDriver.execute(RemoteWebDriver.java:576)
	at org.openqa.selenium.remote.RemoteWebElement.execute(RemoteWebElement.java:308)
	at org.openqa.selenium.remote.RemoteWebElement.click(RemoteWebElement.java:83)
	at java.base/jdk.internal.reflect.DirectMethodHandleAccessor.invoke(DirectMethodHandleAccessor.java:104)
	at java.base/java.lang.reflect.Method.invoke(Method.java:577)
	at org.openqa.selenium.support.pagefactory.internal.LocatingElementHandler.invoke(LocatingElementHandler.java:52)
	at jdk.proxy2/jdk.proxy2.$Proxy35.click(Unknown Source)
	at pagesOfYasasiiWeb.dental_yasassiWeb.master(dental_yasassiWeb.java:177)
	at pagesTestCasesYasasiiWeb.Dental_testcase.master(Dental_testcase.java:58)
	at java.base/jdk.internal.reflect.DirectMethodHandleAccessor.invoke(DirectMethodHandleAccessor.java:104)
	at java.base/java.lang.reflect.Method.invoke(Method.java:577)
	at org.testng.internal.MethodInvocationHelper.invokeMethod(MethodInvocationHelper.java:132)
	at org.testng.internal.TestInvoker.invokeMethod(TestInvoker.java:599)
	at org.testng.internal.TestInvoker.invokeTestMethod(TestInvoker.java:174)
	at org.testng.internal.MethodRunner.runInSequence(MethodRunner.java:46)
	at org.testng.internal.TestInvoker$MethodInvocationAgent.invoke(TestInvoker.java:822)
	at org.testng.internal.TestInvoker.invokeTestMethods(TestInvoker.java:147)
	at org.testng.internal.TestMethodWorker.invokeTestMethods(TestMethodWorker.java:146)
	at org.testng.internal.TestMethodWorker.run(TestMethodWorker.java:128)
	at java.base/java.util.ArrayList.forEach(ArrayList.java:1511)
	at org.testng.TestRunner.privateRun(TestRunner.java:764)
	at org.testng.TestRunner.run(TestRunner.java:585)
	at org.testng.SuiteRunner.runTest(SuiteRunner.java:384)
	at org.testng.SuiteRunner.runSequentially(SuiteRunner.java:378)
	at org.testng.SuiteRunner.privateRun(SuiteRunner.java:337)
	at org.testng.SuiteRunner.run(SuiteRunner.java:286)
	at org.testng.SuiteRunnerWorker.runSuite(SuiteRunnerWorker.java:53)
	at org.testng.SuiteRunnerWorker.run(SuiteRunnerWorker.java:96)
	at org.testng.TestNG.runSuitesSequentially(TestNG.java:1218)
	at org.testng.TestNG.runSuitesLocally(TestNG.java:1140)
	at org.testng.TestNG.runSuites(TestNG.java:1069)
	at org.testng.TestNG.run(TestNG.java:1037)
	at org.testng.remote.AbstractRemoteTestNG.run(AbstractRemoteTestNG.java:115)
	at org.testng.remote.RemoteTestNG.initAndRun(RemoteTestNG.java:251)
	at org.testng.remote.RemoteTestNG.main(RemoteTestNG.java:77)
</pre></div></td>
<td>16</td>
<td>pagesTestCasesYasasiiWeb.Dental_testcase@60d1a32f</td></tr>
<tr>
<td title='pagesTestCasesYasasiiWeb.Dental_testcase.master()'><b>master</b><br>Test class: pagesTestCasesYasasiiWeb.Dental_testcase<br>Parameters: , , , , , </td>
<td><div><pre>org.openqa.selenium.ElementClickInterceptedException: element click intercepted: Element &lt;button _ngcontent-jfi-c38=&quot;&quot; class=&quot;btn btn-red clear&quot; type=&quot;button&quot;&gt;...&lt;/button&gt; is not clickable at point (1300, 591). Other element would receive the click: &lt;div class=&quot;menu-overlay&quot;&gt;&lt;/div&gt;
  (Session info: chrome=109.0.5414.75)
Build info: version: &apos;4.0.0-alpha-3&apos;, revision: &apos;8c567de6dc&apos;
System info: host: &apos;KI54&apos;, ip: &apos;192.168.0.54&apos;, os.name: &apos;Windows 10&apos;, os.arch: &apos;amd64&apos;, os.version: &apos;10.0&apos;, java.version: &apos;18.0.1&apos;
Driver info: org.openqa.selenium.chrome.ChromeDriver
Capabilities {acceptInsecureCerts: false, browserName: chrome, browserVersion: 109.0.5414.75, chrome: {chromedriverVersion: 109.0.5414.74 (e7c5703604da..., userDataDir: C:\Users\sriram\AppData\Loc...}, goog:chromeOptions: {debuggerAddress: localhost:59829}, javascriptEnabled: true, networkConnectionEnabled: false, pageLoadStrategy: normal, platform: WINDOWS, platformName: WINDOWS, proxy: Proxy(), setWindowRect: true, strictFileInteractability: false, timeouts: {implicit: 0, pageLoad: 300000, script: 30000}, unhandledPromptBehavior: dismiss and notify, webauthn:extension:credBlob: true, webauthn:extension:largeBlob: true, webauthn:virtualAuthenticators: true}
Session ID: 2c084ad0bdcbdc39fa4eeaf558f94183
	at java.base/jdk.internal.reflect.DirectConstructorHandleAccessor.newInstance(DirectConstructorHandleAccessor.java:67)
	at java.base/java.lang.reflect.Constructor.newInstanceWithCaller(Constructor.java:499)
	at java.base/java.lang.reflect.Constructor.newInstance(Constructor.java:483)
	at org.openqa.selenium.remote.codec.w3c.W3CHttpResponseCodec.createException(W3CHttpResponseCodec.java:191)
	at org.openqa.selenium.remote.codec.w3c.W3CHttpResponseCodec.decode(W3CHttpResponseCodec.java:125)
	at org.openqa.selenium.remote.codec.w3c.W3CHttpResponseCodec.decode(W3CHttpResponseCodec.java:52)
	at org.openqa.selenium.remote.HttpCommandExecutor.execute(HttpCommandExecutor.java:161)
	at org.openqa.selenium.remote.service.DriverCommandExecutor.execute(DriverCommandExecutor.java:83)
	at org.openqa.selenium.remote.RemoteWebDriver.execute(RemoteWebDriver.java:576)
	at org.openqa.selenium.remote.RemoteWebElement.execute(RemoteWebElement.java:308)
	at org.openqa.selenium.remote.RemoteWebElement.click(RemoteWebElement.java:83)
	at pagesOfYasasiiWeb.dental_yasassiWeb.master(dental_yasassiWeb.java:148)
	at pagesTestCasesYasasiiWeb.Dental_testcase.master(Dental_testcase.java:58)
	at java.base/jdk.internal.reflect.DirectMethodHandleAccessor.invoke(DirectMethodHandleAccessor.java:104)
	at java.base/java.lang.reflect.Method.invoke(Method.java:577)
	at org.testng.internal.MethodInvocationHelper.invokeMethod(MethodInvocationHelper.java:132)
	at org.testng.internal.TestInvoker.invokeMethod(TestInvoker.java:599)
	at org.testng.internal.TestInvoker.invokeTestMethod(TestInvoker.java:174)
	at org.testng.internal.MethodRunner.runInSequence(MethodRunner.java:46)
	at org.testng.internal.TestInvoker$MethodInvocationAgent.invoke(TestInvoker.java:822)
	at org.testng.internal.TestInvoker.invokeTestMethods(TestInvoker.java:147)
	at org.testng.internal.TestMethodWorker.invokeTestMethods(TestMethodWorker.java:146)
	at org.testng.internal.TestMethodWorker.run(TestMethodWorker.java:128)
	at java.base/java.util.ArrayList.forEach(ArrayList.java:1511)
	at org.testng.TestRunner.privateRun(TestRunner.java:764)
	at org.testng.TestRunner.run(TestRunner.java:585)
	at org.testng.SuiteRunner.runTest(SuiteRunner.java:384)
	at org.testng.SuiteRunner.runSequentially(SuiteRunner.java:378)
	at org.testng.SuiteRunner.privateRun(SuiteRunner.java:337)
	at org.testng.SuiteRunner.run(SuiteRunner.java:286)
	at org.testng.SuiteRunnerWorker.runSuite(SuiteRunnerWorker.java:53)
	at org.testng.SuiteRunnerWorker.run(SuiteRunnerWorker.java:96)
	at org.testng.TestNG.runSuitesSequentially(TestNG.java:1218)
	at org.testng.TestNG.runSuitesLocally(TestNG.java:1140)
	at org.testng.TestNG.runSuites(TestNG.java:1069)
	at org.testng.TestNG.run(TestNG.java:1037)
	at org.testng.remote.AbstractRemoteTestNG.run(AbstractRemoteTestNG.java:115)
	at org.testng.remote.RemoteTestNG.initAndRun(RemoteTestNG.java:251)
	at org.testng.remote.RemoteTestNG.main(RemoteTestNG.java:77)
</pre></div><a href='#' onClick='toggleBox("stack-trace1629439751", this, "Click to show all stack frames", "Click to hide stack frames")'>Click to show all stack frames</a>
<div class='stack-trace' id='stack-trace1629439751'><pre>org.openqa.selenium.ElementClickInterceptedException: element click intercepted: Element &lt;button _ngcontent-jfi-c38=&quot;&quot; class=&quot;btn btn-red clear&quot; type=&quot;button&quot;&gt;...&lt;/button&gt; is not clickable at point (1300, 591). Other element would receive the click: &lt;div class=&quot;menu-overlay&quot;&gt;&lt;/div&gt;
  (Session info: chrome=109.0.5414.75)
Build info: version: &apos;4.0.0-alpha-3&apos;, revision: &apos;8c567de6dc&apos;
System info: host: &apos;KI54&apos;, ip: &apos;192.168.0.54&apos;, os.name: &apos;Windows 10&apos;, os.arch: &apos;amd64&apos;, os.version: &apos;10.0&apos;, java.version: &apos;18.0.1&apos;
Driver info: org.openqa.selenium.chrome.ChromeDriver
Capabilities {acceptInsecureCerts: false, browserName: chrome, browserVersion: 109.0.5414.75, chrome: {chromedriverVersion: 109.0.5414.74 (e7c5703604da..., userDataDir: C:\Users\sriram\AppData\Loc...}, goog:chromeOptions: {debuggerAddress: localhost:59829}, javascriptEnabled: true, networkConnectionEnabled: false, pageLoadStrategy: normal, platform: WINDOWS, platformName: WINDOWS, proxy: Proxy(), setWindowRect: true, strictFileInteractability: false, timeouts: {implicit: 0, pageLoad: 300000, script: 30000}, unhandledPromptBehavior: dismiss and notify, webauthn:extension:credBlob: true, webauthn:extension:largeBlob: true, webauthn:virtualAuthenticators: true}
Session ID: 2c084ad0bdcbdc39fa4eeaf558f94183
	at java.base/jdk.internal.reflect.DirectConstructorHandleAccessor.newInstance(DirectConstructorHandleAccessor.java:67)
	at java.base/java.lang.reflect.Constructor.newInstanceWithCaller(Constructor.java:499)
	at java.base/java.lang.reflect.Constructor.newInstance(Constructor.java:483)
	at org.openqa.selenium.remote.codec.w3c.W3CHttpResponseCodec.createException(W3CHttpResponseCodec.java:191)
	at org.openqa.selenium.remote.codec.w3c.W3CHttpResponseCodec.decode(W3CHttpResponseCodec.java:125)
	at org.openqa.selenium.remote.codec.w3c.W3CHttpResponseCodec.decode(W3CHttpResponseCodec.java:52)
	at org.openqa.selenium.remote.HttpCommandExecutor.execute(HttpCommandExecutor.java:161)
	at org.openqa.selenium.remote.service.DriverCommandExecutor.execute(DriverCommandExecutor.java:83)
	at org.openqa.selenium.remote.RemoteWebDriver.execute(RemoteWebDriver.java:576)
	at org.openqa.selenium.remote.RemoteWebElement.execute(RemoteWebElement.java:308)
	at org.openqa.selenium.remote.RemoteWebElement.click(RemoteWebElement.java:83)
	at pagesOfYasasiiWeb.dental_yasassiWeb.master(dental_yasassiWeb.java:148)
	at pagesTestCasesYasasiiWeb.Dental_testcase.master(Dental_testcase.java:58)
	at java.base/jdk.internal.reflect.DirectMethodHandleAccessor.invoke(DirectMethodHandleAccessor.java:104)
	at java.base/java.lang.reflect.Method.invoke(Method.java:577)
	at org.testng.internal.MethodInvocationHelper.invokeMethod(MethodInvocationHelper.java:132)
	at org.testng.internal.TestInvoker.invokeMethod(TestInvoker.java:599)
	at org.testng.internal.TestInvoker.invokeTestMethod(TestInvoker.java:174)
	at org.testng.internal.MethodRunner.runInSequence(MethodRunner.java:46)
	at org.testng.internal.TestInvoker$MethodInvocationAgent.invoke(TestInvoker.java:822)
	at org.testng.internal.TestInvoker.invokeTestMethods(TestInvoker.java:147)
	at org.testng.internal.TestMethodWorker.invokeTestMethods(TestMethodWorker.java:146)
	at org.testng.internal.TestMethodWorker.run(TestMethodWorker.java:128)
	at java.base/java.util.ArrayList.forEach(ArrayList.java:1511)
	at org.testng.TestRunner.privateRun(TestRunner.java:764)
	at org.testng.TestRunner.run(TestRunner.java:585)
	at org.testng.SuiteRunner.runTest(SuiteRunner.java:384)
	at org.testng.SuiteRunner.runSequentially(SuiteRunner.java:378)
	at org.testng.SuiteRunner.privateRun(SuiteRunner.java:337)
	at org.testng.SuiteRunner.run(SuiteRunner.java:286)
	at org.testng.SuiteRunnerWorker.runSuite(SuiteRunnerWorker.java:53)
	at org.testng.SuiteRunnerWorker.run(SuiteRunnerWorker.java:96)
	at org.testng.TestNG.runSuitesSequentially(TestNG.java:1218)
	at org.testng.TestNG.runSuitesLocally(TestNG.java:1140)
	at org.testng.TestNG.runSuites(TestNG.java:1069)
	at org.testng.TestNG.run(TestNG.java:1037)
	at org.testng.remote.AbstractRemoteTestNG.run(AbstractRemoteTestNG.java:115)
	at org.testng.remote.RemoteTestNG.initAndRun(RemoteTestNG.java:251)
	at org.testng.remote.RemoteTestNG.main(RemoteTestNG.java:77)
</pre></div></td>
<td>3</td>
<td>pagesTestCasesYasasiiWeb.Dental_testcase@60d1a32f</td></tr>
<tr>
<td title='pagesTestCasesYasasiiWeb.Dental_testcase.master()'><b>master</b><br>Test class: pagesTestCasesYasasiiWeb.Dental_testcase<br>Parameters: , , , , , </td>
<td><div><pre>org.openqa.selenium.ElementClickInterceptedException: element click intercepted: Element &lt;button _ngcontent-jfi-c38=&quot;&quot; class=&quot;btn btn-red clear&quot; type=&quot;button&quot;&gt;...&lt;/button&gt; is not clickable at point (1300, 591). Other element would receive the click: &lt;div class=&quot;menu-overlay&quot;&gt;&lt;/div&gt;
  (Session info: chrome=109.0.5414.75)
Build info: version: &apos;4.0.0-alpha-3&apos;, revision: &apos;8c567de6dc&apos;
System info: host: &apos;KI54&apos;, ip: &apos;192.168.0.54&apos;, os.name: &apos;Windows 10&apos;, os.arch: &apos;amd64&apos;, os.version: &apos;10.0&apos;, java.version: &apos;18.0.1&apos;
Driver info: org.openqa.selenium.chrome.ChromeDriver
Capabilities {acceptInsecureCerts: false, browserName: chrome, browserVersion: 109.0.5414.75, chrome: {chromedriverVersion: 109.0.5414.74 (e7c5703604da..., userDataDir: C:\Users\sriram\AppData\Loc...}, goog:chromeOptions: {debuggerAddress: localhost:59829}, javascriptEnabled: true, networkConnectionEnabled: false, pageLoadStrategy: normal, platform: WINDOWS, platformName: WINDOWS, proxy: Proxy(), setWindowRect: true, strictFileInteractability: false, timeouts: {implicit: 0, pageLoad: 300000, script: 30000}, unhandledPromptBehavior: dismiss and notify, webauthn:extension:credBlob: true, webauthn:extension:largeBlob: true, webauthn:virtualAuthenticators: true}
Session ID: 2c084ad0bdcbdc39fa4eeaf558f94183
	at java.base/jdk.internal.reflect.DirectConstructorHandleAccessor.newInstance(DirectConstructorHandleAccessor.java:67)
	at java.base/java.lang.reflect.Constructor.newInstanceWithCaller(Constructor.java:499)
	at java.base/java.lang.reflect.Constructor.newInstance(Constructor.java:483)
	at org.openqa.selenium.remote.codec.w3c.W3CHttpResponseCodec.createException(W3CHttpResponseCodec.java:191)
	at org.openqa.selenium.remote.codec.w3c.W3CHttpResponseCodec.decode(W3CHttpResponseCodec.java:125)
	at org.openqa.selenium.remote.codec.w3c.W3CHttpResponseCodec.decode(W3CHttpResponseCodec.java:52)
	at org.openqa.selenium.remote.HttpCommandExecutor.execute(HttpCommandExecutor.java:161)
	at org.openqa.selenium.remote.service.DriverCommandExecutor.execute(DriverCommandExecutor.java:83)
	at org.openqa.selenium.remote.RemoteWebDriver.execute(RemoteWebDriver.java:576)
	at org.openqa.selenium.remote.RemoteWebElement.execute(RemoteWebElement.java:308)
	at org.openqa.selenium.remote.RemoteWebElement.click(RemoteWebElement.java:83)
	at pagesOfYasasiiWeb.dental_yasassiWeb.master(dental_yasassiWeb.java:148)
	at pagesTestCasesYasasiiWeb.Dental_testcase.master(Dental_testcase.java:58)
	at java.base/jdk.internal.reflect.DirectMethodHandleAccessor.invoke(DirectMethodHandleAccessor.java:104)
	at java.base/java.lang.reflect.Method.invoke(Method.java:577)
	at org.testng.internal.MethodInvocationHelper.invokeMethod(MethodInvocationHelper.java:132)
	at org.testng.internal.TestInvoker.invokeMethod(TestInvoker.java:599)
	at org.testng.internal.TestInvoker.invokeTestMethod(TestInvoker.java:174)
	at org.testng.internal.MethodRunner.runInSequence(MethodRunner.java:46)
	at org.testng.internal.TestInvoker$MethodInvocationAgent.invoke(TestInvoker.java:822)
	at org.testng.internal.TestInvoker.invokeTestMethods(TestInvoker.java:147)
	at org.testng.internal.TestMethodWorker.invokeTestMethods(TestMethodWorker.java:146)
	at org.testng.internal.TestMethodWorker.run(TestMethodWorker.java:128)
	at java.base/java.util.ArrayList.forEach(ArrayList.java:1511)
	at org.testng.TestRunner.privateRun(TestRunner.java:764)
	at org.testng.TestRunner.run(TestRunner.java:585)
	at org.testng.SuiteRunner.runTest(SuiteRunner.java:384)
	at org.testng.SuiteRunner.runSequentially(SuiteRunner.java:378)
	at org.testng.SuiteRunner.privateRun(SuiteRunner.java:337)
	at org.testng.SuiteRunner.run(SuiteRunner.java:286)
	at org.testng.SuiteRunnerWorker.runSuite(SuiteRunnerWorker.java:53)
	at org.testng.SuiteRunnerWorker.run(SuiteRunnerWorker.java:96)
	at org.testng.TestNG.runSuitesSequentially(TestNG.java:1218)
	at org.testng.TestNG.runSuitesLocally(TestNG.java:1140)
	at org.testng.TestNG.runSuites(TestNG.java:1069)
	at org.testng.TestNG.run(TestNG.java:1037)
	at org.testng.remote.AbstractRemoteTestNG.run(AbstractRemoteTestNG.java:115)
	at org.testng.remote.RemoteTestNG.initAndRun(RemoteTestNG.java:251)
	at org.testng.remote.RemoteTestNG.main(RemoteTestNG.java:77)
</pre></div><a href='#' onClick='toggleBox("stack-trace459009199", this, "Click to show all stack frames", "Click to hide stack frames")'>Click to show all stack frames</a>
<div class='stack-trace' id='stack-trace459009199'><pre>org.openqa.selenium.ElementClickInterceptedException: element click intercepted: Element &lt;button _ngcontent-jfi-c38=&quot;&quot; class=&quot;btn btn-red clear&quot; type=&quot;button&quot;&gt;...&lt;/button&gt; is not clickable at point (1300, 591). Other element would receive the click: &lt;div class=&quot;menu-overlay&quot;&gt;&lt;/div&gt;
  (Session info: chrome=109.0.5414.75)
Build info: version: &apos;4.0.0-alpha-3&apos;, revision: &apos;8c567de6dc&apos;
System info: host: &apos;KI54&apos;, ip: &apos;192.168.0.54&apos;, os.name: &apos;Windows 10&apos;, os.arch: &apos;amd64&apos;, os.version: &apos;10.0&apos;, java.version: &apos;18.0.1&apos;
Driver info: org.openqa.selenium.chrome.ChromeDriver
Capabilities {acceptInsecureCerts: false, browserName: chrome, browserVersion: 109.0.5414.75, chrome: {chromedriverVersion: 109.0.5414.74 (e7c5703604da..., userDataDir: C:\Users\sriram\AppData\Loc...}, goog:chromeOptions: {debuggerAddress: localhost:59829}, javascriptEnabled: true, networkConnectionEnabled: false, pageLoadStrategy: normal, platform: WINDOWS, platformName: WINDOWS, proxy: Proxy(), setWindowRect: true, strictFileInteractability: false, timeouts: {implicit: 0, pageLoad: 300000, script: 30000}, unhandledPromptBehavior: dismiss and notify, webauthn:extension:credBlob: true, webauthn:extension:largeBlob: true, webauthn:virtualAuthenticators: true}
Session ID: 2c084ad0bdcbdc39fa4eeaf558f94183
	at java.base/jdk.internal.reflect.DirectConstructorHandleAccessor.newInstance(DirectConstructorHandleAccessor.java:67)
	at java.base/java.lang.reflect.Constructor.newInstanceWithCaller(Constructor.java:499)
	at java.base/java.lang.reflect.Constructor.newInstance(Constructor.java:483)
	at org.openqa.selenium.remote.codec.w3c.W3CHttpResponseCodec.createException(W3CHttpResponseCodec.java:191)
	at org.openqa.selenium.remote.codec.w3c.W3CHttpResponseCodec.decode(W3CHttpResponseCodec.java:125)
	at org.openqa.selenium.remote.codec.w3c.W3CHttpResponseCodec.decode(W3CHttpResponseCodec.java:52)
	at org.openqa.selenium.remote.HttpCommandExecutor.execute(HttpCommandExecutor.java:161)
	at org.openqa.selenium.remote.service.DriverCommandExecutor.execute(DriverCommandExecutor.java:83)
	at org.openqa.selenium.remote.RemoteWebDriver.execute(RemoteWebDriver.java:576)
	at org.openqa.selenium.remote.RemoteWebElement.execute(RemoteWebElement.java:308)
	at org.openqa.selenium.remote.RemoteWebElement.click(RemoteWebElement.java:83)
	at pagesOfYasasiiWeb.dental_yasassiWeb.master(dental_yasassiWeb.java:148)
	at pagesTestCasesYasasiiWeb.Dental_testcase.master(Dental_testcase.java:58)
	at java.base/jdk.internal.reflect.DirectMethodHandleAccessor.invoke(DirectMethodHandleAccessor.java:104)
	at java.base/java.lang.reflect.Method.invoke(Method.java:577)
	at org.testng.internal.MethodInvocationHelper.invokeMethod(MethodInvocationHelper.java:132)
	at org.testng.internal.TestInvoker.invokeMethod(TestInvoker.java:599)
	at org.testng.internal.TestInvoker.invokeTestMethod(TestInvoker.java:174)
	at org.testng.internal.MethodRunner.runInSequence(MethodRunner.java:46)
	at org.testng.internal.TestInvoker$MethodInvocationAgent.invoke(TestInvoker.java:822)
	at org.testng.internal.TestInvoker.invokeTestMethods(TestInvoker.java:147)
	at org.testng.internal.TestMethodWorker.invokeTestMethods(TestMethodWorker.java:146)
	at org.testng.internal.TestMethodWorker.run(TestMethodWorker.java:128)
	at java.base/java.util.ArrayList.forEach(ArrayList.java:1511)
	at org.testng.TestRunner.privateRun(TestRunner.java:764)
	at org.testng.TestRunner.run(TestRunner.java:585)
	at org.testng.SuiteRunner.runTest(SuiteRunner.java:384)
	at org.testng.SuiteRunner.runSequentially(SuiteRunner.java:378)
	at org.testng.SuiteRunner.privateRun(SuiteRunner.java:337)
	at org.testng.SuiteRunner.run(SuiteRunner.java:286)
	at org.testng.SuiteRunnerWorker.runSuite(SuiteRunnerWorker.java:53)
	at org.testng.SuiteRunnerWorker.run(SuiteRunnerWorker.java:96)
	at org.testng.TestNG.runSuitesSequentially(TestNG.java:1218)
	at org.testng.TestNG.runSuitesLocally(TestNG.java:1140)
	at org.testng.TestNG.runSuites(TestNG.java:1069)
	at org.testng.TestNG.run(TestNG.java:1037)
	at org.testng.remote.AbstractRemoteTestNG.run(AbstractRemoteTestNG.java:115)
	at org.testng.remote.RemoteTestNG.initAndRun(RemoteTestNG.java:251)
	at org.testng.remote.RemoteTestNG.main(RemoteTestNG.java:77)
</pre></div></td>
<td>3</td>
<td>pagesTestCasesYasasiiWeb.Dental_testcase@60d1a32f</td></tr>
<tr>
<td title='pagesTestCasesYasasiiWeb.Dental_testcase.master()'><b>master</b><br>Test class: pagesTestCasesYasasiiWeb.Dental_testcase<br>Parameters: , , , , , </td>
<td><div><pre>org.openqa.selenium.ElementClickInterceptedException: element click intercepted: Element &lt;button _ngcontent-jfi-c38=&quot;&quot; class=&quot;btn btn-red clear&quot; type=&quot;button&quot;&gt;...&lt;/button&gt; is not clickable at point (1300, 591). Other element would receive the click: &lt;div class=&quot;menu-overlay&quot;&gt;&lt;/div&gt;
  (Session info: chrome=109.0.5414.75)
Build info: version: &apos;4.0.0-alpha-3&apos;, revision: &apos;8c567de6dc&apos;
System info: host: &apos;KI54&apos;, ip: &apos;192.168.0.54&apos;, os.name: &apos;Windows 10&apos;, os.arch: &apos;amd64&apos;, os.version: &apos;10.0&apos;, java.version: &apos;18.0.1&apos;
Driver info: org.openqa.selenium.chrome.ChromeDriver
Capabilities {acceptInsecureCerts: false, browserName: chrome, browserVersion: 109.0.5414.75, chrome: {chromedriverVersion: 109.0.5414.74 (e7c5703604da..., userDataDir: C:\Users\sriram\AppData\Loc...}, goog:chromeOptions: {debuggerAddress: localhost:59829}, javascriptEnabled: true, networkConnectionEnabled: false, pageLoadStrategy: normal, platform: WINDOWS, platformName: WINDOWS, proxy: Proxy(), setWindowRect: true, strictFileInteractability: false, timeouts: {implicit: 0, pageLoad: 300000, script: 30000}, unhandledPromptBehavior: dismiss and notify, webauthn:extension:credBlob: true, webauthn:extension:largeBlob: true, webauthn:virtualAuthenticators: true}
Session ID: 2c084ad0bdcbdc39fa4eeaf558f94183
	at java.base/jdk.internal.reflect.DirectConstructorHandleAccessor.newInstance(DirectConstructorHandleAccessor.java:67)
	at java.base/java.lang.reflect.Constructor.newInstanceWithCaller(Constructor.java:499)
	at java.base/java.lang.reflect.Constructor.newInstance(Constructor.java:483)
	at org.openqa.selenium.remote.codec.w3c.W3CHttpResponseCodec.createException(W3CHttpResponseCodec.java:191)
	at org.openqa.selenium.remote.codec.w3c.W3CHttpResponseCodec.decode(W3CHttpResponseCodec.java:125)
	at org.openqa.selenium.remote.codec.w3c.W3CHttpResponseCodec.decode(W3CHttpResponseCodec.java:52)
	at org.openqa.selenium.remote.HttpCommandExecutor.execute(HttpCommandExecutor.java:161)
	at org.openqa.selenium.remote.service.DriverCommandExecutor.execute(DriverCommandExecutor.java:83)
	at org.openqa.selenium.remote.RemoteWebDriver.execute(RemoteWebDriver.java:576)
	at org.openqa.selenium.remote.RemoteWebElement.execute(RemoteWebElement.java:308)
	at org.openqa.selenium.remote.RemoteWebElement.click(RemoteWebElement.java:83)
	at pagesOfYasasiiWeb.dental_yasassiWeb.master(dental_yasassiWeb.java:148)
	at pagesTestCasesYasasiiWeb.Dental_testcase.master(Dental_testcase.java:58)
	at java.base/jdk.internal.reflect.DirectMethodHandleAccessor.invoke(DirectMethodHandleAccessor.java:104)
	at java.base/java.lang.reflect.Method.invoke(Method.java:577)
	at org.testng.internal.MethodInvocationHelper.invokeMethod(MethodInvocationHelper.java:132)
	at org.testng.internal.TestInvoker.invokeMethod(TestInvoker.java:599)
	at org.testng.internal.TestInvoker.invokeTestMethod(TestInvoker.java:174)
	at org.testng.internal.MethodRunner.runInSequence(MethodRunner.java:46)
	at org.testng.internal.TestInvoker$MethodInvocationAgent.invoke(TestInvoker.java:822)
	at org.testng.internal.TestInvoker.invokeTestMethods(TestInvoker.java:147)
	at org.testng.internal.TestMethodWorker.invokeTestMethods(TestMethodWorker.java:146)
	at org.testng.internal.TestMethodWorker.run(TestMethodWorker.java:128)
	at java.base/java.util.ArrayList.forEach(ArrayList.java:1511)
	at org.testng.TestRunner.privateRun(TestRunner.java:764)
	at org.testng.TestRunner.run(TestRunner.java:585)
	at org.testng.SuiteRunner.runTest(SuiteRunner.java:384)
	at org.testng.SuiteRunner.runSequentially(SuiteRunner.java:378)
	at org.testng.SuiteRunner.privateRun(SuiteRunner.java:337)
	at org.testng.SuiteRunner.run(SuiteRunner.java:286)
	at org.testng.SuiteRunnerWorker.runSuite(SuiteRunnerWorker.java:53)
	at org.testng.SuiteRunnerWorker.run(SuiteRunnerWorker.java:96)
	at org.testng.TestNG.runSuitesSequentially(TestNG.java:1218)
	at org.testng.TestNG.runSuitesLocally(TestNG.java:1140)
	at org.testng.TestNG.runSuites(TestNG.java:1069)
	at org.testng.TestNG.run(TestNG.java:1037)
	at org.testng.remote.AbstractRemoteTestNG.run(AbstractRemoteTestNG.java:115)
	at org.testng.remote.RemoteTestNG.initAndRun(RemoteTestNG.java:251)
	at org.testng.remote.RemoteTestNG.main(RemoteTestNG.java:77)
</pre></div><a href='#' onClick='toggleBox("stack-trace1068754112", this, "Click to show all stack frames", "Click to hide stack frames")'>Click to show all stack frames</a>
<div class='stack-trace' id='stack-trace1068754112'><pre>org.openqa.selenium.ElementClickInterceptedException: element click intercepted: Element &lt;button _ngcontent-jfi-c38=&quot;&quot; class=&quot;btn btn-red clear&quot; type=&quot;button&quot;&gt;...&lt;/button&gt; is not clickable at point (1300, 591). Other element would receive the click: &lt;div class=&quot;menu-overlay&quot;&gt;&lt;/div&gt;
  (Session info: chrome=109.0.5414.75)
Build info: version: &apos;4.0.0-alpha-3&apos;, revision: &apos;8c567de6dc&apos;
System info: host: &apos;KI54&apos;, ip: &apos;192.168.0.54&apos;, os.name: &apos;Windows 10&apos;, os.arch: &apos;amd64&apos;, os.version: &apos;10.0&apos;, java.version: &apos;18.0.1&apos;
Driver info: org.openqa.selenium.chrome.ChromeDriver
Capabilities {acceptInsecureCerts: false, browserName: chrome, browserVersion: 109.0.5414.75, chrome: {chromedriverVersion: 109.0.5414.74 (e7c5703604da..., userDataDir: C:\Users\sriram\AppData\Loc...}, goog:chromeOptions: {debuggerAddress: localhost:59829}, javascriptEnabled: true, networkConnectionEnabled: false, pageLoadStrategy: normal, platform: WINDOWS, platformName: WINDOWS, proxy: Proxy(), setWindowRect: true, strictFileInteractability: false, timeouts: {implicit: 0, pageLoad: 300000, script: 30000}, unhandledPromptBehavior: dismiss and notify, webauthn:extension:credBlob: true, webauthn:extension:largeBlob: true, webauthn:virtualAuthenticators: true}
Session ID: 2c084ad0bdcbdc39fa4eeaf558f94183
	at java.base/jdk.internal.reflect.DirectConstructorHandleAccessor.newInstance(DirectConstructorHandleAccessor.java:67)
	at java.base/java.lang.reflect.Constructor.newInstanceWithCaller(Constructor.java:499)
	at java.base/java.lang.reflect.Constructor.newInstance(Constructor.java:483)
	at org.openqa.selenium.remote.codec.w3c.W3CHttpResponseCodec.createException(W3CHttpResponseCodec.java:191)
	at org.openqa.selenium.remote.codec.w3c.W3CHttpResponseCodec.decode(W3CHttpResponseCodec.java:125)
	at org.openqa.selenium.remote.codec.w3c.W3CHttpResponseCodec.decode(W3CHttpResponseCodec.java:52)
	at org.openqa.selenium.remote.HttpCommandExecutor.execute(HttpCommandExecutor.java:161)
	at org.openqa.selenium.remote.service.DriverCommandExecutor.execute(DriverCommandExecutor.java:83)
	at org.openqa.selenium.remote.RemoteWebDriver.execute(RemoteWebDriver.java:576)
	at org.openqa.selenium.remote.RemoteWebElement.execute(RemoteWebElement.java:308)
	at org.openqa.selenium.remote.RemoteWebElement.click(RemoteWebElement.java:83)
	at pagesOfYasasiiWeb.dental_yasassiWeb.master(dental_yasassiWeb.java:148)
	at pagesTestCasesYasasiiWeb.Dental_testcase.master(Dental_testcase.java:58)
	at java.base/jdk.internal.reflect.DirectMethodHandleAccessor.invoke(DirectMethodHandleAccessor.java:104)
	at java.base/java.lang.reflect.Method.invoke(Method.java:577)
	at org.testng.internal.MethodInvocationHelper.invokeMethod(MethodInvocationHelper.java:132)
	at org.testng.internal.TestInvoker.invokeMethod(TestInvoker.java:599)
	at org.testng.internal.TestInvoker.invokeTestMethod(TestInvoker.java:174)
	at org.testng.internal.MethodRunner.runInSequence(MethodRunner.java:46)
	at org.testng.internal.TestInvoker$MethodInvocationAgent.invoke(TestInvoker.java:822)
	at org.testng.internal.TestInvoker.invokeTestMethods(TestInvoker.java:147)
	at org.testng.internal.TestMethodWorker.invokeTestMethods(TestMethodWorker.java:146)
	at org.testng.internal.TestMethodWorker.run(TestMethodWorker.java:128)
	at java.base/java.util.ArrayList.forEach(ArrayList.java:1511)
	at org.testng.TestRunner.privateRun(TestRunner.java:764)
	at org.testng.TestRunner.run(TestRunner.java:585)
	at org.testng.SuiteRunner.runTest(SuiteRunner.java:384)
	at org.testng.SuiteRunner.runSequentially(SuiteRunner.java:378)
	at org.testng.SuiteRunner.privateRun(SuiteRunner.java:337)
	at org.testng.SuiteRunner.run(SuiteRunner.java:286)
	at org.testng.SuiteRunnerWorker.runSuite(SuiteRunnerWorker.java:53)
	at org.testng.SuiteRunnerWorker.run(SuiteRunnerWorker.java:96)
	at org.testng.TestNG.runSuitesSequentially(TestNG.java:1218)
	at org.testng.TestNG.runSuitesLocally(TestNG.java:1140)
	at org.testng.TestNG.runSuites(TestNG.java:1069)
	at org.testng.TestNG.run(TestNG.java:1037)
	at org.testng.remote.AbstractRemoteTestNG.run(AbstractRemoteTestNG.java:115)
	at org.testng.remote.RemoteTestNG.initAndRun(RemoteTestNG.java:251)
	at org.testng.remote.RemoteTestNG.main(RemoteTestNG.java:77)
</pre></div></td>
<td>3</td>
<td>pagesTestCasesYasasiiWeb.Dental_testcase@60d1a32f</td></tr>
<tr>
<td title='pagesTestCasesYasasiiWeb.Dental_testcase.master()'><b>master</b><br>Test class: pagesTestCasesYasasiiWeb.Dental_testcase<br>Parameters: , , , , , </td>
<td><div><pre>org.openqa.selenium.ElementClickInterceptedException: element click intercepted: Element &lt;button _ngcontent-jfi-c38=&quot;&quot; class=&quot;btn btn-red clear&quot; type=&quot;button&quot;&gt;...&lt;/button&gt; is not clickable at point (1300, 591). Other element would receive the click: &lt;div class=&quot;menu-overlay&quot;&gt;&lt;/div&gt;
  (Session info: chrome=109.0.5414.75)
Build info: version: &apos;4.0.0-alpha-3&apos;, revision: &apos;8c567de6dc&apos;
System info: host: &apos;KI54&apos;, ip: &apos;192.168.0.54&apos;, os.name: &apos;Windows 10&apos;, os.arch: &apos;amd64&apos;, os.version: &apos;10.0&apos;, java.version: &apos;18.0.1&apos;
Driver info: org.openqa.selenium.chrome.ChromeDriver
Capabilities {acceptInsecureCerts: false, browserName: chrome, browserVersion: 109.0.5414.75, chrome: {chromedriverVersion: 109.0.5414.74 (e7c5703604da..., userDataDir: C:\Users\sriram\AppData\Loc...}, goog:chromeOptions: {debuggerAddress: localhost:59829}, javascriptEnabled: true, networkConnectionEnabled: false, pageLoadStrategy: normal, platform: WINDOWS, platformName: WINDOWS, proxy: Proxy(), setWindowRect: true, strictFileInteractability: false, timeouts: {implicit: 0, pageLoad: 300000, script: 30000}, unhandledPromptBehavior: dismiss and notify, webauthn:extension:credBlob: true, webauthn:extension:largeBlob: true, webauthn:virtualAuthenticators: true}
Session ID: 2c084ad0bdcbdc39fa4eeaf558f94183
	at java.base/jdk.internal.reflect.DirectConstructorHandleAccessor.newInstance(DirectConstructorHandleAccessor.java:67)
	at java.base/java.lang.reflect.Constructor.newInstanceWithCaller(Constructor.java:499)
	at java.base/java.lang.reflect.Constructor.newInstance(Constructor.java:483)
	at org.openqa.selenium.remote.codec.w3c.W3CHttpResponseCodec.createException(W3CHttpResponseCodec.java:191)
	at org.openqa.selenium.remote.codec.w3c.W3CHttpResponseCodec.decode(W3CHttpResponseCodec.java:125)
	at org.openqa.selenium.remote.codec.w3c.W3CHttpResponseCodec.decode(W3CHttpResponseCodec.java:52)
	at org.openqa.selenium.remote.HttpCommandExecutor.execute(HttpCommandExecutor.java:161)
	at org.openqa.selenium.remote.service.DriverCommandExecutor.execute(DriverCommandExecutor.java:83)
	at org.openqa.selenium.remote.RemoteWebDriver.execute(RemoteWebDriver.java:576)
	at org.openqa.selenium.remote.RemoteWebElement.execute(RemoteWebElement.java:308)
	at org.openqa.selenium.remote.RemoteWebElement.click(RemoteWebElement.java:83)
	at pagesOfYasasiiWeb.dental_yasassiWeb.master(dental_yasassiWeb.java:148)
	at pagesTestCasesYasasiiWeb.Dental_testcase.master(Dental_testcase.java:58)
	at java.base/jdk.internal.reflect.DirectMethodHandleAccessor.invoke(DirectMethodHandleAccessor.java:104)
	at java.base/java.lang.reflect.Method.invoke(Method.java:577)
	at org.testng.internal.MethodInvocationHelper.invokeMethod(MethodInvocationHelper.java:132)
	at org.testng.internal.TestInvoker.invokeMethod(TestInvoker.java:599)
	at org.testng.internal.TestInvoker.invokeTestMethod(TestInvoker.java:174)
	at org.testng.internal.MethodRunner.runInSequence(MethodRunner.java:46)
	at org.testng.internal.TestInvoker$MethodInvocationAgent.invoke(TestInvoker.java:822)
	at org.testng.internal.TestInvoker.invokeTestMethods(TestInvoker.java:147)
	at org.testng.internal.TestMethodWorker.invokeTestMethods(TestMethodWorker.java:146)
	at org.testng.internal.TestMethodWorker.run(TestMethodWorker.java:128)
	at java.base/java.util.ArrayList.forEach(ArrayList.java:1511)
	at org.testng.TestRunner.privateRun(TestRunner.java:764)
	at org.testng.TestRunner.run(TestRunner.java:585)
	at org.testng.SuiteRunner.runTest(SuiteRunner.java:384)
	at org.testng.SuiteRunner.runSequentially(SuiteRunner.java:378)
	at org.testng.SuiteRunner.privateRun(SuiteRunner.java:337)
	at org.testng.SuiteRunner.run(SuiteRunner.java:286)
	at org.testng.SuiteRunnerWorker.runSuite(SuiteRunnerWorker.java:53)
	at org.testng.SuiteRunnerWorker.run(SuiteRunnerWorker.java:96)
	at org.testng.TestNG.runSuitesSequentially(TestNG.java:1218)
	at org.testng.TestNG.runSuitesLocally(TestNG.java:1140)
	at org.testng.TestNG.runSuites(TestNG.java:1069)
	at org.testng.TestNG.run(TestNG.java:1037)
	at org.testng.remote.AbstractRemoteTestNG.run(AbstractRemoteTestNG.java:115)
	at org.testng.remote.RemoteTestNG.initAndRun(RemoteTestNG.java:251)
	at org.testng.remote.RemoteTestNG.main(RemoteTestNG.java:77)
</pre></div><a href='#' onClick='toggleBox("stack-trace1079528191", this, "Click to show all stack frames", "Click to hide stack frames")'>Click to show all stack frames</a>
<div class='stack-trace' id='stack-trace1079528191'><pre>org.openqa.selenium.ElementClickInterceptedException: element click intercepted: Element &lt;button _ngcontent-jfi-c38=&quot;&quot; class=&quot;btn btn-red clear&quot; type=&quot;button&quot;&gt;...&lt;/button&gt; is not clickable at point (1300, 591). Other element would receive the click: &lt;div class=&quot;menu-overlay&quot;&gt;&lt;/div&gt;
  (Session info: chrome=109.0.5414.75)
Build info: version: &apos;4.0.0-alpha-3&apos;, revision: &apos;8c567de6dc&apos;
System info: host: &apos;KI54&apos;, ip: &apos;192.168.0.54&apos;, os.name: &apos;Windows 10&apos;, os.arch: &apos;amd64&apos;, os.version: &apos;10.0&apos;, java.version: &apos;18.0.1&apos;
Driver info: org.openqa.selenium.chrome.ChromeDriver
Capabilities {acceptInsecureCerts: false, browserName: chrome, browserVersion: 109.0.5414.75, chrome: {chromedriverVersion: 109.0.5414.74 (e7c5703604da..., userDataDir: C:\Users\sriram\AppData\Loc...}, goog:chromeOptions: {debuggerAddress: localhost:59829}, javascriptEnabled: true, networkConnectionEnabled: false, pageLoadStrategy: normal, platform: WINDOWS, platformName: WINDOWS, proxy: Proxy(), setWindowRect: true, strictFileInteractability: false, timeouts: {implicit: 0, pageLoad: 300000, script: 30000}, unhandledPromptBehavior: dismiss and notify, webauthn:extension:credBlob: true, webauthn:extension:largeBlob: true, webauthn:virtualAuthenticators: true}
Session ID: 2c084ad0bdcbdc39fa4eeaf558f94183
	at java.base/jdk.internal.reflect.DirectConstructorHandleAccessor.newInstance(DirectConstructorHandleAccessor.java:67)
	at java.base/java.lang.reflect.Constructor.newInstanceWithCaller(Constructor.java:499)
	at java.base/java.lang.reflect.Constructor.newInstance(Constructor.java:483)
	at org.openqa.selenium.remote.codec.w3c.W3CHttpResponseCodec.createException(W3CHttpResponseCodec.java:191)
	at org.openqa.selenium.remote.codec.w3c.W3CHttpResponseCodec.decode(W3CHttpResponseCodec.java:125)
	at org.openqa.selenium.remote.codec.w3c.W3CHttpResponseCodec.decode(W3CHttpResponseCodec.java:52)
	at org.openqa.selenium.remote.HttpCommandExecutor.execute(HttpCommandExecutor.java:161)
	at org.openqa.selenium.remote.service.DriverCommandExecutor.execute(DriverCommandExecutor.java:83)
	at org.openqa.selenium.remote.RemoteWebDriver.execute(RemoteWebDriver.java:576)
	at org.openqa.selenium.remote.RemoteWebElement.execute(RemoteWebElement.java:308)
	at org.openqa.selenium.remote.RemoteWebElement.click(RemoteWebElement.java:83)
	at pagesOfYasasiiWeb.dental_yasassiWeb.master(dental_yasassiWeb.java:148)
	at pagesTestCasesYasasiiWeb.Dental_testcase.master(Dental_testcase.java:58)
	at java.base/jdk.internal.reflect.DirectMethodHandleAccessor.invoke(DirectMethodHandleAccessor.java:104)
	at java.base/java.lang.reflect.Method.invoke(Method.java:577)
	at org.testng.internal.MethodInvocationHelper.invokeMethod(MethodInvocationHelper.java:132)
	at org.testng.internal.TestInvoker.invokeMethod(TestInvoker.java:599)
	at org.testng.internal.TestInvoker.invokeTestMethod(TestInvoker.java:174)
	at org.testng.internal.MethodRunner.runInSequence(MethodRunner.java:46)
	at org.testng.internal.TestInvoker$MethodInvocationAgent.invoke(TestInvoker.java:822)
	at org.testng.internal.TestInvoker.invokeTestMethods(TestInvoker.java:147)
	at org.testng.internal.TestMethodWorker.invokeTestMethods(TestMethodWorker.java:146)
	at org.testng.internal.TestMethodWorker.run(TestMethodWorker.java:128)
	at java.base/java.util.ArrayList.forEach(ArrayList.java:1511)
	at org.testng.TestRunner.privateRun(TestRunner.java:764)
	at org.testng.TestRunner.run(TestRunner.java:585)
	at org.testng.SuiteRunner.runTest(SuiteRunner.java:384)
	at org.testng.SuiteRunner.runSequentially(SuiteRunner.java:378)
	at org.testng.SuiteRunner.privateRun(SuiteRunner.java:337)
	at org.testng.SuiteRunner.run(SuiteRunner.java:286)
	at org.testng.SuiteRunnerWorker.runSuite(SuiteRunnerWorker.java:53)
	at org.testng.SuiteRunnerWorker.run(SuiteRunnerWorker.java:96)
	at org.testng.TestNG.runSuitesSequentially(TestNG.java:1218)
	at org.testng.TestNG.runSuitesLocally(TestNG.java:1140)
	at org.testng.TestNG.runSuites(TestNG.java:1069)
	at org.testng.TestNG.run(TestNG.java:1037)
	at org.testng.remote.AbstractRemoteTestNG.run(AbstractRemoteTestNG.java:115)
	at org.testng.remote.RemoteTestNG.initAndRun(RemoteTestNG.java:251)
	at org.testng.remote.RemoteTestNG.main(RemoteTestNG.java:77)
</pre></div></td>
<td>3</td>
<td>pagesTestCasesYasasiiWeb.Dental_testcase@60d1a32f</td></tr>
<tr>
<td title='pagesTestCasesYasasiiWeb.Dental_testcase.master()'><b>master</b><br>Test class: pagesTestCasesYasasiiWeb.Dental_testcase<br>Parameters: , , , , , </td>
<td><div><pre>org.openqa.selenium.ElementClickInterceptedException: element click intercepted: Element &lt;button _ngcontent-jfi-c38=&quot;&quot; class=&quot;btn btn-red clear&quot; type=&quot;button&quot;&gt;...&lt;/button&gt; is not clickable at point (1300, 591). Other element would receive the click: &lt;div class=&quot;menu-overlay&quot;&gt;&lt;/div&gt;
  (Session info: chrome=109.0.5414.75)
Build info: version: &apos;4.0.0-alpha-3&apos;, revision: &apos;8c567de6dc&apos;
System info: host: &apos;KI54&apos;, ip: &apos;192.168.0.54&apos;, os.name: &apos;Windows 10&apos;, os.arch: &apos;amd64&apos;, os.version: &apos;10.0&apos;, java.version: &apos;18.0.1&apos;
Driver info: org.openqa.selenium.chrome.ChromeDriver
Capabilities {acceptInsecureCerts: false, browserName: chrome, browserVersion: 109.0.5414.75, chrome: {chromedriverVersion: 109.0.5414.74 (e7c5703604da..., userDataDir: C:\Users\sriram\AppData\Loc...}, goog:chromeOptions: {debuggerAddress: localhost:59829}, javascriptEnabled: true, networkConnectionEnabled: false, pageLoadStrategy: normal, platform: WINDOWS, platformName: WINDOWS, proxy: Proxy(), setWindowRect: true, strictFileInteractability: false, timeouts: {implicit: 0, pageLoad: 300000, script: 30000}, unhandledPromptBehavior: dismiss and notify, webauthn:extension:credBlob: true, webauthn:extension:largeBlob: true, webauthn:virtualAuthenticators: true}
Session ID: 2c084ad0bdcbdc39fa4eeaf558f94183
	at java.base/jdk.internal.reflect.DirectConstructorHandleAccessor.newInstance(DirectConstructorHandleAccessor.java:67)
	at java.base/java.lang.reflect.Constructor.newInstanceWithCaller(Constructor.java:499)
	at java.base/java.lang.reflect.Constructor.newInstance(Constructor.java:483)
	at org.openqa.selenium.remote.codec.w3c.W3CHttpResponseCodec.createException(W3CHttpResponseCodec.java:191)
	at org.openqa.selenium.remote.codec.w3c.W3CHttpResponseCodec.decode(W3CHttpResponseCodec.java:125)
	at org.openqa.selenium.remote.codec.w3c.W3CHttpResponseCodec.decode(W3CHttpResponseCodec.java:52)
	at org.openqa.selenium.remote.HttpCommandExecutor.execute(HttpCommandExecutor.java:161)
	at org.openqa.selenium.remote.service.DriverCommandExecutor.execute(DriverCommandExecutor.java:83)
	at org.openqa.selenium.remote.RemoteWebDriver.execute(RemoteWebDriver.java:576)
	at org.openqa.selenium.remote.RemoteWebElement.execute(RemoteWebElement.java:308)
	at org.openqa.selenium.remote.RemoteWebElement.click(RemoteWebElement.java:83)
	at pagesOfYasasiiWeb.dental_yasassiWeb.master(dental_yasassiWeb.java:148)
	at pagesTestCasesYasasiiWeb.Dental_testcase.master(Dental_testcase.java:58)
	at java.base/jdk.internal.reflect.DirectMethodHandleAccessor.invoke(DirectMethodHandleAccessor.java:104)
	at java.base/java.lang.reflect.Method.invoke(Method.java:577)
	at org.testng.internal.MethodInvocationHelper.invokeMethod(MethodInvocationHelper.java:132)
	at org.testng.internal.TestInvoker.invokeMethod(TestInvoker.java:599)
	at org.testng.internal.TestInvoker.invokeTestMethod(TestInvoker.java:174)
	at org.testng.internal.MethodRunner.runInSequence(MethodRunner.java:46)
	at org.testng.internal.TestInvoker$MethodInvocationAgent.invoke(TestInvoker.java:822)
	at org.testng.internal.TestInvoker.invokeTestMethods(TestInvoker.java:147)
	at org.testng.internal.TestMethodWorker.invokeTestMethods(TestMethodWorker.java:146)
	at org.testng.internal.TestMethodWorker.run(TestMethodWorker.java:128)
	at java.base/java.util.ArrayList.forEach(ArrayList.java:1511)
	at org.testng.TestRunner.privateRun(TestRunner.java:764)
	at org.testng.TestRunner.run(TestRunner.java:585)
	at org.testng.SuiteRunner.runTest(SuiteRunner.java:384)
	at org.testng.SuiteRunner.runSequentially(SuiteRunner.java:378)
	at org.testng.SuiteRunner.privateRun(SuiteRunner.java:337)
	at org.testng.SuiteRunner.run(SuiteRunner.java:286)
	at org.testng.SuiteRunnerWorker.runSuite(SuiteRunnerWorker.java:53)
	at org.testng.SuiteRunnerWorker.run(SuiteRunnerWorker.java:96)
	at org.testng.TestNG.runSuitesSequentially(TestNG.java:1218)
	at org.testng.TestNG.runSuitesLocally(TestNG.java:1140)
	at org.testng.TestNG.runSuites(TestNG.java:1069)
	at org.testng.TestNG.run(TestNG.java:1037)
	at org.testng.remote.AbstractRemoteTestNG.run(AbstractRemoteTestNG.java:115)
	at org.testng.remote.RemoteTestNG.initAndRun(RemoteTestNG.java:251)
	at org.testng.remote.RemoteTestNG.main(RemoteTestNG.java:77)
</pre></div><a href='#' onClick='toggleBox("stack-trace2017733570", this, "Click to show all stack frames", "Click to hide stack frames")'>Click to show all stack frames</a>
<div class='stack-trace' id='stack-trace2017733570'><pre>org.openqa.selenium.ElementClickInterceptedException: element click intercepted: Element &lt;button _ngcontent-jfi-c38=&quot;&quot; class=&quot;btn btn-red clear&quot; type=&quot;button&quot;&gt;...&lt;/button&gt; is not clickable at point (1300, 591). Other element would receive the click: &lt;div class=&quot;menu-overlay&quot;&gt;&lt;/div&gt;
  (Session info: chrome=109.0.5414.75)
Build info: version: &apos;4.0.0-alpha-3&apos;, revision: &apos;8c567de6dc&apos;
System info: host: &apos;KI54&apos;, ip: &apos;192.168.0.54&apos;, os.name: &apos;Windows 10&apos;, os.arch: &apos;amd64&apos;, os.version: &apos;10.0&apos;, java.version: &apos;18.0.1&apos;
Driver info: org.openqa.selenium.chrome.ChromeDriver
Capabilities {acceptInsecureCerts: false, browserName: chrome, browserVersion: 109.0.5414.75, chrome: {chromedriverVersion: 109.0.5414.74 (e7c5703604da..., userDataDir: C:\Users\sriram\AppData\Loc...}, goog:chromeOptions: {debuggerAddress: localhost:59829}, javascriptEnabled: true, networkConnectionEnabled: false, pageLoadStrategy: normal, platform: WINDOWS, platformName: WINDOWS, proxy: Proxy(), setWindowRect: true, strictFileInteractability: false, timeouts: {implicit: 0, pageLoad: 300000, script: 30000}, unhandledPromptBehavior: dismiss and notify, webauthn:extension:credBlob: true, webauthn:extension:largeBlob: true, webauthn:virtualAuthenticators: true}
Session ID: 2c084ad0bdcbdc39fa4eeaf558f94183
	at java.base/jdk.internal.reflect.DirectConstructorHandleAccessor.newInstance(DirectConstructorHandleAccessor.java:67)
	at java.base/java.lang.reflect.Constructor.newInstanceWithCaller(Constructor.java:499)
	at java.base/java.lang.reflect.Constructor.newInstance(Constructor.java:483)
	at org.openqa.selenium.remote.codec.w3c.W3CHttpResponseCodec.createException(W3CHttpResponseCodec.java:191)
	at org.openqa.selenium.remote.codec.w3c.W3CHttpResponseCodec.decode(W3CHttpResponseCodec.java:125)
	at org.openqa.selenium.remote.codec.w3c.W3CHttpResponseCodec.decode(W3CHttpResponseCodec.java:52)
	at org.openqa.selenium.remote.HttpCommandExecutor.execute(HttpCommandExecutor.java:161)
	at org.openqa.selenium.remote.service.DriverCommandExecutor.execute(DriverCommandExecutor.java:83)
	at org.openqa.selenium.remote.RemoteWebDriver.execute(RemoteWebDriver.java:576)
	at org.openqa.selenium.remote.RemoteWebElement.execute(RemoteWebElement.java:308)
	at org.openqa.selenium.remote.RemoteWebElement.click(RemoteWebElement.java:83)
	at pagesOfYasasiiWeb.dental_yasassiWeb.master(dental_yasassiWeb.java:148)
	at pagesTestCasesYasasiiWeb.Dental_testcase.master(Dental_testcase.java:58)
	at java.base/jdk.internal.reflect.DirectMethodHandleAccessor.invoke(DirectMethodHandleAccessor.java:104)
	at java.base/java.lang.reflect.Method.invoke(Method.java:577)
	at org.testng.internal.MethodInvocationHelper.invokeMethod(MethodInvocationHelper.java:132)
	at org.testng.internal.TestInvoker.invokeMethod(TestInvoker.java:599)
	at org.testng.internal.TestInvoker.invokeTestMethod(TestInvoker.java:174)
	at org.testng.internal.MethodRunner.runInSequence(MethodRunner.java:46)
	at org.testng.internal.TestInvoker$MethodInvocationAgent.invoke(TestInvoker.java:822)
	at org.testng.internal.TestInvoker.invokeTestMethods(TestInvoker.java:147)
	at org.testng.internal.TestMethodWorker.invokeTestMethods(TestMethodWorker.java:146)
	at org.testng.internal.TestMethodWorker.run(TestMethodWorker.java:128)
	at java.base/java.util.ArrayList.forEach(ArrayList.java:1511)
	at org.testng.TestRunner.privateRun(TestRunner.java:764)
	at org.testng.TestRunner.run(TestRunner.java:585)
	at org.testng.SuiteRunner.runTest(SuiteRunner.java:384)
	at org.testng.SuiteRunner.runSequentially(SuiteRunner.java:378)
	at org.testng.SuiteRunner.privateRun(SuiteRunner.java:337)
	at org.testng.SuiteRunner.run(SuiteRunner.java:286)
	at org.testng.SuiteRunnerWorker.runSuite(SuiteRunnerWorker.java:53)
	at org.testng.SuiteRunnerWorker.run(SuiteRunnerWorker.java:96)
	at org.testng.TestNG.runSuitesSequentially(TestNG.java:1218)
	at org.testng.TestNG.runSuitesLocally(TestNG.java:1140)
	at org.testng.TestNG.runSuites(TestNG.java:1069)
	at org.testng.TestNG.run(TestNG.java:1037)
	at org.testng.remote.AbstractRemoteTestNG.run(AbstractRemoteTestNG.java:115)
	at org.testng.remote.RemoteTestNG.initAndRun(RemoteTestNG.java:251)
	at org.testng.remote.RemoteTestNG.main(RemoteTestNG.java:77)
</pre></div></td>
<td>3</td>
<td>pagesTestCasesYasasiiWeb.Dental_testcase@60d1a32f</td></tr>
<tr>
<td title='pagesTestCasesYasasiiWeb.Dental_testcase.master()'><b>master</b><br>Test class: pagesTestCasesYasasiiWeb.Dental_testcase<br>Parameters: , , , , , </td>
<td><div><pre>org.openqa.selenium.ElementClickInterceptedException: element click intercepted: Element &lt;button _ngcontent-jfi-c38=&quot;&quot; class=&quot;btn btn-red clear&quot; type=&quot;button&quot;&gt;...&lt;/button&gt; is not clickable at point (1300, 591). Other element would receive the click: &lt;div class=&quot;menu-overlay&quot;&gt;&lt;/div&gt;
  (Session info: chrome=109.0.5414.75)
Build info: version: &apos;4.0.0-alpha-3&apos;, revision: &apos;8c567de6dc&apos;
System info: host: &apos;KI54&apos;, ip: &apos;192.168.0.54&apos;, os.name: &apos;Windows 10&apos;, os.arch: &apos;amd64&apos;, os.version: &apos;10.0&apos;, java.version: &apos;18.0.1&apos;
Driver info: org.openqa.selenium.chrome.ChromeDriver
Capabilities {acceptInsecureCerts: false, browserName: chrome, browserVersion: 109.0.5414.75, chrome: {chromedriverVersion: 109.0.5414.74 (e7c5703604da..., userDataDir: C:\Users\sriram\AppData\Loc...}, goog:chromeOptions: {debuggerAddress: localhost:59829}, javascriptEnabled: true, networkConnectionEnabled: false, pageLoadStrategy: normal, platform: WINDOWS, platformName: WINDOWS, proxy: Proxy(), setWindowRect: true, strictFileInteractability: false, timeouts: {implicit: 0, pageLoad: 300000, script: 30000}, unhandledPromptBehavior: dismiss and notify, webauthn:extension:credBlob: true, webauthn:extension:largeBlob: true, webauthn:virtualAuthenticators: true}
Session ID: 2c084ad0bdcbdc39fa4eeaf558f94183
	at java.base/jdk.internal.reflect.DirectConstructorHandleAccessor.newInstance(DirectConstructorHandleAccessor.java:67)
	at java.base/java.lang.reflect.Constructor.newInstanceWithCaller(Constructor.java:499)
	at java.base/java.lang.reflect.Constructor.newInstance(Constructor.java:483)
	at org.openqa.selenium.remote.codec.w3c.W3CHttpResponseCodec.createException(W3CHttpResponseCodec.java:191)
	at org.openqa.selenium.remote.codec.w3c.W3CHttpResponseCodec.decode(W3CHttpResponseCodec.java:125)
	at org.openqa.selenium.remote.codec.w3c.W3CHttpResponseCodec.decode(W3CHttpResponseCodec.java:52)
	at org.openqa.selenium.remote.HttpCommandExecutor.execute(HttpCommandExecutor.java:161)
	at org.openqa.selenium.remote.service.DriverCommandExecutor.execute(DriverCommandExecutor.java:83)
	at org.openqa.selenium.remote.RemoteWebDriver.execute(RemoteWebDriver.java:576)
	at org.openqa.selenium.remote.RemoteWebElement.execute(RemoteWebElement.java:308)
	at org.openqa.selenium.remote.RemoteWebElement.click(RemoteWebElement.java:83)
	at pagesOfYasasiiWeb.dental_yasassiWeb.master(dental_yasassiWeb.java:148)
	at pagesTestCasesYasasiiWeb.Dental_testcase.master(Dental_testcase.java:58)
	at java.base/jdk.internal.reflect.DirectMethodHandleAccessor.invoke(DirectMethodHandleAccessor.java:104)
	at java.base/java.lang.reflect.Method.invoke(Method.java:577)
	at org.testng.internal.MethodInvocationHelper.invokeMethod(MethodInvocationHelper.java:132)
	at org.testng.internal.TestInvoker.invokeMethod(TestInvoker.java:599)
	at org.testng.internal.TestInvoker.invokeTestMethod(TestInvoker.java:174)
	at org.testng.internal.MethodRunner.runInSequence(MethodRunner.java:46)
	at org.testng.internal.TestInvoker$MethodInvocationAgent.invoke(TestInvoker.java:822)
	at org.testng.internal.TestInvoker.invokeTestMethods(TestInvoker.java:147)
	at org.testng.internal.TestMethodWorker.invokeTestMethods(TestMethodWorker.java:146)
	at org.testng.internal.TestMethodWorker.run(TestMethodWorker.java:128)
	at java.base/java.util.ArrayList.forEach(ArrayList.java:1511)
	at org.testng.TestRunner.privateRun(TestRunner.java:764)
	at org.testng.TestRunner.run(TestRunner.java:585)
	at org.testng.SuiteRunner.runTest(SuiteRunner.java:384)
	at org.testng.SuiteRunner.runSequentially(SuiteRunner.java:378)
	at org.testng.SuiteRunner.privateRun(SuiteRunner.java:337)
	at org.testng.SuiteRunner.run(SuiteRunner.java:286)
	at org.testng.SuiteRunnerWorker.runSuite(SuiteRunnerWorker.java:53)
	at org.testng.SuiteRunnerWorker.run(SuiteRunnerWorker.java:96)
	at org.testng.TestNG.runSuitesSequentially(TestNG.java:1218)
	at org.testng.TestNG.runSuitesLocally(TestNG.java:1140)
	at org.testng.TestNG.runSuites(TestNG.java:1069)
	at org.testng.TestNG.run(TestNG.java:1037)
	at org.testng.remote.AbstractRemoteTestNG.run(AbstractRemoteTestNG.java:115)
	at org.testng.remote.RemoteTestNG.initAndRun(RemoteTestNG.java:251)
	at org.testng.remote.RemoteTestNG.main(RemoteTestNG.java:77)
</pre></div><a href='#' onClick='toggleBox("stack-trace1027706423", this, "Click to show all stack frames", "Click to hide stack frames")'>Click to show all stack frames</a>
<div class='stack-trace' id='stack-trace1027706423'><pre>org.openqa.selenium.ElementClickInterceptedException: element click intercepted: Element &lt;button _ngcontent-jfi-c38=&quot;&quot; class=&quot;btn btn-red clear&quot; type=&quot;button&quot;&gt;...&lt;/button&gt; is not clickable at point (1300, 591). Other element would receive the click: &lt;div class=&quot;menu-overlay&quot;&gt;&lt;/div&gt;
  (Session info: chrome=109.0.5414.75)
Build info: version: &apos;4.0.0-alpha-3&apos;, revision: &apos;8c567de6dc&apos;
System info: host: &apos;KI54&apos;, ip: &apos;192.168.0.54&apos;, os.name: &apos;Windows 10&apos;, os.arch: &apos;amd64&apos;, os.version: &apos;10.0&apos;, java.version: &apos;18.0.1&apos;
Driver info: org.openqa.selenium.chrome.ChromeDriver
Capabilities {acceptInsecureCerts: false, browserName: chrome, browserVersion: 109.0.5414.75, chrome: {chromedriverVersion: 109.0.5414.74 (e7c5703604da..., userDataDir: C:\Users\sriram\AppData\Loc...}, goog:chromeOptions: {debuggerAddress: localhost:59829}, javascriptEnabled: true, networkConnectionEnabled: false, pageLoadStrategy: normal, platform: WINDOWS, platformName: WINDOWS, proxy: Proxy(), setWindowRect: true, strictFileInteractability: false, timeouts: {implicit: 0, pageLoad: 300000, script: 30000}, unhandledPromptBehavior: dismiss and notify, webauthn:extension:credBlob: true, webauthn:extension:largeBlob: true, webauthn:virtualAuthenticators: true}
Session ID: 2c084ad0bdcbdc39fa4eeaf558f94183
	at java.base/jdk.internal.reflect.DirectConstructorHandleAccessor.newInstance(DirectConstructorHandleAccessor.java:67)
	at java.base/java.lang.reflect.Constructor.newInstanceWithCaller(Constructor.java:499)
	at java.base/java.lang.reflect.Constructor.newInstance(Constructor.java:483)
	at org.openqa.selenium.remote.codec.w3c.W3CHttpResponseCodec.createException(W3CHttpResponseCodec.java:191)
	at org.openqa.selenium.remote.codec.w3c.W3CHttpResponseCodec.decode(W3CHttpResponseCodec.java:125)
	at org.openqa.selenium.remote.codec.w3c.W3CHttpResponseCodec.decode(W3CHttpResponseCodec.java:52)
	at org.openqa.selenium.remote.HttpCommandExecutor.execute(HttpCommandExecutor.java:161)
	at org.openqa.selenium.remote.service.DriverCommandExecutor.execute(DriverCommandExecutor.java:83)
	at org.openqa.selenium.remote.RemoteWebDriver.execute(RemoteWebDriver.java:576)
	at org.openqa.selenium.remote.RemoteWebElement.execute(RemoteWebElement.java:308)
	at org.openqa.selenium.remote.RemoteWebElement.click(RemoteWebElement.java:83)
	at pagesOfYasasiiWeb.dental_yasassiWeb.master(dental_yasassiWeb.java:148)
	at pagesTestCasesYasasiiWeb.Dental_testcase.master(Dental_testcase.java:58)
	at java.base/jdk.internal.reflect.DirectMethodHandleAccessor.invoke(DirectMethodHandleAccessor.java:104)
	at java.base/java.lang.reflect.Method.invoke(Method.java:577)
	at org.testng.internal.MethodInvocationHelper.invokeMethod(MethodInvocationHelper.java:132)
	at org.testng.internal.TestInvoker.invokeMethod(TestInvoker.java:599)
	at org.testng.internal.TestInvoker.invokeTestMethod(TestInvoker.java:174)
	at org.testng.internal.MethodRunner.runInSequence(MethodRunner.java:46)
	at org.testng.internal.TestInvoker$MethodInvocationAgent.invoke(TestInvoker.java:822)
	at org.testng.internal.TestInvoker.invokeTestMethods(TestInvoker.java:147)
	at org.testng.internal.TestMethodWorker.invokeTestMethods(TestMethodWorker.java:146)
	at org.testng.internal.TestMethodWorker.run(TestMethodWorker.java:128)
	at java.base/java.util.ArrayList.forEach(ArrayList.java:1511)
	at org.testng.TestRunner.privateRun(TestRunner.java:764)
	at org.testng.TestRunner.run(TestRunner.java:585)
	at org.testng.SuiteRunner.runTest(SuiteRunner.java:384)
	at org.testng.SuiteRunner.runSequentially(SuiteRunner.java:378)
	at org.testng.SuiteRunner.privateRun(SuiteRunner.java:337)
	at org.testng.SuiteRunner.run(SuiteRunner.java:286)
	at org.testng.SuiteRunnerWorker.runSuite(SuiteRunnerWorker.java:53)
	at org.testng.SuiteRunnerWorker.run(SuiteRunnerWorker.java:96)
	at org.testng.TestNG.runSuitesSequentially(TestNG.java:1218)
	at org.testng.TestNG.runSuitesLocally(TestNG.java:1140)
	at org.testng.TestNG.runSuites(TestNG.java:1069)
	at org.testng.TestNG.run(TestNG.java:1037)
	at org.testng.remote.AbstractRemoteTestNG.run(AbstractRemoteTestNG.java:115)
	at org.testng.remote.RemoteTestNG.initAndRun(RemoteTestNG.java:251)
	at org.testng.remote.RemoteTestNG.main(RemoteTestNG.java:77)
</pre></div></td>
<td>3</td>
<td>pagesTestCasesYasasiiWeb.Dental_testcase@60d1a32f</td></tr>
<tr>
<td title='pagesTestCasesYasasiiWeb.Dental_testcase.master()'><b>master</b><br>Test class: pagesTestCasesYasasiiWeb.Dental_testcase<br>Parameters: , , , , , </td>
<td><div><pre>org.openqa.selenium.ElementClickInterceptedException: element click intercepted: Element &lt;button _ngcontent-jfi-c38=&quot;&quot; class=&quot;btn btn-red clear&quot; type=&quot;button&quot;&gt;...&lt;/button&gt; is not clickable at point (1300, 591). Other element would receive the click: &lt;div class=&quot;menu-overlay&quot;&gt;&lt;/div&gt;
  (Session info: chrome=109.0.5414.75)
Build info: version: &apos;4.0.0-alpha-3&apos;, revision: &apos;8c567de6dc&apos;
System info: host: &apos;KI54&apos;, ip: &apos;192.168.0.54&apos;, os.name: &apos;Windows 10&apos;, os.arch: &apos;amd64&apos;, os.version: &apos;10.0&apos;, java.version: &apos;18.0.1&apos;
Driver info: org.openqa.selenium.chrome.ChromeDriver
Capabilities {acceptInsecureCerts: false, browserName: chrome, browserVersion: 109.0.5414.75, chrome: {chromedriverVersion: 109.0.5414.74 (e7c5703604da..., userDataDir: C:\Users\sriram\AppData\Loc...}, goog:chromeOptions: {debuggerAddress: localhost:59829}, javascriptEnabled: true, networkConnectionEnabled: false, pageLoadStrategy: normal, platform: WINDOWS, platformName: WINDOWS, proxy: Proxy(), setWindowRect: true, strictFileInteractability: false, timeouts: {implicit: 0, pageLoad: 300000, script: 30000}, unhandledPromptBehavior: dismiss and notify, webauthn:extension:credBlob: true, webauthn:extension:largeBlob: true, webauthn:virtualAuthenticators: true}
Session ID: 2c084ad0bdcbdc39fa4eeaf558f94183
	at java.base/jdk.internal.reflect.DirectConstructorHandleAccessor.newInstance(DirectConstructorHandleAccessor.java:67)
	at java.base/java.lang.reflect.Constructor.newInstanceWithCaller(Constructor.java:499)
	at java.base/java.lang.reflect.Constructor.newInstance(Constructor.java:483)
	at org.openqa.selenium.remote.codec.w3c.W3CHttpResponseCodec.createException(W3CHttpResponseCodec.java:191)
	at org.openqa.selenium.remote.codec.w3c.W3CHttpResponseCodec.decode(W3CHttpResponseCodec.java:125)
	at org.openqa.selenium.remote.codec.w3c.W3CHttpResponseCodec.decode(W3CHttpResponseCodec.java:52)
	at org.openqa.selenium.remote.HttpCommandExecutor.execute(HttpCommandExecutor.java:161)
	at org.openqa.selenium.remote.service.DriverCommandExecutor.execute(DriverCommandExecutor.java:83)
	at org.openqa.selenium.remote.RemoteWebDriver.execute(RemoteWebDriver.java:576)
	at org.openqa.selenium.remote.RemoteWebElement.execute(RemoteWebElement.java:308)
	at org.openqa.selenium.remote.RemoteWebElement.click(RemoteWebElement.java:83)
	at pagesOfYasasiiWeb.dental_yasassiWeb.master(dental_yasassiWeb.java:148)
	at pagesTestCasesYasasiiWeb.Dental_testcase.master(Dental_testcase.java:58)
	at java.base/jdk.internal.reflect.DirectMethodHandleAccessor.invoke(DirectMethodHandleAccessor.java:104)
	at java.base/java.lang.reflect.Method.invoke(Method.java:577)
	at org.testng.internal.MethodInvocationHelper.invokeMethod(MethodInvocationHelper.java:132)
	at org.testng.internal.TestInvoker.invokeMethod(TestInvoker.java:599)
	at org.testng.internal.TestInvoker.invokeTestMethod(TestInvoker.java:174)
	at org.testng.internal.MethodRunner.runInSequence(MethodRunner.java:46)
	at org.testng.internal.TestInvoker$MethodInvocationAgent.invoke(TestInvoker.java:822)
	at org.testng.internal.TestInvoker.invokeTestMethods(TestInvoker.java:147)
	at org.testng.internal.TestMethodWorker.invokeTestMethods(TestMethodWorker.java:146)
	at org.testng.internal.TestMethodWorker.run(TestMethodWorker.java:128)
	at java.base/java.util.ArrayList.forEach(ArrayList.java:1511)
	at org.testng.TestRunner.privateRun(TestRunner.java:764)
	at org.testng.TestRunner.run(TestRunner.java:585)
	at org.testng.SuiteRunner.runTest(SuiteRunner.java:384)
	at org.testng.SuiteRunner.runSequentially(SuiteRunner.java:378)
	at org.testng.SuiteRunner.privateRun(SuiteRunner.java:337)
	at org.testng.SuiteRunner.run(SuiteRunner.java:286)
	at org.testng.SuiteRunnerWorker.runSuite(SuiteRunnerWorker.java:53)
	at org.testng.SuiteRunnerWorker.run(SuiteRunnerWorker.java:96)
	at org.testng.TestNG.runSuitesSequentially(TestNG.java:1218)
	at org.testng.TestNG.runSuitesLocally(TestNG.java:1140)
	at org.testng.TestNG.runSuites(TestNG.java:1069)
	at org.testng.TestNG.run(TestNG.java:1037)
	at org.testng.remote.AbstractRemoteTestNG.run(AbstractRemoteTestNG.java:115)
	at org.testng.remote.RemoteTestNG.initAndRun(RemoteTestNG.java:251)
	at org.testng.remote.RemoteTestNG.main(RemoteTestNG.java:77)
</pre></div><a href='#' onClick='toggleBox("stack-trace1858269017", this, "Click to show all stack frames", "Click to hide stack frames")'>Click to show all stack frames</a>
<div class='stack-trace' id='stack-trace1858269017'><pre>org.openqa.selenium.ElementClickInterceptedException: element click intercepted: Element &lt;button _ngcontent-jfi-c38=&quot;&quot; class=&quot;btn btn-red clear&quot; type=&quot;button&quot;&gt;...&lt;/button&gt; is not clickable at point (1300, 591). Other element would receive the click: &lt;div class=&quot;menu-overlay&quot;&gt;&lt;/div&gt;
  (Session info: chrome=109.0.5414.75)
Build info: version: &apos;4.0.0-alpha-3&apos;, revision: &apos;8c567de6dc&apos;
System info: host: &apos;KI54&apos;, ip: &apos;192.168.0.54&apos;, os.name: &apos;Windows 10&apos;, os.arch: &apos;amd64&apos;, os.version: &apos;10.0&apos;, java.version: &apos;18.0.1&apos;
Driver info: org.openqa.selenium.chrome.ChromeDriver
Capabilities {acceptInsecureCerts: false, browserName: chrome, browserVersion: 109.0.5414.75, chrome: {chromedriverVersion: 109.0.5414.74 (e7c5703604da..., userDataDir: C:\Users\sriram\AppData\Loc...}, goog:chromeOptions: {debuggerAddress: localhost:59829}, javascriptEnabled: true, networkConnectionEnabled: false, pageLoadStrategy: normal, platform: WINDOWS, platformName: WINDOWS, proxy: Proxy(), setWindowRect: true, strictFileInteractability: false, timeouts: {implicit: 0, pageLoad: 300000, script: 30000}, unhandledPromptBehavior: dismiss and notify, webauthn:extension:credBlob: true, webauthn:extension:largeBlob: true, webauthn:virtualAuthenticators: true}
Session ID: 2c084ad0bdcbdc39fa4eeaf558f94183
	at java.base/jdk.internal.reflect.DirectConstructorHandleAccessor.newInstance(DirectConstructorHandleAccessor.java:67)
	at java.base/java.lang.reflect.Constructor.newInstanceWithCaller(Constructor.java:499)
	at java.base/java.lang.reflect.Constructor.newInstance(Constructor.java:483)
	at org.openqa.selenium.remote.codec.w3c.W3CHttpResponseCodec.createException(W3CHttpResponseCodec.java:191)
	at org.openqa.selenium.remote.codec.w3c.W3CHttpResponseCodec.decode(W3CHttpResponseCodec.java:125)
	at org.openqa.selenium.remote.codec.w3c.W3CHttpResponseCodec.decode(W3CHttpResponseCodec.java:52)
	at org.openqa.selenium.remote.HttpCommandExecutor.execute(HttpCommandExecutor.java:161)
	at org.openqa.selenium.remote.service.DriverCommandExecutor.execute(DriverCommandExecutor.java:83)
	at org.openqa.selenium.remote.RemoteWebDriver.execute(RemoteWebDriver.java:576)
	at org.openqa.selenium.remote.RemoteWebElement.execute(RemoteWebElement.java:308)
	at org.openqa.selenium.remote.RemoteWebElement.click(RemoteWebElement.java:83)
	at pagesOfYasasiiWeb.dental_yasassiWeb.master(dental_yasassiWeb.java:148)
	at pagesTestCasesYasasiiWeb.Dental_testcase.master(Dental_testcase.java:58)
	at java.base/jdk.internal.reflect.DirectMethodHandleAccessor.invoke(DirectMethodHandleAccessor.java:104)
	at java.base/java.lang.reflect.Method.invoke(Method.java:577)
	at org.testng.internal.MethodInvocationHelper.invokeMethod(MethodInvocationHelper.java:132)
	at org.testng.internal.TestInvoker.invokeMethod(TestInvoker.java:599)
	at org.testng.internal.TestInvoker.invokeTestMethod(TestInvoker.java:174)
	at org.testng.internal.MethodRunner.runInSequence(MethodRunner.java:46)
	at org.testng.internal.TestInvoker$MethodInvocationAgent.invoke(TestInvoker.java:822)
	at org.testng.internal.TestInvoker.invokeTestMethods(TestInvoker.java:147)
	at org.testng.internal.TestMethodWorker.invokeTestMethods(TestMethodWorker.java:146)
	at org.testng.internal.TestMethodWorker.run(TestMethodWorker.java:128)
	at java.base/java.util.ArrayList.forEach(ArrayList.java:1511)
	at org.testng.TestRunner.privateRun(TestRunner.java:764)
	at org.testng.TestRunner.run(TestRunner.java:585)
	at org.testng.SuiteRunner.runTest(SuiteRunner.java:384)
	at org.testng.SuiteRunner.runSequentially(SuiteRunner.java:378)
	at org.testng.SuiteRunner.privateRun(SuiteRunner.java:337)
	at org.testng.SuiteRunner.run(SuiteRunner.java:286)
	at org.testng.SuiteRunnerWorker.runSuite(SuiteRunnerWorker.java:53)
	at org.testng.SuiteRunnerWorker.run(SuiteRunnerWorker.java:96)
	at org.testng.TestNG.runSuitesSequentially(TestNG.java:1218)
	at org.testng.TestNG.runSuitesLocally(TestNG.java:1140)
	at org.testng.TestNG.runSuites(TestNG.java:1069)
	at org.testng.TestNG.run(TestNG.java:1037)
	at org.testng.remote.AbstractRemoteTestNG.run(AbstractRemoteTestNG.java:115)
	at org.testng.remote.RemoteTestNG.initAndRun(RemoteTestNG.java:251)
	at org.testng.remote.RemoteTestNG.main(RemoteTestNG.java:77)
</pre></div></td>
<td>3</td>
<td>pagesTestCasesYasasiiWeb.Dental_testcase@60d1a32f</td></tr>
</table><p>
<table width='100%' border='1' class='invocation-passed'>
<tr><td colspan='4' align='center'><b>PASSED TESTS</b></td></tr>
<tr><td><b>Test method</b></td>
<td width="30%"><b>Exception</b></td>
<td width="10%"><b>Time (seconds)</b></td>
<td><b>Instance</b></td>
</tr>
<tr>
<td title='pagesTestCasesYasasiiWeb.Dental_testcase.master()'><b>master</b><br>Test class: pagesTestCasesYasasiiWeb.Dental_testcase<br>Parameters: , , Brow Lift Botox/ بوتكس الابتسامه اللثوية, Procedure, Derma Services, بوتكس الابتسامه اللثوية</td>
<td></td>
<td>30</td>
<td>pagesTestCasesYasasiiWeb.Dental_testcase@60d1a32f</td></tr>
<tr>
<td title='pagesTestCasesYasasiiWeb.Dental_testcase.master()'><b>master</b><br>Test class: pagesTestCasesYasasiiWeb.Dental_testcase<br>Parameters: , , Cadilla Filler 1ML/ فيلر كاديلا  ١ مللي , Procedure, Derma Services, فيلر كاديلا  ١ مللي </td>
<td></td>
<td>30</td>
<td>pagesTestCasesYasasiiWeb.Dental_testcase@60d1a32f</td></tr>
<tr>
<td title='pagesTestCasesYasasiiWeb.Dental_testcase.master()'><b>master</b><br>Test class: pagesTestCasesYasasiiWeb.Dental_testcase<br>Parameters: , , Cold Iron/ كي بارد, Procedure, Derma Services, كي بارد</td>
<td></td>
<td>28</td>
<td>pagesTestCasesYasasiiWeb.Dental_testcase@60d1a32f</td></tr>
<tr>
<td title='pagesTestCasesYasasiiWeb.Dental_testcase.master()'><b>master</b><br>Test class: pagesTestCasesYasasiiWeb.Dental_testcase<br>Parameters: , , Dematology Checkup / كشف جلدية عام   , Procedure, Derma Services, كشف جلدية عام</td>
<td></td>
<td>29</td>
<td>pagesTestCasesYasasiiWeb.Dental_testcase@60d1a32f</td></tr>
<tr>
<td title='pagesTestCasesYasasiiWeb.Dental_testcase.master()'><b>master</b><br>Test class: pagesTestCasesYasasiiWeb.Dental_testcase<br>Parameters: , , Dream Package/ ١٠ جلسات سعرها ٤٠٠٠, Procedure, Derma Services, ١٠ جلسات سعرها ٤٠٠٠</td>
<td></td>
<td>29</td>
<td>pagesTestCasesYasasiiWeb.Dental_testcase@60d1a32f</td></tr>
<tr>
<td title='pagesTestCasesYasasiiWeb.Dental_testcase.master()'><b>master</b><br>Test class: pagesTestCasesYasasiiWeb.Dental_testcase<br>Parameters: , , Freckle Removal/ ازالة النمش, Procedure, Derma Services, ازالة النمش</td>
<td></td>
<td>29</td>
<td>pagesTestCasesYasasiiWeb.Dental_testcase@60d1a32f</td></tr>
<tr>
<td title='pagesTestCasesYasasiiWeb.Dental_testcase.master()'><b>master</b><br>Test class: pagesTestCasesYasasiiWeb.Dental_testcase<br>Parameters: , , Hydra Facial/ هيدرا فاشيال , Procedure, Derma Services, هيدرا فاشيال</td>
<td></td>
<td>29</td>
<td>pagesTestCasesYasasiiWeb.Dental_testcase@60d1a32f</td></tr>
<tr>
<td title='pagesTestCasesYasasiiWeb.Dental_testcase.master()'><b>master</b><br>Test class: pagesTestCasesYasasiiWeb.Dental_testcase<br>Parameters: , , HydraFacial with scrub 600/ هيدرافيشل مع مقشر, Procedure, Derma Services, هيدرافيشل مع مقشر</td>
<td></td>
<td>30</td>
<td>pagesTestCasesYasasiiWeb.Dental_testcase@60d1a32f</td></tr>
<tr>
<td title='pagesTestCasesYasasiiWeb.Dental_testcase.master()'><b>master</b><br>Test class: pagesTestCasesYasasiiWeb.Dental_testcase<br>Parameters: , , HydraFacial with scrub 600 HydraFacial with Scrub and Collagen/ هيدرافيشل مع مقشر وكولاجين, Procedure, Derma Services, هيدرافيشل مع مقشر وكولاجين</td>
<td></td>
<td>32</td>
<td>pagesTestCasesYasasiiWeb.Dental_testcase@60d1a32f</td></tr>
<tr>
<td title='pagesTestCasesYasasiiWeb.Dental_testcase.master()'><b>master</b><br>Test class: pagesTestCasesYasasiiWeb.Dental_testcase<br>Parameters: , , Hydro Session/ جلسة الهايدرو, Procedure, Derma Services, جلسة الهايدرو</td>
<td></td>
<td>29</td>
<td>pagesTestCasesYasasiiWeb.Dental_testcase@60d1a32f</td></tr>
<tr>
<td title='pagesTestCasesYasasiiWeb.Dental_testcase.master()'><b>master</b><br>Test class: pagesTestCasesYasasiiWeb.Dental_testcase<br>Parameters: , , Laser Cream/ كريم ليزر, Procedure, Derma Services, كريم ليزر</td>
<td></td>
<td>28</td>
<td>pagesTestCasesYasasiiWeb.Dental_testcase@60d1a32f</td></tr>
<tr>
<td title='pagesTestCasesYasasiiWeb.Dental_testcase.master()'><b>master</b><br>Test class: pagesTestCasesYasasiiWeb.Dental_testcase<br>Parameters: , , Lasmed Thalliium Laser/ جلسة لازميد ليزر, Procedure, Derma Services, جلسة لازميد ليزر</td>
<td></td>
<td>29</td>
<td>pagesTestCasesYasasiiWeb.Dental_testcase@60d1a32f</td></tr>
<tr>
<td title='pagesTestCasesYasasiiWeb.Dental_testcase.master()'><b>master</b><br>Test class: pagesTestCasesYasasiiWeb.Dental_testcase<br>Parameters: , , Nose Botox/ بوتكس الانف, Procedure, Derma Services, بوتكس الانف</td>
<td></td>
<td>29</td>
<td>pagesTestCasesYasasiiWeb.Dental_testcase@60d1a32f</td></tr>
<tr>
<td title='pagesTestCasesYasasiiWeb.Dental_testcase.master()'><b>master</b><br>Test class: pagesTestCasesYasasiiWeb.Dental_testcase<br>Parameters: , , Regenera Session/ جلسة ريجينيرا, Procedure, Derma Services, جلسة ريجينيرا</td>
<td></td>
<td>29</td>
<td>pagesTestCasesYasasiiWeb.Dental_testcase@60d1a32f</td></tr>
<tr>
<td title='pagesTestCasesYasasiiWeb.Dental_testcase.master()'><b>master</b><br>Test class: pagesTestCasesYasasiiWeb.Dental_testcase<br>Parameters: , , Remove tattoo with Spectra 500 Gummy Smile Botox/ ازاله اثار بالجلد, Procedure, Derma Services, ازاله اثار بالجلد</td>
<td></td>
<td>30</td>
<td>pagesTestCasesYasasiiWeb.Dental_testcase@60d1a32f</td></tr>
<tr>
<td title='pagesTestCasesYasasiiWeb.Dental_testcase.master()'><b>master</b><br>Test class: pagesTestCasesYasasiiWeb.Dental_testcase<br>Parameters: , , Scarlet Intracell RF/ جلسة سكارليت, Procedure, Derma Services, جلسة سكارليت</td>
<td></td>
<td>29</td>
<td>pagesTestCasesYasasiiWeb.Dental_testcase@60d1a32f</td></tr>
<tr>
<td title='pagesTestCasesYasasiiWeb.Dental_testcase.master()'><b>master</b><br>Test class: pagesTestCasesYasasiiWeb.Dental_testcase<br>Parameters: , , Tosial Filler/ فيلر توسيال, Procedure, Derma Services, فيلر توسيال</td>
<td></td>
<td>29</td>
<td>pagesTestCasesYasasiiWeb.Dental_testcase@60d1a32f</td></tr>
<tr>
<td title='pagesTestCasesYasasiiWeb.Dental_testcase.master()'><b>master</b><br>Test class: pagesTestCasesYasasiiWeb.Dental_testcase<br>Parameters: , , Ultra form chest tightening session/ جلسه الترا فورمار شد الصدر, Procedure, Derma Services, جلسه الترا فورمار شد الصدر</td>
<td></td>
<td>30</td>
<td>pagesTestCasesYasasiiWeb.Dental_testcase@60d1a32f</td></tr>
<tr>
<td title='pagesTestCasesYasasiiWeb.Dental_testcase.master()'><b>master</b><br>Test class: pagesTestCasesYasasiiWeb.Dental_testcase<br>Parameters: , , Ultra Former Back Tightening Session/ جلسه الترا فورمار شد الظهر, Procedure, Derma Services, جلسه الترا فورمار شد الظهر</td>
<td></td>
<td>31</td>
<td>pagesTestCasesYasasiiWeb.Dental_testcase@60d1a32f</td></tr>
<tr>
<td title='pagesTestCasesYasasiiWeb.Dental_testcase.master()'><b>master</b><br>Test class: pagesTestCasesYasasiiWeb.Dental_testcase<br>Parameters: , , Ultraformer face/ الترافورمر  وجه, Procedure, Derma Services, الترافورمر  وجه</td>
<td></td>
<td>29</td>
<td>pagesTestCasesYasasiiWeb.Dental_testcase@60d1a32f</td></tr>
<tr>
<td title='pagesTestCasesYasasiiWeb.Dental_testcase.master()'><b>master</b><br>Test class: pagesTestCasesYasasiiWeb.Dental_testcase<br>Parameters: , , Ultraformer neck/ الترافورمر رقبه , Procedure, Derma Services, الترافورمر رقبه </td>
<td></td>
<td>30</td>
<td>pagesTestCasesYasasiiWeb.Dental_testcase@60d1a32f</td></tr>
<tr>
<td title='pagesTestCasesYasasiiWeb.Dental_testcase.master()'><b>master</b><br>Test class: pagesTestCasesYasasiiWeb.Dental_testcase<br>Parameters: , , ابرة البروفايلو ٢ ملي, Procedure, Derma Services, ابرة البروفايلو ٢ ملي</td>
<td></td>
<td>29</td>
<td>pagesTestCasesYasasiiWeb.Dental_testcase@60d1a32f</td></tr>
<tr>
<td title='pagesTestCasesYasasiiWeb.Dental_testcase.master()'><b>master</b><br>Test class: pagesTestCasesYasasiiWeb.Dental_testcase<br>Parameters: , , ابرة البروفايلو واحد ملي, Procedure, Derma Services, ابرة البروفايلو واحد ملي</td>
<td></td>
<td>29</td>
<td>pagesTestCasesYasasiiWeb.Dental_testcase@60d1a32f</td></tr>
<tr>
<td title='pagesTestCasesYasasiiWeb.Dental_testcase.master()'><b>master</b><br>Test class: pagesTestCasesYasasiiWeb.Dental_testcase<br>Parameters: , , ابرة المشاهير (البروفايلو), Procedure, Derma Services, ابرة المشاهير (البروفايلو)</td>
<td></td>
<td>29</td>
<td>pagesTestCasesYasasiiWeb.Dental_testcase@60d1a32f</td></tr>
<tr>
<td title='pagesTestCasesYasasiiWeb.Dental_testcase.master()'><b>master</b><br>Test class: pagesTestCasesYasasiiWeb.Dental_testcase<br>Parameters: , , ابرة الهيلوال ٢ ملي, Procedure, Derma Services, ابرة الهيلوال ٢ ملي</td>
<td></td>
<td>28</td>
<td>pagesTestCasesYasasiiWeb.Dental_testcase@60d1a32f</td></tr>
<tr>
<td title='pagesTestCasesYasasiiWeb.Dental_testcase.master()'><b>master</b><br>Test class: pagesTestCasesYasasiiWeb.Dental_testcase<br>Parameters: , , ابرة هيلوال واحد ملي, Procedure, Derma Services, ابرة هيلوال واحد ملي</td>
<td></td>
<td>28</td>
<td>pagesTestCasesYasasiiWeb.Dental_testcase@60d1a32f</td></tr>
<tr>
<td title='pagesTestCasesYasasiiWeb.Dental_testcase.master()'><b>master</b><br>Test class: pagesTestCasesYasasiiWeb.Dental_testcase<br>Parameters: , , ازالة زوائد جلدية, Procedure, Derma Services, ازالة زوائد جلدية</td>
<td></td>
<td>28</td>
<td>pagesTestCasesYasasiiWeb.Dental_testcase@60d1a32f</td></tr>
<tr>
<td title='pagesTestCasesYasasiiWeb.Dental_testcase.master()'><b>master</b><br>Test class: pagesTestCasesYasasiiWeb.Dental_testcase<br>Parameters: , , البلازما شعر أو وجه , Procedure, Derma Services, البلازما شعر أو وجه </td>
<td></td>
<td>28</td>
<td>pagesTestCasesYasasiiWeb.Dental_testcase@60d1a32f</td></tr>
<tr>
<td title='pagesTestCasesYasasiiWeb.Dental_testcase.master()'><b>master</b><br>Test class: pagesTestCasesYasasiiWeb.Dental_testcase<br>Parameters: , , البلازما فركشنال , Procedure, Derma Services, البلازما فركشنال </td>
<td></td>
<td>28</td>
<td>pagesTestCasesYasasiiWeb.Dental_testcase@60d1a32f</td></tr>
<tr>
<td title='pagesTestCasesYasasiiWeb.Dental_testcase.master()'><b>master</b><br>Test class: pagesTestCasesYasasiiWeb.Dental_testcase<br>Parameters: , , الترافومر مع الوجه والرقبة , Procedure, Derma Services, الترافومر مع الوجه والرقبة </td>
<td></td>
<td>29</td>
<td>pagesTestCasesYasasiiWeb.Dental_testcase@60d1a32f</td></tr>
<tr>
<td title='pagesTestCasesYasasiiWeb.Dental_testcase.master()'><b>master</b><br>Test class: pagesTestCasesYasasiiWeb.Dental_testcase<br>Parameters: , , الترافومر مع الوجه والرقبة جلستين والثالثة مجانا , Procedure, Derma Services, الترافومر مع الوجه والرقبة جلستين والثالثة مجانا </td>
<td></td>
<td>30</td>
<td>pagesTestCasesYasasiiWeb.Dental_testcase@60d1a32f</td></tr>
<tr>
<td title='pagesTestCasesYasasiiWeb.Dental_testcase.master()'><b>master</b><br>Test class: pagesTestCasesYasasiiWeb.Dental_testcase<br>Parameters: , , التقشير البارد بدون كريم, Procedure, Derma Services, التقشير البارد بدون كريم</td>
<td></td>
<td>29</td>
<td>pagesTestCasesYasasiiWeb.Dental_testcase@60d1a32f</td></tr>
<tr>
<td title='pagesTestCasesYasasiiWeb.Dental_testcase.master()'><b>master</b><br>Test class: pagesTestCasesYasasiiWeb.Dental_testcase<br>Parameters: , , التقشير البارد مع كريم, Procedure, Derma Services, التقشير البارد مع كريم</td>
<td></td>
<td>29</td>
<td>pagesTestCasesYasasiiWeb.Dental_testcase@60d1a32f</td></tr>
<tr>
<td title='pagesTestCasesYasasiiWeb.Dental_testcase.master()'><b>master</b><br>Test class: pagesTestCasesYasasiiWeb.Dental_testcase<br>Parameters: , , التقشير الكيميائ المتطور منطقه واحدة, Procedure, Derma Services, التقشير الكيميائ المتطور منطقه واحدة</td>
<td></td>
<td>30</td>
<td>pagesTestCasesYasasiiWeb.Dental_testcase@60d1a32f</td></tr>
<tr>
<td title='pagesTestCasesYasasiiWeb.Dental_testcase.master()'><b>master</b><br>Test class: pagesTestCasesYasasiiWeb.Dental_testcase<br>Parameters: , , التقشير الكيميائي , Procedure, Derma Services, التقشير الكيميائي </td>
<td></td>
<td>28</td>
<td>pagesTestCasesYasasiiWeb.Dental_testcase@60d1a32f</td></tr>
<tr>
<td title='pagesTestCasesYasasiiWeb.Dental_testcase.master()'><b>master</b><br>Test class: pagesTestCasesYasasiiWeb.Dental_testcase<br>Parameters: , , الذراعين مع الرتوش , Procedure, Derma Services, الذراعين مع الرتوش </td>
<td></td>
<td>28</td>
<td>pagesTestCasesYasasiiWeb.Dental_testcase@60d1a32f</td></tr>
<tr>
<td title='pagesTestCasesYasasiiWeb.Dental_testcase.master()'><b>master</b><br>Test class: pagesTestCasesYasasiiWeb.Dental_testcase<br>Parameters: , , الذراعين من غير الرتوش , Procedure, Derma Services, الذراعين من غير الرتوش </td>
<td></td>
<td>29</td>
<td>pagesTestCasesYasasiiWeb.Dental_testcase@60d1a32f</td></tr>
<tr>
<td title='pagesTestCasesYasasiiWeb.Dental_testcase.master()'><b>master</b><br>Test class: pagesTestCasesYasasiiWeb.Dental_testcase<br>Parameters: , , القدمين مع الرتوش , Procedure, Derma Services, القدمين مع الرتوش </td>
<td></td>
<td>28</td>
<td>pagesTestCasesYasasiiWeb.Dental_testcase@60d1a32f</td></tr>
<tr>
<td title='pagesTestCasesYasasiiWeb.Dental_testcase.master()'><b>master</b><br>Test class: pagesTestCasesYasasiiWeb.Dental_testcase<br>Parameters: , , القدمين من غير الرتوش , Procedure, Derma Services, القدمين من غير الرتوش </td>
<td></td>
<td>29</td>
<td>pagesTestCasesYasasiiWeb.Dental_testcase@60d1a32f</td></tr>
<tr>
<td title='pagesTestCasesYasasiiWeb.Dental_testcase.master()'><b>master</b><br>Test class: pagesTestCasesYasasiiWeb.Dental_testcase<br>Parameters: , , الميزو ثارابي , Procedure, Derma Services, الميزو ثارابي </td>
<td></td>
<td>28</td>
<td>pagesTestCasesYasasiiWeb.Dental_testcase@60d1a32f</td></tr>
<tr>
<td title='pagesTestCasesYasasiiWeb.Dental_testcase.master()'><b>master</b><br>Test class: pagesTestCasesYasasiiWeb.Dental_testcase<br>Parameters: , , بوتكس إفراط التعرق, Procedure, Derma Services, بوتكس إفراط التعرق</td>
<td></td>
<td>28</td>
<td>pagesTestCasesYasasiiWeb.Dental_testcase@60d1a32f</td></tr>
<tr>
<td title='pagesTestCasesYasasiiWeb.Dental_testcase.master()'><b>master</b><br>Test class: pagesTestCasesYasasiiWeb.Dental_testcase<br>Parameters: , , بوتكس اعلي وجه, Procedure, Derma Services, بوتكس اعلي وجه</td>
<td></td>
<td>28</td>
<td>pagesTestCasesYasasiiWeb.Dental_testcase@60d1a32f</td></tr>
<tr>
<td title='pagesTestCasesYasasiiWeb.Dental_testcase.master()'><b>master</b><br>Test class: pagesTestCasesYasasiiWeb.Dental_testcase<br>Parameters: , , بوتكس الرقبه, Procedure, Derma Services, بوتكس الرقبه</td>
<td></td>
<td>28</td>
<td>pagesTestCasesYasasiiWeb.Dental_testcase@60d1a32f</td></tr>
<tr>
<td title='pagesTestCasesYasasiiWeb.Dental_testcase.master()'><b>master</b><br>Test class: pagesTestCasesYasasiiWeb.Dental_testcase<br>Parameters: , , بوتكس اليورجان 100 وحده , Procedure, Derma Services, بوتكس اليورجان 100 وحده </td>
<td></td>
<td>29</td>
<td>pagesTestCasesYasasiiWeb.Dental_testcase@60d1a32f</td></tr>
<tr>
<td title='pagesTestCasesYasasiiWeb.Dental_testcase.master()'><b>master</b><br>Test class: pagesTestCasesYasasiiWeb.Dental_testcase<br>Parameters: , , بوتكس اليورجان 50 وحده , Procedure, Derma Services, بوتكس اليورجان 50 وحده </td>
<td></td>
<td>29</td>
<td>pagesTestCasesYasasiiWeb.Dental_testcase@60d1a32f</td></tr>
<tr>
<td title='pagesTestCasesYasasiiWeb.Dental_testcase.master()'><b>master</b><br>Test class: pagesTestCasesYasasiiWeb.Dental_testcase<br>Parameters: , , بوتكس رفع الحواجب, Procedure, Derma Services, بوتكس رفع الحواجب</td>
<td></td>
<td>28</td>
<td>pagesTestCasesYasasiiWeb.Dental_testcase@60d1a32f</td></tr>
<tr>
<td title='pagesTestCasesYasasiiWeb.Dental_testcase.master()'><b>master</b><br>Test class: pagesTestCasesYasasiiWeb.Dental_testcase<br>Parameters: , , بوتكس وجة و رقبه, Procedure, Derma Services, بوتكس وجة و رقبه</td>
<td></td>
<td>28</td>
<td>pagesTestCasesYasasiiWeb.Dental_testcase@60d1a32f</td></tr>
<tr>
<td title='pagesTestCasesYasasiiWeb.Dental_testcase.master()'><b>master</b><br>Test class: pagesTestCasesYasasiiWeb.Dental_testcase<br>Parameters: , , بوتكس وجه كامل, Procedure, Derma Services, بوتكس وجه كامل</td>
<td></td>
<td>28</td>
<td>pagesTestCasesYasasiiWeb.Dental_testcase@60d1a32f</td></tr>
<tr>
<td title='pagesTestCasesYasasiiWeb.Dental_testcase.master()'><b>master</b><br>Test class: pagesTestCasesYasasiiWeb.Dental_testcase<br>Parameters: , , تخريم اذن, Procedure, Derma Services, تخريم اذن</td>
<td></td>
<td>28</td>
<td>pagesTestCasesYasasiiWeb.Dental_testcase@60d1a32f</td></tr>
<tr>
<td title='pagesTestCasesYasasiiWeb.Dental_testcase.master()'><b>master</b><br>Test class: pagesTestCasesYasasiiWeb.Dental_testcase<br>Parameters: , , تخريم انف, Procedure, Derma Services, تخريم انف</td>
<td></td>
<td>28</td>
<td>pagesTestCasesYasasiiWeb.Dental_testcase@60d1a32f</td></tr>
<tr>
<td title='pagesTestCasesYasasiiWeb.Dental_testcase.master()'><b>master</b><br>Test class: pagesTestCasesYasasiiWeb.Dental_testcase<br>Parameters: , , تخريم شفايف, Procedure, Derma Services, تخريم شفايف</td>
<td></td>
<td>28</td>
<td>pagesTestCasesYasasiiWeb.Dental_testcase@60d1a32f</td></tr>
<tr>
<td title='pagesTestCasesYasasiiWeb.Dental_testcase.master()'><b>master</b><br>Test class: pagesTestCasesYasasiiWeb.Dental_testcase<br>Parameters: , , تشقير الوجه, Procedure, Derma Services, تشقير الوجه</td>
<td></td>
<td>28</td>
<td>pagesTestCasesYasasiiWeb.Dental_testcase@60d1a32f</td></tr>
<tr>
<td title='pagesTestCasesYasasiiWeb.Dental_testcase.master()'><b>master</b><br>Test class: pagesTestCasesYasasiiWeb.Dental_testcase<br>Parameters: , , تشقير حواجب, Procedure, Derma Services, تشقير حواجب</td>
<td></td>
<td>28</td>
<td>pagesTestCasesYasasiiWeb.Dental_testcase@60d1a32f</td></tr>
<tr>
<td title='pagesTestCasesYasasiiWeb.Dental_testcase.master()'><b>master</b><br>Test class: pagesTestCasesYasasiiWeb.Dental_testcase<br>Parameters: , , تشقير منطقة, Procedure, Derma Services, تشقير منطقة</td>
<td></td>
<td>28</td>
<td>pagesTestCasesYasasiiWeb.Dental_testcase@60d1a32f</td></tr>
<tr>
<td title='pagesTestCasesYasasiiWeb.Dental_testcase.master()'><b>master</b><br>Test class: pagesTestCasesYasasiiWeb.Dental_testcase<br>Parameters: , , تقسير بارك اميلان  , Procedure, Derma Services, تقسير بارك اميلان  </td>
<td></td>
<td>28</td>
<td>pagesTestCasesYasasiiWeb.Dental_testcase@60d1a32f</td></tr>
<tr>
<td title='pagesTestCasesYasasiiWeb.Dental_testcase.master()'><b>master</b><br>Test class: pagesTestCasesYasasiiWeb.Dental_testcase<br>Parameters: , , تقشير الحليب للوجه, Procedure, Derma Services, تقشير الحليب للوجه</td>
<td></td>
<td>29</td>
<td>pagesTestCasesYasasiiWeb.Dental_testcase@60d1a32f</td></tr>
<tr>
<td title='pagesTestCasesYasasiiWeb.Dental_testcase.master()'><b>master</b><br>Test class: pagesTestCasesYasasiiWeb.Dental_testcase<br>Parameters: , , تقشير الحليب منطقه واحدة, Procedure, Derma Services, تقشير الحليب منطقه واحدة</td>
<td></td>
<td>29</td>
<td>pagesTestCasesYasasiiWeb.Dental_testcase@60d1a32f</td></tr>
<tr>
<td title='pagesTestCasesYasasiiWeb.Dental_testcase.master()'><b>master</b><br>Test class: pagesTestCasesYasasiiWeb.Dental_testcase<br>Parameters: , , تقشير الكيميائي المتطور للوجه, Procedure, Derma Services, تقشير الكيميائي المتطور للوجه</td>
<td></td>
<td>29</td>
<td>pagesTestCasesYasasiiWeb.Dental_testcase@60d1a32f</td></tr>
<tr>
<td title='pagesTestCasesYasasiiWeb.Dental_testcase.master()'><b>master</b><br>Test class: pagesTestCasesYasasiiWeb.Dental_testcase<br>Parameters: , , تقشير سالسيلك للوجه, Procedure, Derma Services, تقشير سالسيلك للوجه</td>
<td></td>
<td>29</td>
<td>pagesTestCasesYasasiiWeb.Dental_testcase@60d1a32f</td></tr>
<tr>
<td title='pagesTestCasesYasasiiWeb.Dental_testcase.master()'><b>master</b><br>Test class: pagesTestCasesYasasiiWeb.Dental_testcase<br>Parameters: , , تقطيع ندبات, Procedure, Derma Services, تقطيع ندبات</td>
<td></td>
<td>28</td>
<td>pagesTestCasesYasasiiWeb.Dental_testcase@60d1a32f</td></tr>
<tr>
<td title='pagesTestCasesYasasiiWeb.Dental_testcase.master()'><b>master</b><br>Test class: pagesTestCasesYasasiiWeb.Dental_testcase<br>Parameters: , , توريد شفايف, Procedure, Derma Services, توريد شفايف</td>
<td></td>
<td>28</td>
<td>pagesTestCasesYasasiiWeb.Dental_testcase@60d1a32f</td></tr>
<tr>
<td title='pagesTestCasesYasasiiWeb.Dental_testcase.master()'><b>master</b><br>Test class: pagesTestCasesYasasiiWeb.Dental_testcase<br>Parameters: , , جلسات كامل الجسم بدون ظهر وبدون بطن+3جلسات تقشير حواجب مجانا , Procedure, Derma Services, جلسات كامل الجسم بدون ظهر وبدون بطن+3جلسات تقشير حواجب مجانا </td>
<td></td>
<td>31</td>
<td>pagesTestCasesYasasiiWeb.Dental_testcase@60d1a32f</td></tr>
<tr>
<td title='pagesTestCasesYasasiiWeb.Dental_testcase.master()'><b>master</b><br>Test class: pagesTestCasesYasasiiWeb.Dental_testcase<br>Parameters: , , جلسات كامل الجسم بدون ظهر وبدون بطن+جلسة تقشير حواجب مجانا , Procedure, Derma Services, جلسات كامل الجسم بدون ظهر وبدون بطن+جلسة تقشير حواجب مجانا </td>
<td></td>
<td>31</td>
<td>pagesTestCasesYasasiiWeb.Dental_testcase@60d1a32f</td></tr>
<tr>
<td title='pagesTestCasesYasasiiWeb.Dental_testcase.master()'><b>master</b><br>Test class: pagesTestCasesYasasiiWeb.Dental_testcase<br>Parameters: , , جلسة بلازما, Procedure, Derma Services, جلسة بلازما</td>
<td></td>
<td>28</td>
<td>pagesTestCasesYasasiiWeb.Dental_testcase@60d1a32f</td></tr>
<tr>
<td title='pagesTestCasesYasasiiWeb.Dental_testcase.master()'><b>master</b><br>Test class: pagesTestCasesYasasiiWeb.Dental_testcase<br>Parameters: , , جلسة بلازما 3 , Procedure, Derma Services, جلسة بلازما 3 </td>
<td></td>
<td>28</td>
<td>pagesTestCasesYasasiiWeb.Dental_testcase@60d1a32f</td></tr>
<tr>
<td title='pagesTestCasesYasasiiWeb.Dental_testcase.master()'><b>master</b><br>Test class: pagesTestCasesYasasiiWeb.Dental_testcase<br>Parameters: , , جلسة بلازما بيوتين, Procedure, Derma Services, جلسة بلازما بيوتين</td>
<td></td>
<td>28</td>
<td>pagesTestCasesYasasiiWeb.Dental_testcase@60d1a32f</td></tr>
<tr>
<td title='pagesTestCasesYasasiiWeb.Dental_testcase.master()'><b>master</b><br>Test class: pagesTestCasesYasasiiWeb.Dental_testcase<br>Parameters: , , جلسة بلازما ذهبية, Procedure, Derma Services, جلسة بلازما ذهبية</td>
<td></td>
<td>28</td>
<td>pagesTestCasesYasasiiWeb.Dental_testcase@60d1a32f</td></tr>
<tr>
<td title='pagesTestCasesYasasiiWeb.Dental_testcase.master()'><b>master</b><br>Test class: pagesTestCasesYasasiiWeb.Dental_testcase<br>Parameters: , , جلسة بلازما واحدة , Procedure, Derma Services, جلسة بلازما واحدة </td>
<td></td>
<td>28</td>
<td>pagesTestCasesYasasiiWeb.Dental_testcase@60d1a32f</td></tr>
<tr>
<td title='pagesTestCasesYasasiiWeb.Dental_testcase.master()'><b>master</b><br>Test class: pagesTestCasesYasasiiWeb.Dental_testcase<br>Parameters: , , جلسة رتوش , Procedure, Derma Services, جلسة رتوش </td>
<td></td>
<td>28</td>
<td>pagesTestCasesYasasiiWeb.Dental_testcase@60d1a32f</td></tr>
<tr>
<td title='pagesTestCasesYasasiiWeb.Dental_testcase.master()'><b>master</b><br>Test class: pagesTestCasesYasasiiWeb.Dental_testcase<br>Parameters: , , جلسة فراكشينال ليزر, Procedure, Derma Services, جلسة فراكشينال ليزر</td>
<td></td>
<td>28</td>
<td>pagesTestCasesYasasiiWeb.Dental_testcase@60d1a32f</td></tr>
<tr>
<td title='pagesTestCasesYasasiiWeb.Dental_testcase.master()'><b>master</b><br>Test class: pagesTestCasesYasasiiWeb.Dental_testcase<br>Parameters: , , جلسة كاربوني, Procedure, Derma Services, جلسة كاربوني</td>
<td></td>
<td>28</td>
<td>pagesTestCasesYasasiiWeb.Dental_testcase@60d1a32f</td></tr>
<tr>
<td title='pagesTestCasesYasasiiWeb.Dental_testcase.master()'><b>master</b><br>Test class: pagesTestCasesYasasiiWeb.Dental_testcase<br>Parameters: , , جلسة كربون للوجه , Procedure, Derma Services, جلسة كربون للوجه </td>
<td></td>
<td>28</td>
<td>pagesTestCasesYasasiiWeb.Dental_testcase@60d1a32f</td></tr>
<tr>
<td title='pagesTestCasesYasasiiWeb.Dental_testcase.master()'><b>master</b><br>Test class: pagesTestCasesYasasiiWeb.Dental_testcase<br>Parameters: , , جلسة واحده مع الرتوش لمنطقة واحده من اختيارك (الابط - البكيني - الوجه) , Procedure, Derma Services, جلسة واحده مع الرتوش لمنطقة واحده من اختيارك (الابط - البكيني - الوجه) </td>
<td></td>
<td>32</td>
<td>pagesTestCasesYasasiiWeb.Dental_testcase@60d1a32f</td></tr>
<tr>
<td title='pagesTestCasesYasasiiWeb.Dental_testcase.master()'><b>master</b><br>Test class: pagesTestCasesYasasiiWeb.Dental_testcase<br>Parameters: , , جلستين مع الرتوش لمنطقتين واحده من اختيارك (الابط - البكيني - الوجه) , Procedure, Derma Services, جلستين مع الرتوش لمنطقتين واحده من اختيارك (الابط - البكيني - الوجه) </td>
<td></td>
<td>32</td>
<td>pagesTestCasesYasasiiWeb.Dental_testcase@60d1a32f</td></tr>
<tr>
<td title='pagesTestCasesYasasiiWeb.Dental_testcase.master()'><b>master</b><br>Test class: pagesTestCasesYasasiiWeb.Dental_testcase<br>Parameters: , , جلسه اذابة دهون اللغلوغ, Procedure, Derma Services, جلسه اذابة دهون اللغلوغ</td>
<td></td>
<td>29</td>
<td>pagesTestCasesYasasiiWeb.Dental_testcase@60d1a32f</td></tr>
<tr>
<td title='pagesTestCasesYasasiiWeb.Dental_testcase.master()'><b>master</b><br>Test class: pagesTestCasesYasasiiWeb.Dental_testcase<br>Parameters: , , جلسه الماء الوردي, Procedure, Derma Services, جلسه الماء الوردي</td>
<td></td>
<td>28</td>
<td>pagesTestCasesYasasiiWeb.Dental_testcase@60d1a32f</td></tr>
<tr>
<td title='pagesTestCasesYasasiiWeb.Dental_testcase.master()'><b>master</b><br>Test class: pagesTestCasesYasasiiWeb.Dental_testcase<br>Parameters: , , جلسه الهايفو الرقب ة, Procedure, Derma Services, جلسه الهايفو الرقب ة</td>
<td></td>
<td>28</td>
<td>pagesTestCasesYasasiiWeb.Dental_testcase@60d1a32f</td></tr>
<tr>
<td title='pagesTestCasesYasasiiWeb.Dental_testcase.master()'><b>master</b><br>Test class: pagesTestCasesYasasiiWeb.Dental_testcase<br>Parameters: , , جلسه الهايفو منطقه صغيرة, Procedure, Derma Services, جلسه الهايفو منطقه صغيرة</td>
<td></td>
<td>29</td>
<td>pagesTestCasesYasasiiWeb.Dental_testcase@60d1a32f</td></tr>
<tr>
<td title='pagesTestCasesYasasiiWeb.Dental_testcase.master()'><b>master</b><br>Test class: pagesTestCasesYasasiiWeb.Dental_testcase<br>Parameters: , , جلسه الهايفو وجه, Procedure, Derma Services, جلسه الهايفو وجه</td>
<td></td>
<td>28</td>
<td>pagesTestCasesYasasiiWeb.Dental_testcase@60d1a32f</td></tr>
<tr>
<td title='pagesTestCasesYasasiiWeb.Dental_testcase.master()'><b>master</b><br>Test class: pagesTestCasesYasasiiWeb.Dental_testcase<br>Parameters: , , جلسه الهايفو وجه و رقبه, Procedure, Derma Services, جلسه الهايفو وجه و رقبه</td>
<td></td>
<td>29</td>
<td>pagesTestCasesYasasiiWeb.Dental_testcase@60d1a32f</td></tr>
<tr>
<td title='pagesTestCasesYasasiiWeb.Dental_testcase.master()'><b>master</b><br>Test class: pagesTestCasesYasasiiWeb.Dental_testcase<br>Parameters: , , جلسه تفتيح هالات, Procedure, Derma Services, جلسه تفتيح هالات</td>
<td></td>
<td>28</td>
<td>pagesTestCasesYasasiiWeb.Dental_testcase@60d1a32f</td></tr>
<tr>
<td title='pagesTestCasesYasasiiWeb.Dental_testcase.master()'><b>master</b><br>Test class: pagesTestCasesYasasiiWeb.Dental_testcase<br>Parameters: , , جلسه ديرمابلاننج, Procedure, Derma Services, جلسه ديرمابلاننج</td>
<td></td>
<td>28</td>
<td>pagesTestCasesYasasiiWeb.Dental_testcase@60d1a32f</td></tr>
<tr>
<td title='pagesTestCasesYasasiiWeb.Dental_testcase.master()'><b>master</b><br>Test class: pagesTestCasesYasasiiWeb.Dental_testcase<br>Parameters: , , جلسه ديرمابن, Procedure, Derma Services, جلسه ديرمابن</td>
<td></td>
<td>28</td>
<td>pagesTestCasesYasasiiWeb.Dental_testcase@60d1a32f</td></tr>
<tr>
<td title='pagesTestCasesYasasiiWeb.Dental_testcase.master()'><b>master</b><br>Test class: pagesTestCasesYasasiiWeb.Dental_testcase<br>Parameters: , , جلسه سكارليت, Procedure, Derma Services, جلسه سكارليت</td>
<td></td>
<td>28</td>
<td>pagesTestCasesYasasiiWeb.Dental_testcase@60d1a32f</td></tr>
<tr>
<td title='pagesTestCasesYasasiiWeb.Dental_testcase.master()'><b>master</b><br>Test class: pagesTestCasesYasasiiWeb.Dental_testcase<br>Parameters: , , جلسه فامبير, Procedure, Derma Services, جلسه فامبير</td>
<td></td>
<td>28</td>
<td>pagesTestCasesYasasiiWeb.Dental_testcase@60d1a32f</td></tr>
<tr>
<td title='pagesTestCasesYasasiiWeb.Dental_testcase.master()'><b>master</b><br>Test class: pagesTestCasesYasasiiWeb.Dental_testcase<br>Parameters: , , جلسه ميثو نضارة, Procedure, Derma Services, جلسه ميثو نضارة</td>
<td></td>
<td>28</td>
<td>pagesTestCasesYasasiiWeb.Dental_testcase@60d1a32f</td></tr>
<tr>
<td title='pagesTestCasesYasasiiWeb.Dental_testcase.master()'><b>master</b><br>Test class: pagesTestCasesYasasiiWeb.Dental_testcase<br>Parameters: , , جلسه ميثو هير, Procedure, Derma Services, جلسه ميثو هير</td>
<td></td>
<td>28</td>
<td>pagesTestCasesYasasiiWeb.Dental_testcase@60d1a32f</td></tr>
<tr>
<td title='pagesTestCasesYasasiiWeb.Dental_testcase.master()'><b>master</b><br>Test class: pagesTestCasesYasasiiWeb.Dental_testcase<br>Parameters: , , جلسه ميثو وايت بشرة, Procedure, Derma Services, جلسه ميثو وايت بشرة</td>
<td></td>
<td>29</td>
<td>pagesTestCasesYasasiiWeb.Dental_testcase@60d1a32f</td></tr>
<tr>
<td title='pagesTestCasesYasasiiWeb.Dental_testcase.master()'><b>master</b><br>Test class: pagesTestCasesYasasiiWeb.Dental_testcase<br>Parameters: , , جلسه هيدرافيشل, Procedure, Derma Services, جلسه هيدرافيشل</td>
<td></td>
<td>28</td>
<td>pagesTestCasesYasasiiWeb.Dental_testcase@60d1a32f</td></tr>
<tr>
<td title='pagesTestCasesYasasiiWeb.Dental_testcase.master()'><b>master</b><br>Test class: pagesTestCasesYasasiiWeb.Dental_testcase<br>Parameters: , , حقن الخلايا الجذعية, Procedure, Derma Services, حقن الخلايا الجذعية</td>
<td></td>
<td>28</td>
<td>pagesTestCasesYasasiiWeb.Dental_testcase@60d1a32f</td></tr>
<tr>
<td title='pagesTestCasesYasasiiWeb.Dental_testcase.master()'><b>master</b><br>Test class: pagesTestCasesYasasiiWeb.Dental_testcase<br>Parameters: , , خدمه حقن الفيلير 1500 ما عدا فيلير الجسم, Procedure, Derma Services, خدمه حقن الفيلير 1500 ما عدا فيلير الجسم</td>
<td></td>
<td>30</td>
<td>pagesTestCasesYasasiiWeb.Dental_testcase@60d1a32f</td></tr>
<tr>
<td title='pagesTestCasesYasasiiWeb.Dental_testcase.master()'><b>master</b><br>Test class: pagesTestCasesYasasiiWeb.Dental_testcase<br>Parameters: , , خيوط 3 دي للنضارة , Procedure, Derma Services, خيوط 3 دي للنضارة </td>
<td></td>
<td>28</td>
<td>pagesTestCasesYasasiiWeb.Dental_testcase@60d1a32f</td></tr>
<tr>
<td title='pagesTestCasesYasasiiWeb.Dental_testcase.master()'><b>master</b><br>Test class: pagesTestCasesYasasiiWeb.Dental_testcase<br>Parameters: , , خيوط 6 دي لشد الوجه , Procedure, Derma Services, خيوط 6 دي لشد الوجه </td>
<td></td>
<td>29</td>
<td>pagesTestCasesYasasiiWeb.Dental_testcase@60d1a32f</td></tr>
<tr>
<td title='pagesTestCasesYasasiiWeb.Dental_testcase.master()'><b>master</b><br>Test class: pagesTestCasesYasasiiWeb.Dental_testcase<br>Parameters: , , فركشنر المنطقة الواحدة , Procedure, Derma Services, فركشنر المنطقة الواحدة </td>
<td></td>
<td>29</td>
<td>pagesTestCasesYasasiiWeb.Dental_testcase@60d1a32f</td></tr>
<tr>
<td title='pagesTestCasesYasasiiWeb.Dental_testcase.master()'><b>master</b><br>Test class: pagesTestCasesYasasiiWeb.Dental_testcase<br>Parameters: , , فيلر الرادييس, Procedure, Derma Services, فيلر الرادييس</td>
<td></td>
<td>28</td>
<td>pagesTestCasesYasasiiWeb.Dental_testcase@60d1a32f</td></tr>
<tr>
<td title='pagesTestCasesYasasiiWeb.Dental_testcase.master()'><b>master</b><br>Test class: pagesTestCasesYasasiiWeb.Dental_testcase<br>Parameters: , , فيلير بولينيرم , Procedure, Derma Services, فيلير بولينيرم </td>
<td></td>
<td>28</td>
<td>pagesTestCasesYasasiiWeb.Dental_testcase@60d1a32f</td></tr>
<tr>
<td title='pagesTestCasesYasasiiWeb.Dental_testcase.master()'><b>master</b><br>Test class: pagesTestCasesYasasiiWeb.Dental_testcase<br>Parameters: , , فيلير جيفوديرم , Procedure, Derma Services, فيلير جيفوديرم </td>
<td></td>
<td>28</td>
<td>pagesTestCasesYasasiiWeb.Dental_testcase@60d1a32f</td></tr>
<tr>
<td title='pagesTestCasesYasasiiWeb.Dental_testcase.master()'><b>master</b><br>Test class: pagesTestCasesYasasiiWeb.Dental_testcase<br>Parameters: , , ليزر اب ط, Procedure, Derma Services, ليزر اب ط</td>
<td></td>
<td>28</td>
<td>pagesTestCasesYasasiiWeb.Dental_testcase@60d1a32f</td></tr>
<tr>
<td title='pagesTestCasesYasasiiWeb.Dental_testcase.master()'><b>master</b><br>Test class: pagesTestCasesYasasiiWeb.Dental_testcase<br>Parameters: , , ليزر ازالة كامل الجسم مع بطن و ظهر, Procedure, Derma Services, ليزر ازالة كامل الجسم مع بطن و ظهر</td>
<td></td>
<td>29</td>
<td>pagesTestCasesYasasiiWeb.Dental_testcase@60d1a32f</td></tr>
<tr>
<td title='pagesTestCasesYasasiiWeb.Dental_testcase.master()'><b>master</b><br>Test class: pagesTestCasesYasasiiWeb.Dental_testcase<br>Parameters: , , ليزر ازاله الجسم بدون بطن او ظهر, Procedure, Derma Services, ليزر ازاله الجسم بدون بطن او ظهر</td>
<td></td>
<td>29</td>
<td>pagesTestCasesYasasiiWeb.Dental_testcase@60d1a32f</td></tr>
<tr>
<td title='pagesTestCasesYasasiiWeb.Dental_testcase.master()'><b>master</b><br>Test class: pagesTestCasesYasasiiWeb.Dental_testcase<br>Parameters: , , ليزر ازاله الشارب او الذقن, Procedure, Derma Services, ليزر ازاله الشارب او الذقن</td>
<td></td>
<td>29</td>
<td>pagesTestCasesYasasiiWeb.Dental_testcase@60d1a32f</td></tr>
<tr>
<td title='pagesTestCasesYasasiiWeb.Dental_testcase.master()'><b>master</b><br>Test class: pagesTestCasesYasasiiWeb.Dental_testcase<br>Parameters: , , ليزر الوجه, Procedure, Derma Services, ليزر الوجه</td>
<td></td>
<td>28</td>
<td>pagesTestCasesYasasiiWeb.Dental_testcase@60d1a32f</td></tr>
<tr>
<td title='pagesTestCasesYasasiiWeb.Dental_testcase.master()'><b>master</b><br>Test class: pagesTestCasesYasasiiWeb.Dental_testcase<br>Parameters: , , ليزر بطن او ظهر, Procedure, Derma Services, ليزر بطن او ظهر</td>
<td></td>
<td>28</td>
<td>pagesTestCasesYasasiiWeb.Dental_testcase@60d1a32f</td></tr>
<tr>
<td title='pagesTestCasesYasasiiWeb.Dental_testcase.master()'><b>master</b><br>Test class: pagesTestCasesYasasiiWeb.Dental_testcase<br>Parameters: , , ليزر بكين ي, Procedure, Derma Services, ليزر بكين ي</td>
<td></td>
<td>28</td>
<td>pagesTestCasesYasasiiWeb.Dental_testcase@60d1a32f</td></tr>
<tr>
<td title='pagesTestCasesYasasiiWeb.Dental_testcase.master()'><b>master</b><br>Test class: pagesTestCasesYasasiiWeb.Dental_testcase<br>Parameters: , , ليزر تحديد لحي ة, Procedure, Derma Services, ليزر تحديد لحي ة</td>
<td></td>
<td>28</td>
<td>pagesTestCasesYasasiiWeb.Dental_testcase@60d1a32f</td></tr>
<tr>
<td title='pagesTestCasesYasasiiWeb.Dental_testcase.master()'><b>master</b><br>Test class: pagesTestCasesYasasiiWeb.Dental_testcase<br>Parameters: , , واحد ملي فيلر الكسين, Procedure, Derma Services, واحد ملي فيلر الكسين</td>
<td></td>
<td>28</td>
<td>pagesTestCasesYasasiiWeb.Dental_testcase@60d1a32f</td></tr>
<tr>
<td title='pagesTestCasesYasasiiWeb.Dental_testcase.master()'><b>master</b><br>Test class: pagesTestCasesYasasiiWeb.Dental_testcase<br>Parameters: , , واحد ملي فيلر بكيني, Procedure, Derma Services, واحد ملي فيلر بكيني</td>
<td></td>
<td>28</td>
<td>pagesTestCasesYasasiiWeb.Dental_testcase@60d1a32f</td></tr>
<tr>
<td title='pagesTestCasesYasasiiWeb.Dental_testcase.master()'><b>master</b><br>Test class: pagesTestCasesYasasiiWeb.Dental_testcase<br>Parameters: , , واحد ملي فيلر بولتيرو, Procedure, Derma Services, واحد ملي فيلر بولتيرو</td>
<td></td>
<td>29</td>
<td>pagesTestCasesYasasiiWeb.Dental_testcase@60d1a32f</td></tr>
<tr>
<td title='pagesTestCasesYasasiiWeb.Dental_testcase.master()'><b>master</b><br>Test class: pagesTestCasesYasasiiWeb.Dental_testcase<br>Parameters: , , واحد ملي فيلر جوفيدر م, Procedure, Derma Services, واحد ملي فيلر جوفيدر م</td>
<td></td>
<td>29</td>
<td>pagesTestCasesYasasiiWeb.Dental_testcase@60d1a32f</td></tr>
<tr>
<td title='pagesTestCasesYasasiiWeb.Dental_testcase.master()'><b>master</b><br>Test class: pagesTestCasesYasasiiWeb.Dental_testcase<br>Parameters: , , واحد ملي فيلر ريستالين, Procedure, Derma Services, واحد ملي فيلر ريستالين</td>
<td></td>
<td>29</td>
<td>pagesTestCasesYasasiiWeb.Dental_testcase@60d1a32f</td></tr>
<tr>
<td title='pagesTestCasesYasasiiWeb.Dental_testcase.master()'><b>master</b><br>Test class: pagesTestCasesYasasiiWeb.Dental_testcase<br>Parameters: , , واحد ملي فيلر سكين فيل, Procedure, Derma Services, واحد ملي فيلر سكين فيل</td>
<td></td>
<td>29</td>
<td>pagesTestCasesYasasiiWeb.Dental_testcase@60d1a32f</td></tr>
<tr>
<td title='pagesTestCasesYasasiiWeb.Dental_testcase.master()'><b>master</b><br>Test class: pagesTestCasesYasasiiWeb.Dental_testcase<br>Parameters: , , واحد ملي فيلر نيوفيا, Procedure, Derma Services, واحد ملي فيلر نيوفيا</td>
<td></td>
<td>28</td>
<td>pagesTestCasesYasasiiWeb.Dental_testcase@60d1a32f</td></tr>
</table><p>
</body>
</html>