<?xml version="1.0" encoding="UTF-8"?>
<!-- Generated by org.testng.reporters.JUnitReportReporter -->
<testsuite hostname="KI54" failures="0" tests="232" name="pagesTestCasesYasasiiWeb.EmployeeCreationTestcase" time="1879.883" errors="11" timestamp="2023-01-25T16:26:25 IST" skipped="191">
  <testcase classname="pagesTestCasesYasasiiWeb.EmployeeCreationTestcase" name="inclinic" time="0.002">
    <skipped/>
  </testcase> <!-- inclinic -->
  <system-out/>
  <testcase classname="pagesTestCasesYasasiiWeb.EmployeeCreationTestcase" name="inclinic" time="0.004">
    <skipped/>
  </testcase> <!-- inclinic -->
  <system-out/>
  <testcase classname="pagesTestCasesYasasiiWeb.EmployeeCreationTestcase" name="inclinic" time="0.001">
    <skipped/>
  </testcase> <!-- inclinic -->
  <system-out/>
  <testcase classname="pagesTestCasesYasasiiWeb.EmployeeCreationTestcase" name="inclinic" time="0.000">
    <skipped/>
  </testcase> <!-- inclinic -->
  <system-out/>
  <testcase classname="pagesTestCasesYasasiiWeb.EmployeeCreationTestcase" name="inclinic" time="0.272">
    <skipped/>
  </testcase> <!-- inclinic -->
  <system-out/>
  <testcase classname="pagesTestCasesYasasiiWeb.EmployeeCreationTestcase" name="inclinic" time="54.072"/>
  <system-out/>
  <testcase classname="pagesTestCasesYasasiiWeb.EmployeeCreationTestcase" name="inclinic" time="2.014">
    <error message="no such window: target window already closed
from unknown error: web view not found
  (Session info: chrome=109.0.5414.75)
Build info: version: &#039;4.0.0-alpha-3&#039;, revision: &#039;8c567de6dc&#039;
System info: host: &#039;KI54&#039;, ip: &#039;192.168.0.54&#039;, os.name: &#039;Windows 10&#039;, os.arch: &#039;amd64&#039;, os.version: &#039;10.0&#039;, java.version: &#039;18.0.1&#039;
Driver info: org.openqa.selenium.chrome.ChromeDriver
Capabilities {acceptInsecureCerts: false, browserName: chrome, browserVersion: 109.0.5414.75, chrome: {chromedriverVersion: 109.0.5414.74 (e7c5703604da..., userDataDir: C:\Users\sriram\AppData\Loc...}, goog:chromeOptions: {debuggerAddress: localhost:51148}, javascriptEnabled: true, networkConnectionEnabled: false, pageLoadStrategy: normal, platform: WINDOWS, platformName: WINDOWS, proxy: Proxy(), setWindowRect: true, strictFileInteractability: false, timeouts: {implicit: 0, pageLoad: 300000, script: 30000}, unhandledPromptBehavior: dismiss and notify, webauthn:extension:credBlob: true, webauthn:extension:largeBlob: true, webauthn:virtualAuthenticators: true}
Session ID: bd09658028d9f4b1e76ae1a9c6d0edbf
*** Element info: {Using=xpath, value=//input[@id=&#039;firstname&#039;]}" type="org.openqa.selenium.NoSuchWindowException">
      <![CDATA[org.openqa.selenium.NoSuchWindowException: no such window: target window already closed
from unknown error: web view not found
  (Session info: chrome=109.0.5414.75)
Build info: version: '4.0.0-alpha-3', revision: '8c567de6dc'
System info: host: 'KI54', ip: '192.168.0.54', os.name: 'Windows 10', os.arch: 'amd64', os.version: '10.0', java.version: '18.0.1'
Driver info: org.openqa.selenium.chrome.ChromeDriver
Capabilities {acceptInsecureCerts: false, browserName: chrome, browserVersion: 109.0.5414.75, chrome: {chromedriverVersion: 109.0.5414.74 (e7c5703604da..., userDataDir: C:\Users\sriram\AppData\Loc...}, goog:chromeOptions: {debuggerAddress: localhost:51148}, javascriptEnabled: true, networkConnectionEnabled: false, pageLoadStrategy: normal, platform: WINDOWS, platformName: WINDOWS, proxy: Proxy(), setWindowRect: true, strictFileInteractability: false, timeouts: {implicit: 0, pageLoad: 300000, script: 30000}, unhandledPromptBehavior: dismiss and notify, webauthn:extension:credBlob: true, webauthn:extension:largeBlob: true, webauthn:virtualAuthenticators: true}
Session ID: bd09658028d9f4b1e76ae1a9c6d0edbf
*** Element info: {Using=xpath, value=//input[@id='firstname']}
at java.base/jdk.internal.reflect.DirectConstructorHandleAccessor.newInstance(DirectConstructorHandleAccessor.java:67)
at java.base/java.lang.reflect.Constructor.newInstanceWithCaller(Constructor.java:499)
at java.base/java.lang.reflect.Constructor.newInstance(Constructor.java:483)
at org.openqa.selenium.remote.codec.w3c.W3CHttpResponseCodec.createException(W3CHttpResponseCodec.java:191)
at org.openqa.selenium.remote.codec.w3c.W3CHttpResponseCodec.decode(W3CHttpResponseCodec.java:125)
at org.openqa.selenium.remote.codec.w3c.W3CHttpResponseCodec.decode(W3CHttpResponseCodec.java:52)
at org.openqa.selenium.remote.HttpCommandExecutor.execute(HttpCommandExecutor.java:161)
at org.openqa.selenium.remote.service.DriverCommandExecutor.execute(DriverCommandExecutor.java:83)
at org.openqa.selenium.remote.RemoteWebDriver.execute(RemoteWebDriver.java:576)
at org.openqa.selenium.remote.RemoteWebDriver.findElement(RemoteWebDriver.java:327)
at org.openqa.selenium.remote.RemoteWebDriver.findElementByXPath(RemoteWebDriver.java:445)
at org.openqa.selenium.By$ByXPath.findElement(By.java:396)
at org.openqa.selenium.remote.RemoteWebDriver.findElement(RemoteWebDriver.java:319)
at org.openqa.selenium.support.pagefactory.DefaultElementLocator.findElement(DefaultElementLocator.java:70)
at org.openqa.selenium.support.pagefactory.internal.LocatingElementHandler.invoke(LocatingElementHandler.java:39)
at jdk.proxy2/jdk.proxy2.$Proxy35.clear(Unknown Source)
at pagesOfYasasiiWeb.employeeCreation.empcreation(employeeCreation.java:135)
at pagesTestCasesYasasiiWeb.EmployeeCreationTestcase.inclinic(EmployeeCreationTestcase.java:44)
at java.base/jdk.internal.reflect.DirectMethodHandleAccessor.invoke(DirectMethodHandleAccessor.java:104)
at java.base/java.lang.reflect.Method.invoke(Method.java:577)
at org.testng.internal.MethodInvocationHelper.invokeMethod(MethodInvocationHelper.java:132)
at org.testng.internal.TestInvoker.invokeMethod(TestInvoker.java:599)
at org.testng.internal.TestInvoker.invokeTestMethod(TestInvoker.java:174)
at org.testng.internal.MethodRunner.runInSequence(MethodRunner.java:46)
at org.testng.internal.TestInvoker$MethodInvocationAgent.invoke(TestInvoker.java:822)
at org.testng.internal.TestInvoker.invokeTestMethods(TestInvoker.java:147)
at org.testng.internal.TestMethodWorker.invokeTestMethods(TestMethodWorker.java:146)
at org.testng.internal.TestMethodWorker.run(TestMethodWorker.java:128)
at java.base/java.util.ArrayList.forEach(ArrayList.java:1511)
at org.testng.TestRunner.privateRun(TestRunner.java:764)
at org.testng.TestRunner.run(TestRunner.java:585)
at org.testng.SuiteRunner.runTest(SuiteRunner.java:384)
at org.testng.SuiteRunner.runSequentially(SuiteRunner.java:378)
at org.testng.SuiteRunner.privateRun(SuiteRunner.java:337)
at org.testng.SuiteRunner.run(SuiteRunner.java:286)
at org.testng.SuiteRunnerWorker.runSuite(SuiteRunnerWorker.java:53)
at org.testng.SuiteRunnerWorker.run(SuiteRunnerWorker.java:96)
at org.testng.TestNG.runSuitesSequentially(TestNG.java:1218)
at org.testng.TestNG.runSuitesLocally(TestNG.java:1140)
at org.testng.TestNG.runSuites(TestNG.java:1069)
at org.testng.TestNG.run(TestNG.java:1037)
at org.testng.remote.AbstractRemoteTestNG.run(AbstractRemoteTestNG.java:115)
at org.testng.remote.RemoteTestNG.initAndRun(RemoteTestNG.java:251)
at org.testng.remote.RemoteTestNG.main(RemoteTestNG.java:77)
]]>
    </error>
  </testcase> <!-- inclinic -->
  <system-out/>
  <testcase classname="pagesTestCasesYasasiiWeb.EmployeeCreationTestcase" name="inclinic" time="0.002">
    <skipped/>
  </testcase> <!-- inclinic -->
  <system-out/>
  <testcase classname="pagesTestCasesYasasiiWeb.EmployeeCreationTestcase" name="inclinic" time="0.007">
    <skipped/>
  </testcase> <!-- inclinic -->
  <system-out/>
  <testcase classname="pagesTestCasesYasasiiWeb.EmployeeCreationTestcase" name="inclinic" time="0.001">
    <skipped/>
  </testcase> <!-- inclinic -->
  <system-out/>
  <testcase classname="pagesTestCasesYasasiiWeb.EmployeeCreationTestcase" name="inclinic" time="0.601">
    <skipped/>
  </testcase> <!-- inclinic -->
  <system-out/>
  <testcase classname="pagesTestCasesYasasiiWeb.EmployeeCreationTestcase" name="inclinic" time="0.002">
    <skipped/>
  </testcase> <!-- inclinic -->
  <system-out/>
  <testcase classname="pagesTestCasesYasasiiWeb.EmployeeCreationTestcase" name="inclinic" time="0.002">
    <skipped/>
  </testcase> <!-- inclinic -->
  <system-out/>
  <testcase classname="pagesTestCasesYasasiiWeb.EmployeeCreationTestcase" name="inclinic" time="0.002">
    <skipped/>
  </testcase> <!-- inclinic -->
  <system-out/>
  <testcase classname="pagesTestCasesYasasiiWeb.EmployeeCreationTestcase" name="inclinic" time="0.000">
    <skipped/>
  </testcase> <!-- inclinic -->
  <system-out/>
  <testcase classname="pagesTestCasesYasasiiWeb.EmployeeCreationTestcase" name="inclinic" time="0.000">
    <skipped/>
  </testcase> <!-- inclinic -->
  <system-out/>
  <testcase classname="pagesTestCasesYasasiiWeb.EmployeeCreationTestcase" name="inclinic" time="0.227">
    <skipped/>
  </testcase> <!-- inclinic -->
  <system-out/>
  <testcase classname="pagesTestCasesYasasiiWeb.EmployeeCreationTestcase" name="inclinic" time="0.002">
    <skipped/>
  </testcase> <!-- inclinic -->
  <system-out/>
  <testcase classname="pagesTestCasesYasasiiWeb.EmployeeCreationTestcase" name="inclinic" time="54.363"/>
  <system-out/>
  <testcase classname="pagesTestCasesYasasiiWeb.EmployeeCreationTestcase" name="inclinic" time="0.003">
    <skipped/>
  </testcase> <!-- inclinic -->
  <system-out/>
  <testcase classname="pagesTestCasesYasasiiWeb.EmployeeCreationTestcase" name="inclinic" time="0.186">
    <skipped/>
  </testcase> <!-- inclinic -->
  <system-out/>
  <testcase classname="pagesTestCasesYasasiiWeb.EmployeeCreationTestcase" name="inclinic" time="9.220">
    <error message="unexpected alert open: {Alert text : }
  (Session info: chrome=109.0.5414.75): {Alert text : 
Build info: version: &#039;4.0.0-alpha-3&#039;, revision: &#039;8c567de6dc&#039;
System info: host: &#039;KI54&#039;, ip: &#039;192.168.0.54&#039;, os.name: &#039;Windows 10&#039;, os.arch: &#039;amd64&#039;, os.version: &#039;10.0&#039;, java.version: &#039;18.0.1&#039;
Driver info: org.openqa.selenium.chrome.ChromeDriver
Capabilities {acceptInsecureCerts: false, browserName: chrome, browserVersion: 109.0.5414.75, chrome: {chromedriverVersion: 109.0.5414.74 (e7c5703604da..., userDataDir: C:\Users\sriram\AppData\Loc...}, goog:chromeOptions: {debuggerAddress: localhost:51148}, javascriptEnabled: true, networkConnectionEnabled: false, pageLoadStrategy: normal, platform: WINDOWS, platformName: WINDOWS, proxy: Proxy(), setWindowRect: true, strictFileInteractability: false, timeouts: {implicit: 0, pageLoad: 300000, script: 30000}, unhandledPromptBehavior: dismiss and notify, webauthn:extension:credBlob: true, webauthn:extension:largeBlob: true, webauthn:virtualAuthenticators: true}
Session ID: bd09658028d9f4b1e76ae1a9c6d0edbf
*** Element info: {Using=xpath, value=//input[@id=&#039;phoneno&#039;]}" type="org.openqa.selenium.UnhandledAlertException">
      <![CDATA[org.openqa.selenium.UnhandledAlertException: unexpected alert open: {Alert text : }
  (Session info: chrome=109.0.5414.75): {Alert text : 
Build info: version: '4.0.0-alpha-3', revision: '8c567de6dc'
System info: host: 'KI54', ip: '192.168.0.54', os.name: 'Windows 10', os.arch: 'amd64', os.version: '10.0', java.version: '18.0.1'
Driver info: org.openqa.selenium.chrome.ChromeDriver
Capabilities {acceptInsecureCerts: false, browserName: chrome, browserVersion: 109.0.5414.75, chrome: {chromedriverVersion: 109.0.5414.74 (e7c5703604da..., userDataDir: C:\Users\sriram\AppData\Loc...}, goog:chromeOptions: {debuggerAddress: localhost:51148}, javascriptEnabled: true, networkConnectionEnabled: false, pageLoadStrategy: normal, platform: WINDOWS, platformName: WINDOWS, proxy: Proxy(), setWindowRect: true, strictFileInteractability: false, timeouts: {implicit: 0, pageLoad: 300000, script: 30000}, unhandledPromptBehavior: dismiss and notify, webauthn:extension:credBlob: true, webauthn:extension:largeBlob: true, webauthn:virtualAuthenticators: true}
Session ID: bd09658028d9f4b1e76ae1a9c6d0edbf
*** Element info: {Using=xpath, value=//input[@id='phoneno']}
at org.openqa.selenium.remote.codec.w3c.W3CHttpResponseCodec.decode(W3CHttpResponseCodec.java:123)
at org.openqa.selenium.remote.codec.w3c.W3CHttpResponseCodec.decode(W3CHttpResponseCodec.java:52)
at org.openqa.selenium.remote.HttpCommandExecutor.execute(HttpCommandExecutor.java:161)
at org.openqa.selenium.remote.service.DriverCommandExecutor.execute(DriverCommandExecutor.java:83)
at org.openqa.selenium.remote.RemoteWebDriver.execute(RemoteWebDriver.java:576)
at org.openqa.selenium.remote.RemoteWebDriver.findElement(RemoteWebDriver.java:327)
at org.openqa.selenium.remote.RemoteWebDriver.findElementByXPath(RemoteWebDriver.java:445)
at org.openqa.selenium.By$ByXPath.findElement(By.java:396)
at org.openqa.selenium.remote.RemoteWebDriver.findElement(RemoteWebDriver.java:319)
at org.openqa.selenium.support.pagefactory.DefaultElementLocator.findElement(DefaultElementLocator.java:70)
at org.openqa.selenium.support.pagefactory.internal.LocatingElementHandler.invoke(LocatingElementHandler.java:39)
at jdk.proxy2/jdk.proxy2.$Proxy35.sendKeys(Unknown Source)
at pagesOfYasasiiWeb.employeeCreation.empcreation(employeeCreation.java:160)
at pagesTestCasesYasasiiWeb.EmployeeCreationTestcase.inclinic(EmployeeCreationTestcase.java:44)
at java.base/jdk.internal.reflect.DirectMethodHandleAccessor.invoke(DirectMethodHandleAccessor.java:104)
at java.base/java.lang.reflect.Method.invoke(Method.java:577)
at org.testng.internal.MethodInvocationHelper.invokeMethod(MethodInvocationHelper.java:132)
at org.testng.internal.TestInvoker.invokeMethod(TestInvoker.java:599)
at org.testng.internal.TestInvoker.invokeTestMethod(TestInvoker.java:174)
at org.testng.internal.MethodRunner.runInSequence(MethodRunner.java:46)
at org.testng.internal.TestInvoker$MethodInvocationAgent.invoke(TestInvoker.java:822)
at org.testng.internal.TestInvoker.invokeTestMethods(TestInvoker.java:147)
at org.testng.internal.TestMethodWorker.invokeTestMethods(TestMethodWorker.java:146)
at org.testng.internal.TestMethodWorker.run(TestMethodWorker.java:128)
at java.base/java.util.ArrayList.forEach(ArrayList.java:1511)
at org.testng.TestRunner.privateRun(TestRunner.java:764)
at org.testng.TestRunner.run(TestRunner.java:585)
at org.testng.SuiteRunner.runTest(SuiteRunner.java:384)
at org.testng.SuiteRunner.runSequentially(SuiteRunner.java:378)
at org.testng.SuiteRunner.privateRun(SuiteRunner.java:337)
at org.testng.SuiteRunner.run(SuiteRunner.java:286)
at org.testng.SuiteRunnerWorker.runSuite(SuiteRunnerWorker.java:53)
at org.testng.SuiteRunnerWorker.run(SuiteRunnerWorker.java:96)
at org.testng.TestNG.runSuitesSequentially(TestNG.java:1218)
at org.testng.TestNG.runSuitesLocally(TestNG.java:1140)
at org.testng.TestNG.runSuites(TestNG.java:1069)
at org.testng.TestNG.run(TestNG.java:1037)
at org.testng.remote.AbstractRemoteTestNG.run(AbstractRemoteTestNG.java:115)
at org.testng.remote.RemoteTestNG.initAndRun(RemoteTestNG.java:251)
at org.testng.remote.RemoteTestNG.main(RemoteTestNG.java:77)
]]>
    </error>
  </testcase> <!-- inclinic -->
  <system-out/>
  <testcase classname="pagesTestCasesYasasiiWeb.EmployeeCreationTestcase" name="inclinic" time="0.001">
    <skipped/>
  </testcase> <!-- inclinic -->
  <system-out/>
  <testcase classname="pagesTestCasesYasasiiWeb.EmployeeCreationTestcase" name="inclinic" time="0.181">
    <skipped/>
  </testcase> <!-- inclinic -->
  <system-out/>
  <testcase classname="pagesTestCasesYasasiiWeb.EmployeeCreationTestcase" name="inclinic" time="54.799"/>
  <system-out/>
  <testcase classname="pagesTestCasesYasasiiWeb.EmployeeCreationTestcase" name="inclinic" time="0.001">
    <skipped/>
  </testcase> <!-- inclinic -->
  <system-out/>
  <testcase classname="pagesTestCasesYasasiiWeb.EmployeeCreationTestcase" name="inclinic" time="0.003">
    <skipped/>
  </testcase> <!-- inclinic -->
  <system-out/>
  <testcase classname="pagesTestCasesYasasiiWeb.EmployeeCreationTestcase" name="inclinic" time="0.001">
    <skipped/>
  </testcase> <!-- inclinic -->
  <system-out/>
  <testcase classname="pagesTestCasesYasasiiWeb.EmployeeCreationTestcase" name="inclinic" time="0.185">
    <skipped/>
  </testcase> <!-- inclinic -->
  <system-out/>
  <testcase classname="pagesTestCasesYasasiiWeb.EmployeeCreationTestcase" name="inclinic" time="55.277"/>
  <system-out/>
  <testcase classname="pagesTestCasesYasasiiWeb.EmployeeCreationTestcase" name="inclinic" time="56.932"/>
  <system-out/>
  <testcase classname="pagesTestCasesYasasiiWeb.EmployeeCreationTestcase" name="inclinic" time="0.002">
    <skipped/>
  </testcase> <!-- inclinic -->
  <system-out/>
  <testcase classname="pagesTestCasesYasasiiWeb.EmployeeCreationTestcase" name="inclinic" time="0.000">
    <skipped/>
  </testcase> <!-- inclinic -->
  <system-out/>
  <testcase classname="pagesTestCasesYasasiiWeb.EmployeeCreationTestcase" name="inclinic" time="0.001">
    <skipped/>
  </testcase> <!-- inclinic -->
  <system-out/>
  <testcase classname="pagesTestCasesYasasiiWeb.EmployeeCreationTestcase" name="inclinic" time="0.001">
    <skipped/>
  </testcase> <!-- inclinic -->
  <system-out/>
  <testcase classname="pagesTestCasesYasasiiWeb.EmployeeCreationTestcase" name="inclinic" time="0.001">
    <skipped/>
  </testcase> <!-- inclinic -->
  <system-out/>
  <testcase classname="pagesTestCasesYasasiiWeb.EmployeeCreationTestcase" name="inclinic" time="0.001">
    <skipped/>
  </testcase> <!-- inclinic -->
  <system-out/>
  <testcase classname="pagesTestCasesYasasiiWeb.EmployeeCreationTestcase" name="inclinic" time="55.516"/>
  <system-out/>
  <testcase classname="pagesTestCasesYasasiiWeb.EmployeeCreationTestcase" name="inclinic" time="0.001">
    <skipped/>
  </testcase> <!-- inclinic -->
  <system-out/>
  <testcase classname="pagesTestCasesYasasiiWeb.EmployeeCreationTestcase" name="inclinic" time="0.000">
    <skipped/>
  </testcase> <!-- inclinic -->
  <system-out/>
  <testcase classname="pagesTestCasesYasasiiWeb.EmployeeCreationTestcase" name="inclinic" time="0.000">
    <skipped/>
  </testcase> <!-- inclinic -->
  <system-out/>
  <testcase classname="pagesTestCasesYasasiiWeb.EmployeeCreationTestcase" name="inclinic" time="0.000">
    <skipped/>
  </testcase> <!-- inclinic -->
  <system-out/>
  <testcase classname="pagesTestCasesYasasiiWeb.EmployeeCreationTestcase" name="inclinic" time="0.000">
    <skipped/>
  </testcase> <!-- inclinic -->
  <system-out/>
  <testcase classname="pagesTestCasesYasasiiWeb.EmployeeCreationTestcase" name="inclinic" time="0.000">
    <skipped/>
  </testcase> <!-- inclinic -->
  <system-out/>
  <testcase classname="pagesTestCasesYasasiiWeb.EmployeeCreationTestcase" name="inclinic" time="0.000">
    <skipped/>
  </testcase> <!-- inclinic -->
  <system-out/>
  <testcase classname="pagesTestCasesYasasiiWeb.EmployeeCreationTestcase" name="inclinic" time="54.664"/>
  <system-out/>
  <testcase classname="pagesTestCasesYasasiiWeb.EmployeeCreationTestcase" name="inclinic" time="0.000">
    <skipped/>
  </testcase> <!-- inclinic -->
  <system-out/>
  <testcase classname="pagesTestCasesYasasiiWeb.EmployeeCreationTestcase" name="inclinic" time="0.000">
    <skipped/>
  </testcase> <!-- inclinic -->
  <system-out/>
  <testcase classname="pagesTestCasesYasasiiWeb.EmployeeCreationTestcase" name="inclinic" time="0.000">
    <skipped/>
  </testcase> <!-- inclinic -->
  <system-out/>
  <testcase classname="pagesTestCasesYasasiiWeb.EmployeeCreationTestcase" name="inclinic" time="0.000">
    <skipped/>
  </testcase> <!-- inclinic -->
  <system-out/>
  <testcase classname="pagesTestCasesYasasiiWeb.EmployeeCreationTestcase" name="inclinic" time="0.000">
    <skipped/>
  </testcase> <!-- inclinic -->
  <system-out/>
  <testcase classname="pagesTestCasesYasasiiWeb.EmployeeCreationTestcase" name="inclinic" time="0.000">
    <skipped/>
  </testcase> <!-- inclinic -->
  <system-out/>
  <testcase classname="pagesTestCasesYasasiiWeb.EmployeeCreationTestcase" name="inclinic" time="34.240">
    <error message="stale element reference: element is not attached to the page document
  (Session info: chrome=109.0.5414.75)
For documentation on this error, please visit: https://www.seleniumhq.org/exceptions/stale_element_reference.html
Build info: version: &#039;4.0.0-alpha-3&#039;, revision: &#039;8c567de6dc&#039;
System info: host: &#039;KI54&#039;, ip: &#039;192.168.0.54&#039;, os.name: &#039;Windows 10&#039;, os.arch: &#039;amd64&#039;, os.version: &#039;10.0&#039;, java.version: &#039;18.0.1&#039;
Driver info: org.openqa.selenium.chrome.ChromeDriver
Capabilities {acceptInsecureCerts: false, browserName: chrome, browserVersion: 109.0.5414.75, chrome: {chromedriverVersion: 109.0.5414.74 (e7c5703604da..., userDataDir: C:\Users\sriram\AppData\Loc...}, goog:chromeOptions: {debuggerAddress: localhost:51148}, javascriptEnabled: true, networkConnectionEnabled: false, pageLoadStrategy: normal, platform: WINDOWS, platformName: WINDOWS, proxy: Proxy(), setWindowRect: true, strictFileInteractability: false, timeouts: {implicit: 0, pageLoad: 300000, script: 30000}, unhandledPromptBehavior: dismiss and notify, webauthn:extension:credBlob: true, webauthn:extension:largeBlob: true, webauthn:virtualAuthenticators: true}
Session ID: bd09658028d9f4b1e76ae1a9c6d0edbf" type="org.openqa.selenium.StaleElementReferenceException">
      <![CDATA[org.openqa.selenium.StaleElementReferenceException: stale element reference: element is not attached to the page document
  (Session info: chrome=109.0.5414.75)
For documentation on this error, please visit: https://www.seleniumhq.org/exceptions/stale_element_reference.html
Build info: version: '4.0.0-alpha-3', revision: '8c567de6dc'
System info: host: 'KI54', ip: '192.168.0.54', os.name: 'Windows 10', os.arch: 'amd64', os.version: '10.0', java.version: '18.0.1'
Driver info: org.openqa.selenium.chrome.ChromeDriver
Capabilities {acceptInsecureCerts: false, browserName: chrome, browserVersion: 109.0.5414.75, chrome: {chromedriverVersion: 109.0.5414.74 (e7c5703604da..., userDataDir: C:\Users\sriram\AppData\Loc...}, goog:chromeOptions: {debuggerAddress: localhost:51148}, javascriptEnabled: true, networkConnectionEnabled: false, pageLoadStrategy: normal, platform: WINDOWS, platformName: WINDOWS, proxy: Proxy(), setWindowRect: true, strictFileInteractability: false, timeouts: {implicit: 0, pageLoad: 300000, script: 30000}, unhandledPromptBehavior: dismiss and notify, webauthn:extension:credBlob: true, webauthn:extension:largeBlob: true, webauthn:virtualAuthenticators: true}
Session ID: bd09658028d9f4b1e76ae1a9c6d0edbf
at java.base/jdk.internal.reflect.DirectConstructorHandleAccessor.newInstance(DirectConstructorHandleAccessor.java:67)
at java.base/java.lang.reflect.Constructor.newInstanceWithCaller(Constructor.java:499)
at java.base/java.lang.reflect.Constructor.newInstance(Constructor.java:483)
at org.openqa.selenium.remote.codec.w3c.W3CHttpResponseCodec.createException(W3CHttpResponseCodec.java:191)
at org.openqa.selenium.remote.codec.w3c.W3CHttpResponseCodec.decode(W3CHttpResponseCodec.java:125)
at org.openqa.selenium.remote.codec.w3c.W3CHttpResponseCodec.decode(W3CHttpResponseCodec.java:52)
at org.openqa.selenium.remote.HttpCommandExecutor.execute(HttpCommandExecutor.java:161)
at org.openqa.selenium.remote.service.DriverCommandExecutor.execute(DriverCommandExecutor.java:83)
at org.openqa.selenium.remote.RemoteWebDriver.execute(RemoteWebDriver.java:576)
at org.openqa.selenium.remote.RemoteWebElement.execute(RemoteWebElement.java:308)
at org.openqa.selenium.remote.RemoteWebElement.click(RemoteWebElement.java:83)
at pagesOfYasasiiWeb.employeeCreation.empcreation(employeeCreation.java:259)
at pagesTestCasesYasasiiWeb.EmployeeCreationTestcase.inclinic(EmployeeCreationTestcase.java:44)
at java.base/jdk.internal.reflect.DirectMethodHandleAccessor.invoke(DirectMethodHandleAccessor.java:104)
at java.base/java.lang.reflect.Method.invoke(Method.java:577)
at org.testng.internal.MethodInvocationHelper.invokeMethod(MethodInvocationHelper.java:132)
at org.testng.internal.TestInvoker.invokeMethod(TestInvoker.java:599)
at org.testng.internal.TestInvoker.invokeTestMethod(TestInvoker.java:174)
at org.testng.internal.MethodRunner.runInSequence(MethodRunner.java:46)
at org.testng.internal.TestInvoker$MethodInvocationAgent.invoke(TestInvoker.java:822)
at org.testng.internal.TestInvoker.invokeTestMethods(TestInvoker.java:147)
at org.testng.internal.TestMethodWorker.invokeTestMethods(TestMethodWorker.java:146)
at org.testng.internal.TestMethodWorker.run(TestMethodWorker.java:128)
at java.base/java.util.ArrayList.forEach(ArrayList.java:1511)
at org.testng.TestRunner.privateRun(TestRunner.java:764)
at org.testng.TestRunner.run(TestRunner.java:585)
at org.testng.SuiteRunner.runTest(SuiteRunner.java:384)
at org.testng.SuiteRunner.runSequentially(SuiteRunner.java:378)
at org.testng.SuiteRunner.privateRun(SuiteRunner.java:337)
at org.testng.SuiteRunner.run(SuiteRunner.java:286)
at org.testng.SuiteRunnerWorker.runSuite(SuiteRunnerWorker.java:53)
at org.testng.SuiteRunnerWorker.run(SuiteRunnerWorker.java:96)
at org.testng.TestNG.runSuitesSequentially(TestNG.java:1218)
at org.testng.TestNG.runSuitesLocally(TestNG.java:1140)
at org.testng.TestNG.runSuites(TestNG.java:1069)
at org.testng.TestNG.run(TestNG.java:1037)
at org.testng.remote.AbstractRemoteTestNG.run(AbstractRemoteTestNG.java:115)
at org.testng.remote.RemoteTestNG.initAndRun(RemoteTestNG.java:251)
at org.testng.remote.RemoteTestNG.main(RemoteTestNG.java:77)
]]>
    </error>
  </testcase> <!-- inclinic -->
  <system-out/>
  <testcase classname="pagesTestCasesYasasiiWeb.EmployeeCreationTestcase" name="inclinic" time="0.000">
    <skipped/>
  </testcase> <!-- inclinic -->
  <system-out/>
  <testcase classname="pagesTestCasesYasasiiWeb.EmployeeCreationTestcase" name="inclinic" time="0.000">
    <skipped/>
  </testcase> <!-- inclinic -->
  <system-out/>
  <testcase classname="pagesTestCasesYasasiiWeb.EmployeeCreationTestcase" name="inclinic" time="0.000">
    <skipped/>
  </testcase> <!-- inclinic -->
  <system-out/>
  <testcase classname="pagesTestCasesYasasiiWeb.EmployeeCreationTestcase" name="inclinic" time="0.000">
    <skipped/>
  </testcase> <!-- inclinic -->
  <system-out/>
  <testcase classname="pagesTestCasesYasasiiWeb.EmployeeCreationTestcase" name="inclinic" time="0.000">
    <skipped/>
  </testcase> <!-- inclinic -->
  <system-out/>
  <testcase classname="pagesTestCasesYasasiiWeb.EmployeeCreationTestcase" name="inclinic" time="0.000">
    <skipped/>
  </testcase> <!-- inclinic -->
  <system-out/>
  <testcase classname="pagesTestCasesYasasiiWeb.EmployeeCreationTestcase" name="inclinic" time="0.000">
    <skipped/>
  </testcase> <!-- inclinic -->
  <system-out/>
  <testcase classname="pagesTestCasesYasasiiWeb.EmployeeCreationTestcase" name="inclinic" time="54.336"/>
  <system-out/>
  <testcase classname="pagesTestCasesYasasiiWeb.EmployeeCreationTestcase" name="inclinic" time="0.000">
    <skipped/>
  </testcase> <!-- inclinic -->
  <system-out/>
  <testcase classname="pagesTestCasesYasasiiWeb.EmployeeCreationTestcase" name="inclinic" time="54.309"/>
  <system-out/>
  <testcase classname="pagesTestCasesYasasiiWeb.EmployeeCreationTestcase" name="inclinic" time="0.000">
    <skipped/>
  </testcase> <!-- inclinic -->
  <system-out/>
  <testcase classname="pagesTestCasesYasasiiWeb.EmployeeCreationTestcase" name="inclinic" time="0.000">
    <skipped/>
  </testcase> <!-- inclinic -->
  <system-out/>
  <testcase classname="pagesTestCasesYasasiiWeb.EmployeeCreationTestcase" name="inclinic" time="55.904"/>
  <system-out/>
  <testcase classname="pagesTestCasesYasasiiWeb.EmployeeCreationTestcase" name="inclinic" time="0.000">
    <skipped/>
  </testcase> <!-- inclinic -->
  <system-out/>
  <testcase classname="pagesTestCasesYasasiiWeb.EmployeeCreationTestcase" name="inclinic" time="0.000">
    <skipped/>
  </testcase> <!-- inclinic -->
  <system-out/>
  <testcase classname="pagesTestCasesYasasiiWeb.EmployeeCreationTestcase" name="inclinic" time="0.000">
    <skipped/>
  </testcase> <!-- inclinic -->
  <system-out/>
  <testcase classname="pagesTestCasesYasasiiWeb.EmployeeCreationTestcase" name="inclinic" time="0.000">
    <skipped/>
  </testcase> <!-- inclinic -->
  <system-out/>
  <testcase classname="pagesTestCasesYasasiiWeb.EmployeeCreationTestcase" name="inclinic" time="0.000">
    <skipped/>
  </testcase> <!-- inclinic -->
  <system-out/>
  <testcase classname="pagesTestCasesYasasiiWeb.EmployeeCreationTestcase" name="inclinic" time="0.000">
    <skipped/>
  </testcase> <!-- inclinic -->
  <system-out/>
  <testcase classname="pagesTestCasesYasasiiWeb.EmployeeCreationTestcase" name="inclinic" time="0.000">
    <skipped/>
  </testcase> <!-- inclinic -->
  <system-out/>
  <testcase classname="pagesTestCasesYasasiiWeb.EmployeeCreationTestcase" name="inclinic" time="0.000">
    <skipped/>
  </testcase> <!-- inclinic -->
  <system-out/>
  <testcase classname="pagesTestCasesYasasiiWeb.EmployeeCreationTestcase" name="inclinic" time="54.770"/>
  <system-out/>
  <testcase classname="pagesTestCasesYasasiiWeb.EmployeeCreationTestcase" name="inclinic" time="0.000">
    <skipped/>
  </testcase> <!-- inclinic -->
  <system-out/>
  <testcase classname="pagesTestCasesYasasiiWeb.EmployeeCreationTestcase" name="inclinic" time="0.000">
    <skipped/>
  </testcase> <!-- inclinic -->
  <system-out/>
  <testcase classname="pagesTestCasesYasasiiWeb.EmployeeCreationTestcase" name="inclinic" time="0.000">
    <skipped/>
  </testcase> <!-- inclinic -->
  <system-out/>
  <testcase classname="pagesTestCasesYasasiiWeb.EmployeeCreationTestcase" name="inclinic" time="0.000">
    <skipped/>
  </testcase> <!-- inclinic -->
  <system-out/>
  <testcase classname="pagesTestCasesYasasiiWeb.EmployeeCreationTestcase" name="inclinic" time="0.000">
    <skipped/>
  </testcase> <!-- inclinic -->
  <system-out/>
  <testcase classname="pagesTestCasesYasasiiWeb.EmployeeCreationTestcase" name="inclinic" time="0.000">
    <skipped/>
  </testcase> <!-- inclinic -->
  <system-out/>
  <testcase classname="pagesTestCasesYasasiiWeb.EmployeeCreationTestcase" name="inclinic" time="54.869"/>
  <system-out/>
  <testcase classname="pagesTestCasesYasasiiWeb.EmployeeCreationTestcase" name="inclinic" time="2.008">
    <error message="unexpected alert open: {Alert text : }
  (Session info: chrome=109.0.5414.75): {Alert text : 
Build info: version: &#039;4.0.0-alpha-3&#039;, revision: &#039;8c567de6dc&#039;
System info: host: &#039;KI54&#039;, ip: &#039;192.168.0.54&#039;, os.name: &#039;Windows 10&#039;, os.arch: &#039;amd64&#039;, os.version: &#039;10.0&#039;, java.version: &#039;18.0.1&#039;
Driver info: org.openqa.selenium.chrome.ChromeDriver
Capabilities {acceptInsecureCerts: false, browserName: chrome, browserVersion: 109.0.5414.75, chrome: {chromedriverVersion: 109.0.5414.74 (e7c5703604da..., userDataDir: C:\Users\sriram\AppData\Loc...}, goog:chromeOptions: {debuggerAddress: localhost:51148}, javascriptEnabled: true, networkConnectionEnabled: false, pageLoadStrategy: normal, platform: WINDOWS, platformName: WINDOWS, proxy: Proxy(), setWindowRect: true, strictFileInteractability: false, timeouts: {implicit: 0, pageLoad: 300000, script: 30000}, unhandledPromptBehavior: dismiss and notify, webauthn:extension:credBlob: true, webauthn:extension:largeBlob: true, webauthn:virtualAuthenticators: true}
Session ID: bd09658028d9f4b1e76ae1a9c6d0edbf
*** Element info: {Using=xpath, value=//input[@id=&#039;firstname&#039;]}" type="org.openqa.selenium.UnhandledAlertException">
      <![CDATA[org.openqa.selenium.UnhandledAlertException: unexpected alert open: {Alert text : }
  (Session info: chrome=109.0.5414.75): {Alert text : 
Build info: version: '4.0.0-alpha-3', revision: '8c567de6dc'
System info: host: 'KI54', ip: '192.168.0.54', os.name: 'Windows 10', os.arch: 'amd64', os.version: '10.0', java.version: '18.0.1'
Driver info: org.openqa.selenium.chrome.ChromeDriver
Capabilities {acceptInsecureCerts: false, browserName: chrome, browserVersion: 109.0.5414.75, chrome: {chromedriverVersion: 109.0.5414.74 (e7c5703604da..., userDataDir: C:\Users\sriram\AppData\Loc...}, goog:chromeOptions: {debuggerAddress: localhost:51148}, javascriptEnabled: true, networkConnectionEnabled: false, pageLoadStrategy: normal, platform: WINDOWS, platformName: WINDOWS, proxy: Proxy(), setWindowRect: true, strictFileInteractability: false, timeouts: {implicit: 0, pageLoad: 300000, script: 30000}, unhandledPromptBehavior: dismiss and notify, webauthn:extension:credBlob: true, webauthn:extension:largeBlob: true, webauthn:virtualAuthenticators: true}
Session ID: bd09658028d9f4b1e76ae1a9c6d0edbf
*** Element info: {Using=xpath, value=//input[@id='firstname']}
at org.openqa.selenium.remote.codec.w3c.W3CHttpResponseCodec.decode(W3CHttpResponseCodec.java:123)
at org.openqa.selenium.remote.codec.w3c.W3CHttpResponseCodec.decode(W3CHttpResponseCodec.java:52)
at org.openqa.selenium.remote.HttpCommandExecutor.execute(HttpCommandExecutor.java:161)
at org.openqa.selenium.remote.service.DriverCommandExecutor.execute(DriverCommandExecutor.java:83)
at org.openqa.selenium.remote.RemoteWebDriver.execute(RemoteWebDriver.java:576)
at org.openqa.selenium.remote.RemoteWebDriver.findElement(RemoteWebDriver.java:327)
at org.openqa.selenium.remote.RemoteWebDriver.findElementByXPath(RemoteWebDriver.java:445)
at org.openqa.selenium.By$ByXPath.findElement(By.java:396)
at org.openqa.selenium.remote.RemoteWebDriver.findElement(RemoteWebDriver.java:319)
at org.openqa.selenium.support.pagefactory.DefaultElementLocator.findElement(DefaultElementLocator.java:70)
at org.openqa.selenium.support.pagefactory.internal.LocatingElementHandler.invoke(LocatingElementHandler.java:39)
at jdk.proxy2/jdk.proxy2.$Proxy35.clear(Unknown Source)
at pagesOfYasasiiWeb.employeeCreation.empcreation(employeeCreation.java:135)
at pagesTestCasesYasasiiWeb.EmployeeCreationTestcase.inclinic(EmployeeCreationTestcase.java:44)
at java.base/jdk.internal.reflect.DirectMethodHandleAccessor.invoke(DirectMethodHandleAccessor.java:104)
at java.base/java.lang.reflect.Method.invoke(Method.java:577)
at org.testng.internal.MethodInvocationHelper.invokeMethod(MethodInvocationHelper.java:132)
at org.testng.internal.TestInvoker.invokeMethod(TestInvoker.java:599)
at org.testng.internal.TestInvoker.invokeTestMethod(TestInvoker.java:174)
at org.testng.internal.MethodRunner.runInSequence(MethodRunner.java:46)
at org.testng.internal.TestInvoker$MethodInvocationAgent.invoke(TestInvoker.java:822)
at org.testng.internal.TestInvoker.invokeTestMethods(TestInvoker.java:147)
at org.testng.internal.TestMethodWorker.invokeTestMethods(TestMethodWorker.java:146)
at org.testng.internal.TestMethodWorker.run(TestMethodWorker.java:128)
at java.base/java.util.ArrayList.forEach(ArrayList.java:1511)
at org.testng.TestRunner.privateRun(TestRunner.java:764)
at org.testng.TestRunner.run(TestRunner.java:585)
at org.testng.SuiteRunner.runTest(SuiteRunner.java:384)
at org.testng.SuiteRunner.runSequentially(SuiteRunner.java:378)
at org.testng.SuiteRunner.privateRun(SuiteRunner.java:337)
at org.testng.SuiteRunner.run(SuiteRunner.java:286)
at org.testng.SuiteRunnerWorker.runSuite(SuiteRunnerWorker.java:53)
at org.testng.SuiteRunnerWorker.run(SuiteRunnerWorker.java:96)
at org.testng.TestNG.runSuitesSequentially(TestNG.java:1218)
at org.testng.TestNG.runSuitesLocally(TestNG.java:1140)
at org.testng.TestNG.runSuites(TestNG.java:1069)
at org.testng.TestNG.run(TestNG.java:1037)
at org.testng.remote.AbstractRemoteTestNG.run(AbstractRemoteTestNG.java:115)
at org.testng.remote.RemoteTestNG.initAndRun(RemoteTestNG.java:251)
at org.testng.remote.RemoteTestNG.main(RemoteTestNG.java:77)
]]>
    </error>
  </testcase> <!-- inclinic -->
  <system-out/>
  <testcase classname="pagesTestCasesYasasiiWeb.EmployeeCreationTestcase" name="inclinic" time="0.000">
    <skipped/>
  </testcase> <!-- inclinic -->
  <system-out/>
  <testcase classname="pagesTestCasesYasasiiWeb.EmployeeCreationTestcase" name="inclinic" time="0.000">
    <skipped/>
  </testcase> <!-- inclinic -->
  <system-out/>
  <testcase classname="pagesTestCasesYasasiiWeb.EmployeeCreationTestcase" name="inclinic" time="0.000">
    <skipped/>
  </testcase> <!-- inclinic -->
  <system-out/>
  <testcase classname="pagesTestCasesYasasiiWeb.EmployeeCreationTestcase" name="inclinic" time="0.000">
    <skipped/>
  </testcase> <!-- inclinic -->
  <system-out/>
  <testcase classname="pagesTestCasesYasasiiWeb.EmployeeCreationTestcase" name="inclinic" time="0.000">
    <skipped/>
  </testcase> <!-- inclinic -->
  <system-out/>
  <testcase classname="pagesTestCasesYasasiiWeb.EmployeeCreationTestcase" name="inclinic" time="0.000">
    <skipped/>
  </testcase> <!-- inclinic -->
  <system-out/>
  <testcase classname="pagesTestCasesYasasiiWeb.EmployeeCreationTestcase" name="inclinic" time="0.000">
    <skipped/>
  </testcase> <!-- inclinic -->
  <system-out/>
  <testcase classname="pagesTestCasesYasasiiWeb.EmployeeCreationTestcase" name="inclinic" time="0.000">
    <skipped/>
  </testcase> <!-- inclinic -->
  <system-out/>
  <testcase classname="pagesTestCasesYasasiiWeb.EmployeeCreationTestcase" name="inclinic" time="0.000">
    <skipped/>
  </testcase> <!-- inclinic -->
  <system-out/>
  <testcase classname="pagesTestCasesYasasiiWeb.EmployeeCreationTestcase" name="inclinic" time="0.000">
    <skipped/>
  </testcase> <!-- inclinic -->
  <system-out/>
  <testcase classname="pagesTestCasesYasasiiWeb.EmployeeCreationTestcase" name="inclinic" time="0.000">
    <skipped/>
  </testcase> <!-- inclinic -->
  <system-out/>
  <testcase classname="pagesTestCasesYasasiiWeb.EmployeeCreationTestcase" name="inclinic" time="0.000">
    <skipped/>
  </testcase> <!-- inclinic -->
  <system-out/>
  <testcase classname="pagesTestCasesYasasiiWeb.EmployeeCreationTestcase" name="inclinic" time="0.000">
    <skipped/>
  </testcase> <!-- inclinic -->
  <system-out/>
  <testcase classname="pagesTestCasesYasasiiWeb.EmployeeCreationTestcase" name="inclinic" time="0.000">
    <skipped/>
  </testcase> <!-- inclinic -->
  <system-out/>
  <testcase classname="pagesTestCasesYasasiiWeb.EmployeeCreationTestcase" name="inclinic" time="0.000">
    <skipped/>
  </testcase> <!-- inclinic -->
  <system-out/>
  <testcase classname="pagesTestCasesYasasiiWeb.EmployeeCreationTestcase" name="inclinic" time="0.000">
    <skipped/>
  </testcase> <!-- inclinic -->
  <system-out/>
  <testcase classname="pagesTestCasesYasasiiWeb.EmployeeCreationTestcase" name="inclinic" time="2.017">
    <error message="unexpected alert open: {Alert text : }
  (Session info: chrome=109.0.5414.75): {Alert text : 
Build info: version: &#039;4.0.0-alpha-3&#039;, revision: &#039;8c567de6dc&#039;
System info: host: &#039;KI54&#039;, ip: &#039;192.168.0.54&#039;, os.name: &#039;Windows 10&#039;, os.arch: &#039;amd64&#039;, os.version: &#039;10.0&#039;, java.version: &#039;18.0.1&#039;
Driver info: org.openqa.selenium.chrome.ChromeDriver
Capabilities {acceptInsecureCerts: false, browserName: chrome, browserVersion: 109.0.5414.75, chrome: {chromedriverVersion: 109.0.5414.74 (e7c5703604da..., userDataDir: C:\Users\sriram\AppData\Loc...}, goog:chromeOptions: {debuggerAddress: localhost:51148}, javascriptEnabled: true, networkConnectionEnabled: false, pageLoadStrategy: normal, platform: WINDOWS, platformName: WINDOWS, proxy: Proxy(), setWindowRect: true, strictFileInteractability: false, timeouts: {implicit: 0, pageLoad: 300000, script: 30000}, unhandledPromptBehavior: dismiss and notify, webauthn:extension:credBlob: true, webauthn:extension:largeBlob: true, webauthn:virtualAuthenticators: true}
Session ID: bd09658028d9f4b1e76ae1a9c6d0edbf
*** Element info: {Using=xpath, value=//input[@id=&#039;firstname&#039;]}" type="org.openqa.selenium.UnhandledAlertException">
      <![CDATA[org.openqa.selenium.UnhandledAlertException: unexpected alert open: {Alert text : }
  (Session info: chrome=109.0.5414.75): {Alert text : 
Build info: version: '4.0.0-alpha-3', revision: '8c567de6dc'
System info: host: 'KI54', ip: '192.168.0.54', os.name: 'Windows 10', os.arch: 'amd64', os.version: '10.0', java.version: '18.0.1'
Driver info: org.openqa.selenium.chrome.ChromeDriver
Capabilities {acceptInsecureCerts: false, browserName: chrome, browserVersion: 109.0.5414.75, chrome: {chromedriverVersion: 109.0.5414.74 (e7c5703604da..., userDataDir: C:\Users\sriram\AppData\Loc...}, goog:chromeOptions: {debuggerAddress: localhost:51148}, javascriptEnabled: true, networkConnectionEnabled: false, pageLoadStrategy: normal, platform: WINDOWS, platformName: WINDOWS, proxy: Proxy(), setWindowRect: true, strictFileInteractability: false, timeouts: {implicit: 0, pageLoad: 300000, script: 30000}, unhandledPromptBehavior: dismiss and notify, webauthn:extension:credBlob: true, webauthn:extension:largeBlob: true, webauthn:virtualAuthenticators: true}
Session ID: bd09658028d9f4b1e76ae1a9c6d0edbf
*** Element info: {Using=xpath, value=//input[@id='firstname']}
at org.openqa.selenium.remote.codec.w3c.W3CHttpResponseCodec.decode(W3CHttpResponseCodec.java:123)
at org.openqa.selenium.remote.codec.w3c.W3CHttpResponseCodec.decode(W3CHttpResponseCodec.java:52)
at org.openqa.selenium.remote.HttpCommandExecutor.execute(HttpCommandExecutor.java:161)
at org.openqa.selenium.remote.service.DriverCommandExecutor.execute(DriverCommandExecutor.java:83)
at org.openqa.selenium.remote.RemoteWebDriver.execute(RemoteWebDriver.java:576)
at org.openqa.selenium.remote.RemoteWebDriver.findElement(RemoteWebDriver.java:327)
at org.openqa.selenium.remote.RemoteWebDriver.findElementByXPath(RemoteWebDriver.java:445)
at org.openqa.selenium.By$ByXPath.findElement(By.java:396)
at org.openqa.selenium.remote.RemoteWebDriver.findElement(RemoteWebDriver.java:319)
at org.openqa.selenium.support.pagefactory.DefaultElementLocator.findElement(DefaultElementLocator.java:70)
at org.openqa.selenium.support.pagefactory.internal.LocatingElementHandler.invoke(LocatingElementHandler.java:39)
at jdk.proxy2/jdk.proxy2.$Proxy35.clear(Unknown Source)
at pagesOfYasasiiWeb.employeeCreation.empcreation(employeeCreation.java:135)
at pagesTestCasesYasasiiWeb.EmployeeCreationTestcase.inclinic(EmployeeCreationTestcase.java:44)
at java.base/jdk.internal.reflect.DirectMethodHandleAccessor.invoke(DirectMethodHandleAccessor.java:104)
at java.base/java.lang.reflect.Method.invoke(Method.java:577)
at org.testng.internal.MethodInvocationHelper.invokeMethod(MethodInvocationHelper.java:132)
at org.testng.internal.TestInvoker.invokeMethod(TestInvoker.java:599)
at org.testng.internal.TestInvoker.invokeTestMethod(TestInvoker.java:174)
at org.testng.internal.MethodRunner.runInSequence(MethodRunner.java:46)
at org.testng.internal.TestInvoker$MethodInvocationAgent.invoke(TestInvoker.java:822)
at org.testng.internal.TestInvoker.invokeTestMethods(TestInvoker.java:147)
at org.testng.internal.TestMethodWorker.invokeTestMethods(TestMethodWorker.java:146)
at org.testng.internal.TestMethodWorker.run(TestMethodWorker.java:128)
at java.base/java.util.ArrayList.forEach(ArrayList.java:1511)
at org.testng.TestRunner.privateRun(TestRunner.java:764)
at org.testng.TestRunner.run(TestRunner.java:585)
at org.testng.SuiteRunner.runTest(SuiteRunner.java:384)
at org.testng.SuiteRunner.runSequentially(SuiteRunner.java:378)
at org.testng.SuiteRunner.privateRun(SuiteRunner.java:337)
at org.testng.SuiteRunner.run(SuiteRunner.java:286)
at org.testng.SuiteRunnerWorker.runSuite(SuiteRunnerWorker.java:53)
at org.testng.SuiteRunnerWorker.run(SuiteRunnerWorker.java:96)
at org.testng.TestNG.runSuitesSequentially(TestNG.java:1218)
at org.testng.TestNG.runSuitesLocally(TestNG.java:1140)
at org.testng.TestNG.runSuites(TestNG.java:1069)
at org.testng.TestNG.run(TestNG.java:1037)
at org.testng.remote.AbstractRemoteTestNG.run(AbstractRemoteTestNG.java:115)
at org.testng.remote.RemoteTestNG.initAndRun(RemoteTestNG.java:251)
at org.testng.remote.RemoteTestNG.main(RemoteTestNG.java:77)
]]>
    </error>
  </testcase> <!-- inclinic -->
  <system-out/>
  <testcase classname="pagesTestCasesYasasiiWeb.EmployeeCreationTestcase" name="inclinic" time="0.000">
    <skipped/>
  </testcase> <!-- inclinic -->
  <system-out/>
  <testcase classname="pagesTestCasesYasasiiWeb.EmployeeCreationTestcase" name="inclinic" time="0.000">
    <skipped/>
  </testcase> <!-- inclinic -->
  <system-out/>
  <testcase classname="pagesTestCasesYasasiiWeb.EmployeeCreationTestcase" name="inclinic" time="54.402"/>
  <system-out/>
  <testcase classname="pagesTestCasesYasasiiWeb.EmployeeCreationTestcase" name="inclinic" time="0.000">
    <skipped/>
  </testcase> <!-- inclinic -->
  <system-out/>
  <testcase classname="pagesTestCasesYasasiiWeb.EmployeeCreationTestcase" name="inclinic" time="0.000">
    <skipped/>
  </testcase> <!-- inclinic -->
  <system-out/>
  <testcase classname="pagesTestCasesYasasiiWeb.EmployeeCreationTestcase" name="inclinic" time="0.001">
    <skipped/>
  </testcase> <!-- inclinic -->
  <system-out/>
  <testcase classname="pagesTestCasesYasasiiWeb.EmployeeCreationTestcase" name="inclinic" time="0.000">
    <skipped/>
  </testcase> <!-- inclinic -->
  <system-out/>
  <testcase classname="pagesTestCasesYasasiiWeb.EmployeeCreationTestcase" name="inclinic" time="0.000">
    <skipped/>
  </testcase> <!-- inclinic -->
  <system-out/>
  <testcase classname="pagesTestCasesYasasiiWeb.EmployeeCreationTestcase" name="inclinic" time="0.000">
    <skipped/>
  </testcase> <!-- inclinic -->
  <system-out/>
  <testcase classname="pagesTestCasesYasasiiWeb.EmployeeCreationTestcase" name="inclinic" time="0.000">
    <skipped/>
  </testcase> <!-- inclinic -->
  <system-out/>
  <testcase classname="pagesTestCasesYasasiiWeb.EmployeeCreationTestcase" name="inclinic" time="0.000">
    <skipped/>
  </testcase> <!-- inclinic -->
  <system-out/>
  <testcase classname="pagesTestCasesYasasiiWeb.EmployeeCreationTestcase" name="inclinic" time="0.000">
    <skipped/>
  </testcase> <!-- inclinic -->
  <system-out/>
  <testcase classname="pagesTestCasesYasasiiWeb.EmployeeCreationTestcase" name="inclinic" time="54.198"/>
  <system-out/>
  <testcase classname="pagesTestCasesYasasiiWeb.EmployeeCreationTestcase" name="inclinic" time="0.000">
    <skipped/>
  </testcase> <!-- inclinic -->
  <system-out/>
  <testcase classname="pagesTestCasesYasasiiWeb.EmployeeCreationTestcase" name="inclinic" time="0.000">
    <skipped/>
  </testcase> <!-- inclinic -->
  <system-out/>
  <testcase classname="pagesTestCasesYasasiiWeb.EmployeeCreationTestcase" name="inclinic" time="0.000">
    <skipped/>
  </testcase> <!-- inclinic -->
  <system-out/>
  <testcase classname="pagesTestCasesYasasiiWeb.EmployeeCreationTestcase" name="inclinic" time="0.000">
    <skipped/>
  </testcase> <!-- inclinic -->
  <system-out/>
  <testcase classname="pagesTestCasesYasasiiWeb.EmployeeCreationTestcase" name="inclinic" time="0.000">
    <skipped/>
  </testcase> <!-- inclinic -->
  <system-out/>
  <testcase classname="pagesTestCasesYasasiiWeb.EmployeeCreationTestcase" name="inclinic" time="0.000">
    <skipped/>
  </testcase> <!-- inclinic -->
  <system-out/>
  <testcase classname="pagesTestCasesYasasiiWeb.EmployeeCreationTestcase" name="inclinic" time="0.000">
    <skipped/>
  </testcase> <!-- inclinic -->
  <system-out/>
  <testcase classname="pagesTestCasesYasasiiWeb.EmployeeCreationTestcase" name="inclinic" time="0.000">
    <skipped/>
  </testcase> <!-- inclinic -->
  <system-out/>
  <testcase classname="pagesTestCasesYasasiiWeb.EmployeeCreationTestcase" name="inclinic" time="0.000">
    <skipped/>
  </testcase> <!-- inclinic -->
  <system-out/>
  <testcase classname="pagesTestCasesYasasiiWeb.EmployeeCreationTestcase" name="inclinic" time="0.000">
    <skipped/>
  </testcase> <!-- inclinic -->
  <system-out/>
  <testcase classname="pagesTestCasesYasasiiWeb.EmployeeCreationTestcase" name="inclinic" time="0.000">
    <skipped/>
  </testcase> <!-- inclinic -->
  <system-out/>
  <testcase classname="pagesTestCasesYasasiiWeb.EmployeeCreationTestcase" name="inclinic" time="0.000">
    <skipped/>
  </testcase> <!-- inclinic -->
  <system-out/>
  <testcase classname="pagesTestCasesYasasiiWeb.EmployeeCreationTestcase" name="inclinic" time="0.000">
    <skipped/>
  </testcase> <!-- inclinic -->
  <system-out/>
  <testcase classname="pagesTestCasesYasasiiWeb.EmployeeCreationTestcase" name="inclinic" time="0.000">
    <skipped/>
  </testcase> <!-- inclinic -->
  <system-out/>
  <testcase classname="pagesTestCasesYasasiiWeb.EmployeeCreationTestcase" name="inclinic" time="0.000">
    <skipped/>
  </testcase> <!-- inclinic -->
  <system-out/>
  <testcase classname="pagesTestCasesYasasiiWeb.EmployeeCreationTestcase" name="inclinic" time="0.000">
    <skipped/>
  </testcase> <!-- inclinic -->
  <system-out/>
  <testcase classname="pagesTestCasesYasasiiWeb.EmployeeCreationTestcase" name="inclinic" time="55.020"/>
  <system-out/>
  <testcase classname="pagesTestCasesYasasiiWeb.EmployeeCreationTestcase" name="inclinic" time="0.000">
    <skipped/>
  </testcase> <!-- inclinic -->
  <system-out/>
  <testcase classname="pagesTestCasesYasasiiWeb.EmployeeCreationTestcase" name="inclinic" time="0.000">
    <skipped/>
  </testcase> <!-- inclinic -->
  <system-out/>
  <testcase classname="pagesTestCasesYasasiiWeb.EmployeeCreationTestcase" name="inclinic" time="0.000">
    <skipped/>
  </testcase> <!-- inclinic -->
  <system-out/>
  <testcase classname="pagesTestCasesYasasiiWeb.EmployeeCreationTestcase" name="inclinic" time="0.000">
    <skipped/>
  </testcase> <!-- inclinic -->
  <system-out/>
  <testcase classname="pagesTestCasesYasasiiWeb.EmployeeCreationTestcase" name="inclinic" time="55.557"/>
  <system-out/>
  <testcase classname="pagesTestCasesYasasiiWeb.EmployeeCreationTestcase" name="inclinic" time="0.000">
    <skipped/>
  </testcase> <!-- inclinic -->
  <system-out/>
  <testcase classname="pagesTestCasesYasasiiWeb.EmployeeCreationTestcase" name="inclinic" time="0.000">
    <skipped/>
  </testcase> <!-- inclinic -->
  <system-out/>
  <testcase classname="pagesTestCasesYasasiiWeb.EmployeeCreationTestcase" name="inclinic" time="0.000">
    <skipped/>
  </testcase> <!-- inclinic -->
  <system-out/>
  <testcase classname="pagesTestCasesYasasiiWeb.EmployeeCreationTestcase" name="inclinic" time="47.619">
    <error message="unexpected alert open: {Alert text : }
  (Session info: chrome=109.0.5414.75): {Alert text : 
Build info: version: &#039;4.0.0-alpha-3&#039;, revision: &#039;8c567de6dc&#039;
System info: host: &#039;KI54&#039;, ip: &#039;192.168.0.54&#039;, os.name: &#039;Windows 10&#039;, os.arch: &#039;amd64&#039;, os.version: &#039;10.0&#039;, java.version: &#039;18.0.1&#039;
Driver info: org.openqa.selenium.chrome.ChromeDriver
Capabilities {acceptInsecureCerts: false, browserName: chrome, browserVersion: 109.0.5414.75, chrome: {chromedriverVersion: 109.0.5414.74 (e7c5703604da..., userDataDir: C:\Users\sriram\AppData\Loc...}, goog:chromeOptions: {debuggerAddress: localhost:51148}, javascriptEnabled: true, networkConnectionEnabled: false, pageLoadStrategy: normal, platform: WINDOWS, platformName: WINDOWS, proxy: Proxy(), setWindowRect: true, strictFileInteractability: false, timeouts: {implicit: 0, pageLoad: 300000, script: 30000}, unhandledPromptBehavior: dismiss and notify, webauthn:extension:credBlob: true, webauthn:extension:largeBlob: true, webauthn:virtualAuthenticators: true}
Session ID: bd09658028d9f4b1e76ae1a9c6d0edbf
*** Element info: {Using=xpath, value=//input[@id=&#039;defaultmodule&#039;]}" type="org.openqa.selenium.UnhandledAlertException">
      <![CDATA[org.openqa.selenium.UnhandledAlertException: unexpected alert open: {Alert text : }
  (Session info: chrome=109.0.5414.75): {Alert text : 
Build info: version: '4.0.0-alpha-3', revision: '8c567de6dc'
System info: host: 'KI54', ip: '192.168.0.54', os.name: 'Windows 10', os.arch: 'amd64', os.version: '10.0', java.version: '18.0.1'
Driver info: org.openqa.selenium.chrome.ChromeDriver
Capabilities {acceptInsecureCerts: false, browserName: chrome, browserVersion: 109.0.5414.75, chrome: {chromedriverVersion: 109.0.5414.74 (e7c5703604da..., userDataDir: C:\Users\sriram\AppData\Loc...}, goog:chromeOptions: {debuggerAddress: localhost:51148}, javascriptEnabled: true, networkConnectionEnabled: false, pageLoadStrategy: normal, platform: WINDOWS, platformName: WINDOWS, proxy: Proxy(), setWindowRect: true, strictFileInteractability: false, timeouts: {implicit: 0, pageLoad: 300000, script: 30000}, unhandledPromptBehavior: dismiss and notify, webauthn:extension:credBlob: true, webauthn:extension:largeBlob: true, webauthn:virtualAuthenticators: true}
Session ID: bd09658028d9f4b1e76ae1a9c6d0edbf
*** Element info: {Using=xpath, value=//input[@id='defaultmodule']}
at org.openqa.selenium.remote.codec.w3c.W3CHttpResponseCodec.decode(W3CHttpResponseCodec.java:123)
at org.openqa.selenium.remote.codec.w3c.W3CHttpResponseCodec.decode(W3CHttpResponseCodec.java:52)
at org.openqa.selenium.remote.HttpCommandExecutor.execute(HttpCommandExecutor.java:161)
at org.openqa.selenium.remote.service.DriverCommandExecutor.execute(DriverCommandExecutor.java:83)
at org.openqa.selenium.remote.RemoteWebDriver.execute(RemoteWebDriver.java:576)
at org.openqa.selenium.remote.RemoteWebDriver.findElement(RemoteWebDriver.java:327)
at org.openqa.selenium.remote.RemoteWebDriver.findElementByXPath(RemoteWebDriver.java:445)
at org.openqa.selenium.By$ByXPath.findElement(By.java:396)
at org.openqa.selenium.remote.RemoteWebDriver.findElement(RemoteWebDriver.java:319)
at org.openqa.selenium.support.pagefactory.DefaultElementLocator.findElement(DefaultElementLocator.java:70)
at org.openqa.selenium.support.pagefactory.internal.LocatingElementHandler.invoke(LocatingElementHandler.java:39)
at jdk.proxy2/jdk.proxy2.$Proxy35.click(Unknown Source)
at pagesOfYasasiiWeb.employeeCreation.empcreation(employeeCreation.java:425)
at pagesTestCasesYasasiiWeb.EmployeeCreationTestcase.inclinic(EmployeeCreationTestcase.java:44)
at java.base/jdk.internal.reflect.DirectMethodHandleAccessor.invoke(DirectMethodHandleAccessor.java:104)
at java.base/java.lang.reflect.Method.invoke(Method.java:577)
at org.testng.internal.MethodInvocationHelper.invokeMethod(MethodInvocationHelper.java:132)
at org.testng.internal.TestInvoker.invokeMethod(TestInvoker.java:599)
at org.testng.internal.TestInvoker.invokeTestMethod(TestInvoker.java:174)
at org.testng.internal.MethodRunner.runInSequence(MethodRunner.java:46)
at org.testng.internal.TestInvoker$MethodInvocationAgent.invoke(TestInvoker.java:822)
at org.testng.internal.TestInvoker.invokeTestMethods(TestInvoker.java:147)
at org.testng.internal.TestMethodWorker.invokeTestMethods(TestMethodWorker.java:146)
at org.testng.internal.TestMethodWorker.run(TestMethodWorker.java:128)
at java.base/java.util.ArrayList.forEach(ArrayList.java:1511)
at org.testng.TestRunner.privateRun(TestRunner.java:764)
at org.testng.TestRunner.run(TestRunner.java:585)
at org.testng.SuiteRunner.runTest(SuiteRunner.java:384)
at org.testng.SuiteRunner.runSequentially(SuiteRunner.java:378)
at org.testng.SuiteRunner.privateRun(SuiteRunner.java:337)
at org.testng.SuiteRunner.run(SuiteRunner.java:286)
at org.testng.SuiteRunnerWorker.runSuite(SuiteRunnerWorker.java:53)
at org.testng.SuiteRunnerWorker.run(SuiteRunnerWorker.java:96)
at org.testng.TestNG.runSuitesSequentially(TestNG.java:1218)
at org.testng.TestNG.runSuitesLocally(TestNG.java:1140)
at org.testng.TestNG.runSuites(TestNG.java:1069)
at org.testng.TestNG.run(TestNG.java:1037)
at org.testng.remote.AbstractRemoteTestNG.run(AbstractRemoteTestNG.java:115)
at org.testng.remote.RemoteTestNG.initAndRun(RemoteTestNG.java:251)
at org.testng.remote.RemoteTestNG.main(RemoteTestNG.java:77)
]]>
    </error>
  </testcase> <!-- inclinic -->
  <system-out/>
  <testcase classname="pagesTestCasesYasasiiWeb.EmployeeCreationTestcase" name="inclinic" time="0.000">
    <skipped/>
  </testcase> <!-- inclinic -->
  <system-out/>
  <testcase classname="pagesTestCasesYasasiiWeb.EmployeeCreationTestcase" name="inclinic" time="0.000">
    <skipped/>
  </testcase> <!-- inclinic -->
  <system-out/>
  <testcase classname="pagesTestCasesYasasiiWeb.EmployeeCreationTestcase" name="inclinic" time="54.031"/>
  <system-out/>
  <testcase classname="pagesTestCasesYasasiiWeb.EmployeeCreationTestcase" name="teardown" time="32.379">
    <error message="disconnected: unable to connect to renderer
  (failed to check if window was closed: disconnected: unable to connect to renderer)
  (Session info: chrome=109.0.5414.75)
Build info: version: &#039;4.0.0-alpha-3&#039;, revision: &#039;8c567de6dc&#039;
System info: host: &#039;KI54&#039;, ip: &#039;192.168.0.54&#039;, os.name: &#039;Windows 10&#039;, os.arch: &#039;amd64&#039;, os.version: &#039;10.0&#039;, java.version: &#039;18.0.1&#039;
Driver info: org.openqa.selenium.chrome.ChromeDriver
Capabilities {acceptInsecureCerts: false, browserName: chrome, browserVersion: 109.0.5414.75, chrome: {chromedriverVersion: 109.0.5414.74 (e7c5703604da..., userDataDir: C:\Users\sriram\AppData\Loc...}, goog:chromeOptions: {debuggerAddress: localhost:51148}, javascriptEnabled: true, networkConnectionEnabled: false, pageLoadStrategy: normal, platform: WINDOWS, platformName: WINDOWS, proxy: Proxy(), setWindowRect: true, strictFileInteractability: false, timeouts: {implicit: 0, pageLoad: 300000, script: 30000}, unhandledPromptBehavior: dismiss and notify, webauthn:extension:credBlob: true, webauthn:extension:largeBlob: true, webauthn:virtualAuthenticators: true}
Session ID: bd09658028d9f4b1e76ae1a9c6d0edbf" type="org.openqa.selenium.WebDriverException">
      <![CDATA[org.openqa.selenium.WebDriverException: disconnected: unable to connect to renderer
  (failed to check if window was closed: disconnected: unable to connect to renderer)
  (Session info: chrome=109.0.5414.75)
Build info: version: '4.0.0-alpha-3', revision: '8c567de6dc'
System info: host: 'KI54', ip: '192.168.0.54', os.name: 'Windows 10', os.arch: 'amd64', os.version: '10.0', java.version: '18.0.1'
Driver info: org.openqa.selenium.chrome.ChromeDriver
Capabilities {acceptInsecureCerts: false, browserName: chrome, browserVersion: 109.0.5414.75, chrome: {chromedriverVersion: 109.0.5414.74 (e7c5703604da..., userDataDir: C:\Users\sriram\AppData\Loc...}, goog:chromeOptions: {debuggerAddress: localhost:51148}, javascriptEnabled: true, networkConnectionEnabled: false, pageLoadStrategy: normal, platform: WINDOWS, platformName: WINDOWS, proxy: Proxy(), setWindowRect: true, strictFileInteractability: false, timeouts: {implicit: 0, pageLoad: 300000, script: 30000}, unhandledPromptBehavior: dismiss and notify, webauthn:extension:credBlob: true, webauthn:extension:largeBlob: true, webauthn:virtualAuthenticators: true}
Session ID: bd09658028d9f4b1e76ae1a9c6d0edbf
at java.base/jdk.internal.reflect.DirectConstructorHandleAccessor.newInstance(DirectConstructorHandleAccessor.java:67)
at java.base/java.lang.reflect.Constructor.newInstanceWithCaller(Constructor.java:499)
at java.base/java.lang.reflect.Constructor.newInstance(Constructor.java:483)
at org.openqa.selenium.remote.codec.w3c.W3CHttpResponseCodec.createException(W3CHttpResponseCodec.java:191)
at org.openqa.selenium.remote.codec.w3c.W3CHttpResponseCodec.decode(W3CHttpResponseCodec.java:125)
at org.openqa.selenium.remote.codec.w3c.W3CHttpResponseCodec.decode(W3CHttpResponseCodec.java:52)
at org.openqa.selenium.remote.HttpCommandExecutor.execute(HttpCommandExecutor.java:161)
at org.openqa.selenium.remote.service.DriverCommandExecutor.execute(DriverCommandExecutor.java:83)
at org.openqa.selenium.remote.RemoteWebDriver.execute(RemoteWebDriver.java:576)
at org.openqa.selenium.remote.RemoteWebDriver.execute(RemoteWebDriver.java:633)
at org.openqa.selenium.remote.RemoteWebDriver.execute(RemoteWebDriver.java:637)
at org.openqa.selenium.remote.RemoteWebDriver.close(RemoteWebDriver.java:462)
at com.baseYasasiiWeb.TestBaseYasasiiWeb.teardown(TestBaseYasasiiWeb.java:223)
at java.base/jdk.internal.reflect.DirectMethodHandleAccessor.invoke(DirectMethodHandleAccessor.java:104)
at java.base/java.lang.reflect.Method.invoke(Method.java:577)
at org.testng.internal.MethodInvocationHelper.invokeMethod(MethodInvocationHelper.java:132)
at org.testng.internal.MethodInvocationHelper.invokeMethodConsideringTimeout(MethodInvocationHelper.java:61)
at org.testng.internal.ConfigInvoker.invokeConfigurationMethod(ConfigInvoker.java:366)
at org.testng.internal.ConfigInvoker.invokeConfigurations(ConfigInvoker.java:320)
at org.testng.SuiteRunner.privateRun(SuiteRunner.java:351)
at org.testng.SuiteRunner.run(SuiteRunner.java:286)
at org.testng.SuiteRunnerWorker.runSuite(SuiteRunnerWorker.java:53)
at org.testng.SuiteRunnerWorker.run(SuiteRunnerWorker.java:96)
at org.testng.TestNG.runSuitesSequentially(TestNG.java:1218)
at org.testng.TestNG.runSuitesLocally(TestNG.java:1140)
at org.testng.TestNG.runSuites(TestNG.java:1069)
at org.testng.TestNG.run(TestNG.java:1037)
at org.testng.remote.AbstractRemoteTestNG.run(AbstractRemoteTestNG.java:115)
at org.testng.remote.RemoteTestNG.initAndRun(RemoteTestNG.java:251)
at org.testng.remote.RemoteTestNG.main(RemoteTestNG.java:77)
]]>
    </error>
  </testcase> <!-- teardown -->
  <system-out/>
  <testcase classname="pagesTestCasesYasasiiWeb.EmployeeCreationTestcase" name="inclinic" time="0.000">
    <skipped/>
  </testcase> <!-- inclinic -->
  <system-out/>
  <testcase classname="pagesTestCasesYasasiiWeb.EmployeeCreationTestcase" name="inclinic" time="0.000">
    <skipped/>
  </testcase> <!-- inclinic -->
  <system-out/>
  <testcase classname="pagesTestCasesYasasiiWeb.EmployeeCreationTestcase" name="inclinic" time="0.000">
    <skipped/>
  </testcase> <!-- inclinic -->
  <system-out/>
  <testcase classname="pagesTestCasesYasasiiWeb.EmployeeCreationTestcase" name="inclinic" time="0.000">
    <skipped/>
  </testcase> <!-- inclinic -->
  <system-out/>
  <testcase classname="pagesTestCasesYasasiiWeb.EmployeeCreationTestcase" name="inclinic" time="0.000">
    <skipped/>
  </testcase> <!-- inclinic -->
  <system-out/>
  <testcase classname="pagesTestCasesYasasiiWeb.EmployeeCreationTestcase" name="inclinic" time="0.000">
    <skipped/>
  </testcase> <!-- inclinic -->
  <system-out/>
  <testcase classname="pagesTestCasesYasasiiWeb.EmployeeCreationTestcase" name="inclinic" time="0.000">
    <skipped/>
  </testcase> <!-- inclinic -->
  <system-out/>
  <testcase classname="pagesTestCasesYasasiiWeb.EmployeeCreationTestcase" name="inclinic" time="0.000">
    <skipped/>
  </testcase> <!-- inclinic -->
  <system-out/>
  <testcase classname="pagesTestCasesYasasiiWeb.EmployeeCreationTestcase" name="inclinic" time="0.000">
    <skipped/>
  </testcase> <!-- inclinic -->
  <system-out/>
  <testcase classname="pagesTestCasesYasasiiWeb.EmployeeCreationTestcase" name="inclinic" time="54.289"/>
  <system-out/>
  <testcase classname="pagesTestCasesYasasiiWeb.EmployeeCreationTestcase" name="inclinic" time="0.000">
    <skipped/>
  </testcase> <!-- inclinic -->
  <system-out/>
  <testcase classname="pagesTestCasesYasasiiWeb.EmployeeCreationTestcase" name="inclinic" time="56.815"/>
  <system-out/>
  <testcase classname="pagesTestCasesYasasiiWeb.EmployeeCreationTestcase" name="inclinic" time="2.019">
    <error message="unexpected alert open: {Alert text : }
  (Session info: chrome=109.0.5414.75): {Alert text : 
Build info: version: &#039;4.0.0-alpha-3&#039;, revision: &#039;8c567de6dc&#039;
System info: host: &#039;KI54&#039;, ip: &#039;192.168.0.54&#039;, os.name: &#039;Windows 10&#039;, os.arch: &#039;amd64&#039;, os.version: &#039;10.0&#039;, java.version: &#039;18.0.1&#039;
Driver info: org.openqa.selenium.chrome.ChromeDriver
Capabilities {acceptInsecureCerts: false, browserName: chrome, browserVersion: 109.0.5414.75, chrome: {chromedriverVersion: 109.0.5414.74 (e7c5703604da..., userDataDir: C:\Users\sriram\AppData\Loc...}, goog:chromeOptions: {debuggerAddress: localhost:51148}, javascriptEnabled: true, networkConnectionEnabled: false, pageLoadStrategy: normal, platform: WINDOWS, platformName: WINDOWS, proxy: Proxy(), setWindowRect: true, strictFileInteractability: false, timeouts: {implicit: 0, pageLoad: 300000, script: 30000}, unhandledPromptBehavior: dismiss and notify, webauthn:extension:credBlob: true, webauthn:extension:largeBlob: true, webauthn:virtualAuthenticators: true}
Session ID: bd09658028d9f4b1e76ae1a9c6d0edbf
*** Element info: {Using=xpath, value=//input[@id=&#039;firstname&#039;]}" type="org.openqa.selenium.UnhandledAlertException">
      <![CDATA[org.openqa.selenium.UnhandledAlertException: unexpected alert open: {Alert text : }
  (Session info: chrome=109.0.5414.75): {Alert text : 
Build info: version: '4.0.0-alpha-3', revision: '8c567de6dc'
System info: host: 'KI54', ip: '192.168.0.54', os.name: 'Windows 10', os.arch: 'amd64', os.version: '10.0', java.version: '18.0.1'
Driver info: org.openqa.selenium.chrome.ChromeDriver
Capabilities {acceptInsecureCerts: false, browserName: chrome, browserVersion: 109.0.5414.75, chrome: {chromedriverVersion: 109.0.5414.74 (e7c5703604da..., userDataDir: C:\Users\sriram\AppData\Loc...}, goog:chromeOptions: {debuggerAddress: localhost:51148}, javascriptEnabled: true, networkConnectionEnabled: false, pageLoadStrategy: normal, platform: WINDOWS, platformName: WINDOWS, proxy: Proxy(), setWindowRect: true, strictFileInteractability: false, timeouts: {implicit: 0, pageLoad: 300000, script: 30000}, unhandledPromptBehavior: dismiss and notify, webauthn:extension:credBlob: true, webauthn:extension:largeBlob: true, webauthn:virtualAuthenticators: true}
Session ID: bd09658028d9f4b1e76ae1a9c6d0edbf
*** Element info: {Using=xpath, value=//input[@id='firstname']}
at org.openqa.selenium.remote.codec.w3c.W3CHttpResponseCodec.decode(W3CHttpResponseCodec.java:123)
at org.openqa.selenium.remote.codec.w3c.W3CHttpResponseCodec.decode(W3CHttpResponseCodec.java:52)
at org.openqa.selenium.remote.HttpCommandExecutor.execute(HttpCommandExecutor.java:161)
at org.openqa.selenium.remote.service.DriverCommandExecutor.execute(DriverCommandExecutor.java:83)
at org.openqa.selenium.remote.RemoteWebDriver.execute(RemoteWebDriver.java:576)
at org.openqa.selenium.remote.RemoteWebDriver.findElement(RemoteWebDriver.java:327)
at org.openqa.selenium.remote.RemoteWebDriver.findElementByXPath(RemoteWebDriver.java:445)
at org.openqa.selenium.By$ByXPath.findElement(By.java:396)
at org.openqa.selenium.remote.RemoteWebDriver.findElement(RemoteWebDriver.java:319)
at org.openqa.selenium.support.pagefactory.DefaultElementLocator.findElement(DefaultElementLocator.java:70)
at org.openqa.selenium.support.pagefactory.internal.LocatingElementHandler.invoke(LocatingElementHandler.java:39)
at jdk.proxy2/jdk.proxy2.$Proxy35.clear(Unknown Source)
at pagesOfYasasiiWeb.employeeCreation.empcreation(employeeCreation.java:135)
at pagesTestCasesYasasiiWeb.EmployeeCreationTestcase.inclinic(EmployeeCreationTestcase.java:44)
at java.base/jdk.internal.reflect.DirectMethodHandleAccessor.invoke(DirectMethodHandleAccessor.java:104)
at java.base/java.lang.reflect.Method.invoke(Method.java:577)
at org.testng.internal.MethodInvocationHelper.invokeMethod(MethodInvocationHelper.java:132)
at org.testng.internal.TestInvoker.invokeMethod(TestInvoker.java:599)
at org.testng.internal.TestInvoker.invokeTestMethod(TestInvoker.java:174)
at org.testng.internal.MethodRunner.runInSequence(MethodRunner.java:46)
at org.testng.internal.TestInvoker$MethodInvocationAgent.invoke(TestInvoker.java:822)
at org.testng.internal.TestInvoker.invokeTestMethods(TestInvoker.java:147)
at org.testng.internal.TestMethodWorker.invokeTestMethods(TestMethodWorker.java:146)
at org.testng.internal.TestMethodWorker.run(TestMethodWorker.java:128)
at java.base/java.util.ArrayList.forEach(ArrayList.java:1511)
at org.testng.TestRunner.privateRun(TestRunner.java:764)
at org.testng.TestRunner.run(TestRunner.java:585)
at org.testng.SuiteRunner.runTest(SuiteRunner.java:384)
at org.testng.SuiteRunner.runSequentially(SuiteRunner.java:378)
at org.testng.SuiteRunner.privateRun(SuiteRunner.java:337)
at org.testng.SuiteRunner.run(SuiteRunner.java:286)
at org.testng.SuiteRunnerWorker.runSuite(SuiteRunnerWorker.java:53)
at org.testng.SuiteRunnerWorker.run(SuiteRunnerWorker.java:96)
at org.testng.TestNG.runSuitesSequentially(TestNG.java:1218)
at org.testng.TestNG.runSuitesLocally(TestNG.java:1140)
at org.testng.TestNG.runSuites(TestNG.java:1069)
at org.testng.TestNG.run(TestNG.java:1037)
at org.testng.remote.AbstractRemoteTestNG.run(AbstractRemoteTestNG.java:115)
at org.testng.remote.RemoteTestNG.initAndRun(RemoteTestNG.java:251)
at org.testng.remote.RemoteTestNG.main(RemoteTestNG.java:77)
]]>
    </error>
  </testcase> <!-- inclinic -->
  <system-out/>
  <testcase classname="pagesTestCasesYasasiiWeb.EmployeeCreationTestcase" name="inclinic" time="0.000">
    <skipped/>
  </testcase> <!-- inclinic -->
  <system-out/>
  <testcase classname="pagesTestCasesYasasiiWeb.EmployeeCreationTestcase" name="inclinic" time="0.000">
    <skipped/>
  </testcase> <!-- inclinic -->
  <system-out/>
  <testcase classname="pagesTestCasesYasasiiWeb.EmployeeCreationTestcase" name="inclinic" time="50.007">
    <error message="no such element: Unable to locate element: {&quot;method&quot;:&quot;xpath&quot;,&quot;selector&quot;:&quot;//label[normalize-space()=&#039;Encounter Creation Allowed&#039;]//span[@class=&#039;checkmark&#039;]&quot;}
  (Session info: chrome=109.0.5414.75)
For documentation on this error, please visit: https://www.seleniumhq.org/exceptions/no_such_element.html
Build info: version: &#039;4.0.0-alpha-3&#039;, revision: &#039;8c567de6dc&#039;
System info: host: &#039;KI54&#039;, ip: &#039;192.168.0.54&#039;, os.name: &#039;Windows 10&#039;, os.arch: &#039;amd64&#039;, os.version: &#039;10.0&#039;, java.version: &#039;18.0.1&#039;
Driver info: org.openqa.selenium.chrome.ChromeDriver
Capabilities {acceptInsecureCerts: false, browserName: chrome, browserVersion: 109.0.5414.75, chrome: {chromedriverVersion: 109.0.5414.74 (e7c5703604da..., userDataDir: C:\Users\sriram\AppData\Loc...}, goog:chromeOptions: {debuggerAddress: localhost:51148}, javascriptEnabled: true, networkConnectionEnabled: false, pageLoadStrategy: normal, platform: WINDOWS, platformName: WINDOWS, proxy: Proxy(), setWindowRect: true, strictFileInteractability: false, timeouts: {implicit: 0, pageLoad: 300000, script: 30000}, unhandledPromptBehavior: dismiss and notify, webauthn:extension:credBlob: true, webauthn:extension:largeBlob: true, webauthn:virtualAuthenticators: true}
Session ID: bd09658028d9f4b1e76ae1a9c6d0edbf
*** Element info: {Using=xpath, value=//label[normalize-space()=&#039;Encounter Creation Allowed&#039;]//span[@class=&#039;checkmark&#039;]}" type="org.openqa.selenium.NoSuchElementException">
      <![CDATA[org.openqa.selenium.NoSuchElementException: no such element: Unable to locate element: {"method":"xpath","selector":"//label[normalize-space()='Encounter Creation Allowed']//span[@class='checkmark']"}
  (Session info: chrome=109.0.5414.75)
For documentation on this error, please visit: https://www.seleniumhq.org/exceptions/no_such_element.html
Build info: version: '4.0.0-alpha-3', revision: '8c567de6dc'
System info: host: 'KI54', ip: '192.168.0.54', os.name: 'Windows 10', os.arch: 'amd64', os.version: '10.0', java.version: '18.0.1'
Driver info: org.openqa.selenium.chrome.ChromeDriver
Capabilities {acceptInsecureCerts: false, browserName: chrome, browserVersion: 109.0.5414.75, chrome: {chromedriverVersion: 109.0.5414.74 (e7c5703604da..., userDataDir: C:\Users\sriram\AppData\Loc...}, goog:chromeOptions: {debuggerAddress: localhost:51148}, javascriptEnabled: true, networkConnectionEnabled: false, pageLoadStrategy: normal, platform: WINDOWS, platformName: WINDOWS, proxy: Proxy(), setWindowRect: true, strictFileInteractability: false, timeouts: {implicit: 0, pageLoad: 300000, script: 30000}, unhandledPromptBehavior: dismiss and notify, webauthn:extension:credBlob: true, webauthn:extension:largeBlob: true, webauthn:virtualAuthenticators: true}
Session ID: bd09658028d9f4b1e76ae1a9c6d0edbf
*** Element info: {Using=xpath, value=//label[normalize-space()='Encounter Creation Allowed']//span[@class='checkmark']}
at java.base/jdk.internal.reflect.DirectConstructorHandleAccessor.newInstance(DirectConstructorHandleAccessor.java:67)
at java.base/java.lang.reflect.Constructor.newInstanceWithCaller(Constructor.java:499)
at java.base/java.lang.reflect.Constructor.newInstance(Constructor.java:483)
at org.openqa.selenium.remote.codec.w3c.W3CHttpResponseCodec.createException(W3CHttpResponseCodec.java:191)
at org.openqa.selenium.remote.codec.w3c.W3CHttpResponseCodec.decode(W3CHttpResponseCodec.java:125)
at org.openqa.selenium.remote.codec.w3c.W3CHttpResponseCodec.decode(W3CHttpResponseCodec.java:52)
at org.openqa.selenium.remote.HttpCommandExecutor.execute(HttpCommandExecutor.java:161)
at org.openqa.selenium.remote.service.DriverCommandExecutor.execute(DriverCommandExecutor.java:83)
at org.openqa.selenium.remote.RemoteWebDriver.execute(RemoteWebDriver.java:576)
at org.openqa.selenium.remote.RemoteWebDriver.findElement(RemoteWebDriver.java:327)
at org.openqa.selenium.remote.RemoteWebDriver.findElementByXPath(RemoteWebDriver.java:445)
at org.openqa.selenium.By$ByXPath.findElement(By.java:396)
at org.openqa.selenium.remote.RemoteWebDriver.findElement(RemoteWebDriver.java:319)
at pagesOfYasasiiWeb.employeeCreation.empcreation(employeeCreation.java:280)
at pagesTestCasesYasasiiWeb.EmployeeCreationTestcase.inclinic(EmployeeCreationTestcase.java:44)
at java.base/jdk.internal.reflect.DirectMethodHandleAccessor.invoke(DirectMethodHandleAccessor.java:104)
at java.base/java.lang.reflect.Method.invoke(Method.java:577)
at org.testng.internal.MethodInvocationHelper.invokeMethod(MethodInvocationHelper.java:132)
at org.testng.internal.TestInvoker.invokeMethod(TestInvoker.java:599)
at org.testng.internal.TestInvoker.invokeTestMethod(TestInvoker.java:174)
at org.testng.internal.MethodRunner.runInSequence(MethodRunner.java:46)
at org.testng.internal.TestInvoker$MethodInvocationAgent.invoke(TestInvoker.java:822)
at org.testng.internal.TestInvoker.invokeTestMethods(TestInvoker.java:147)
at org.testng.internal.TestMethodWorker.invokeTestMethods(TestMethodWorker.java:146)
at org.testng.internal.TestMethodWorker.run(TestMethodWorker.java:128)
at java.base/java.util.ArrayList.forEach(ArrayList.java:1511)
at org.testng.TestRunner.privateRun(TestRunner.java:764)
at org.testng.TestRunner.run(TestRunner.java:585)
at org.testng.SuiteRunner.runTest(SuiteRunner.java:384)
at org.testng.SuiteRunner.runSequentially(SuiteRunner.java:378)
at org.testng.SuiteRunner.privateRun(SuiteRunner.java:337)
at org.testng.SuiteRunner.run(SuiteRunner.java:286)
at org.testng.SuiteRunnerWorker.runSuite(SuiteRunnerWorker.java:53)
at org.testng.SuiteRunnerWorker.run(SuiteRunnerWorker.java:96)
at org.testng.TestNG.runSuitesSequentially(TestNG.java:1218)
at org.testng.TestNG.runSuitesLocally(TestNG.java:1140)
at org.testng.TestNG.runSuites(TestNG.java:1069)
at org.testng.TestNG.run(TestNG.java:1037)
at org.testng.remote.AbstractRemoteTestNG.run(AbstractRemoteTestNG.java:115)
at org.testng.remote.RemoteTestNG.initAndRun(RemoteTestNG.java:251)
at org.testng.remote.RemoteTestNG.main(RemoteTestNG.java:77)
]]>
    </error>
  </testcase> <!-- inclinic -->
  <system-out/>
  <testcase classname="pagesTestCasesYasasiiWeb.EmployeeCreationTestcase" name="inclinic" time="0.000">
    <skipped/>
  </testcase> <!-- inclinic -->
  <system-out/>
  <testcase classname="pagesTestCasesYasasiiWeb.EmployeeCreationTestcase" name="inclinic" time="0.000">
    <skipped/>
  </testcase> <!-- inclinic -->
  <system-out/>
  <testcase classname="pagesTestCasesYasasiiWeb.EmployeeCreationTestcase" name="inclinic" time="0.000">
    <skipped/>
  </testcase> <!-- inclinic -->
  <system-out/>
  <testcase classname="pagesTestCasesYasasiiWeb.EmployeeCreationTestcase" name="inclinic" time="54.191"/>
  <system-out/>
  <testcase classname="pagesTestCasesYasasiiWeb.EmployeeCreationTestcase" name="inclinic" time="54.307"/>
  <system-out/>
  <testcase classname="pagesTestCasesYasasiiWeb.EmployeeCreationTestcase" name="inclinic" time="0.000">
    <skipped/>
  </testcase> <!-- inclinic -->
  <system-out/>
  <testcase classname="pagesTestCasesYasasiiWeb.EmployeeCreationTestcase" name="inclinic" time="0.000">
    <skipped/>
  </testcase> <!-- inclinic -->
  <system-out/>
  <testcase classname="pagesTestCasesYasasiiWeb.EmployeeCreationTestcase" name="inclinic" time="0.000">
    <skipped/>
  </testcase> <!-- inclinic -->
  <system-out/>
  <testcase classname="pagesTestCasesYasasiiWeb.EmployeeCreationTestcase" name="inclinic" time="54.916"/>
  <system-out/>
  <testcase classname="pagesTestCasesYasasiiWeb.EmployeeCreationTestcase" name="inclinic" time="0.000">
    <skipped/>
  </testcase> <!-- inclinic -->
  <system-out/>
  <testcase classname="pagesTestCasesYasasiiWeb.EmployeeCreationTestcase" name="inclinic" time="0.000">
    <skipped/>
  </testcase> <!-- inclinic -->
  <system-out/>
  <testcase classname="pagesTestCasesYasasiiWeb.EmployeeCreationTestcase" name="inclinic" time="0.000">
    <skipped/>
  </testcase> <!-- inclinic -->
  <system-out/>
  <testcase classname="pagesTestCasesYasasiiWeb.EmployeeCreationTestcase" name="inclinic" time="0.000">
    <skipped/>
  </testcase> <!-- inclinic -->
  <system-out/>
  <testcase classname="pagesTestCasesYasasiiWeb.EmployeeCreationTestcase" name="inclinic" time="0.000">
    <skipped/>
  </testcase> <!-- inclinic -->
  <system-out/>
  <testcase classname="pagesTestCasesYasasiiWeb.EmployeeCreationTestcase" name="inclinic" time="0.000">
    <skipped/>
  </testcase> <!-- inclinic -->
  <system-out/>
  <testcase classname="pagesTestCasesYasasiiWeb.EmployeeCreationTestcase" name="inclinic" time="0.000">
    <skipped/>
  </testcase> <!-- inclinic -->
  <system-out/>
  <testcase classname="pagesTestCasesYasasiiWeb.EmployeeCreationTestcase" name="inclinic" time="0.000">
    <skipped/>
  </testcase> <!-- inclinic -->
  <system-out/>
  <testcase classname="pagesTestCasesYasasiiWeb.EmployeeCreationTestcase" name="inclinic" time="0.000">
    <skipped/>
  </testcase> <!-- inclinic -->
  <system-out/>
  <testcase classname="pagesTestCasesYasasiiWeb.EmployeeCreationTestcase" name="inclinic" time="53.928"/>
  <system-out/>
  <testcase classname="pagesTestCasesYasasiiWeb.EmployeeCreationTestcase" name="inclinic" time="0.000">
    <skipped/>
  </testcase> <!-- inclinic -->
  <system-out/>
  <testcase classname="pagesTestCasesYasasiiWeb.EmployeeCreationTestcase" name="inclinic" time="0.000">
    <skipped/>
  </testcase> <!-- inclinic -->
  <system-out/>
  <testcase classname="pagesTestCasesYasasiiWeb.EmployeeCreationTestcase" name="inclinic" time="0.000">
    <skipped/>
  </testcase> <!-- inclinic -->
  <system-out/>
  <testcase classname="pagesTestCasesYasasiiWeb.EmployeeCreationTestcase" name="inclinic" time="0.000">
    <skipped/>
  </testcase> <!-- inclinic -->
  <system-out/>
  <testcase classname="pagesTestCasesYasasiiWeb.EmployeeCreationTestcase" name="inclinic" time="0.000">
    <skipped/>
  </testcase> <!-- inclinic -->
  <system-out/>
  <testcase classname="pagesTestCasesYasasiiWeb.EmployeeCreationTestcase" name="inclinic" time="0.000">
    <skipped/>
  </testcase> <!-- inclinic -->
  <system-out/>
  <testcase classname="pagesTestCasesYasasiiWeb.EmployeeCreationTestcase" name="inclinic" time="0.000">
    <skipped/>
  </testcase> <!-- inclinic -->
  <system-out/>
  <testcase classname="pagesTestCasesYasasiiWeb.EmployeeCreationTestcase" name="inclinic" time="0.000">
    <skipped/>
  </testcase> <!-- inclinic -->
  <system-out/>
  <testcase classname="pagesTestCasesYasasiiWeb.EmployeeCreationTestcase" name="inclinic" time="0.000">
    <skipped/>
  </testcase> <!-- inclinic -->
  <system-out/>
  <testcase classname="pagesTestCasesYasasiiWeb.EmployeeCreationTestcase" name="inclinic" time="0.000">
    <skipped/>
  </testcase> <!-- inclinic -->
  <system-out/>
  <testcase classname="pagesTestCasesYasasiiWeb.EmployeeCreationTestcase" name="inclinic" time="0.000">
    <skipped/>
  </testcase> <!-- inclinic -->
  <system-out/>
  <testcase classname="pagesTestCasesYasasiiWeb.EmployeeCreationTestcase" name="inclinic" time="0.000">
    <skipped/>
  </testcase> <!-- inclinic -->
  <system-out/>
  <testcase classname="pagesTestCasesYasasiiWeb.EmployeeCreationTestcase" name="inclinic" time="0.000">
    <skipped/>
  </testcase> <!-- inclinic -->
  <system-out/>
  <testcase classname="pagesTestCasesYasasiiWeb.EmployeeCreationTestcase" name="inclinic" time="0.000">
    <skipped/>
  </testcase> <!-- inclinic -->
  <system-out/>
  <testcase classname="pagesTestCasesYasasiiWeb.EmployeeCreationTestcase" name="inclinic" time="0.000">
    <skipped/>
  </testcase> <!-- inclinic -->
  <system-out/>
  <testcase classname="pagesTestCasesYasasiiWeb.EmployeeCreationTestcase" name="inclinic" time="0.000">
    <skipped/>
  </testcase> <!-- inclinic -->
  <system-out/>
  <testcase classname="pagesTestCasesYasasiiWeb.EmployeeCreationTestcase" name="inclinic" time="0.000">
    <skipped/>
  </testcase> <!-- inclinic -->
  <system-out/>
  <testcase classname="pagesTestCasesYasasiiWeb.EmployeeCreationTestcase" name="inclinic" time="0.000">
    <skipped/>
  </testcase> <!-- inclinic -->
  <system-out/>
  <testcase classname="pagesTestCasesYasasiiWeb.EmployeeCreationTestcase" name="inclinic" time="0.000">
    <skipped/>
  </testcase> <!-- inclinic -->
  <system-out/>
  <testcase classname="pagesTestCasesYasasiiWeb.EmployeeCreationTestcase" name="inclinic" time="0.000">
    <skipped/>
  </testcase> <!-- inclinic -->
  <system-out/>
  <testcase classname="pagesTestCasesYasasiiWeb.EmployeeCreationTestcase" name="inclinic" time="0.000">
    <skipped/>
  </testcase> <!-- inclinic -->
  <system-out/>
  <testcase classname="pagesTestCasesYasasiiWeb.EmployeeCreationTestcase" name="inclinic" time="0.000">
    <skipped/>
  </testcase> <!-- inclinic -->
  <system-out/>
  <testcase classname="pagesTestCasesYasasiiWeb.EmployeeCreationTestcase" name="inclinic" time="0.000">
    <skipped/>
  </testcase> <!-- inclinic -->
  <system-out/>
  <testcase classname="pagesTestCasesYasasiiWeb.EmployeeCreationTestcase" name="inclinic" time="0.000">
    <skipped/>
  </testcase> <!-- inclinic -->
  <system-out/>
  <testcase classname="pagesTestCasesYasasiiWeb.EmployeeCreationTestcase" name="inclinic" time="55.694"/>
  <system-out/>
  <testcase classname="pagesTestCasesYasasiiWeb.EmployeeCreationTestcase" name="inclinic" time="0.000">
    <skipped/>
  </testcase> <!-- inclinic -->
  <system-out/>
  <testcase classname="pagesTestCasesYasasiiWeb.EmployeeCreationTestcase" name="inclinic" time="0.000">
    <skipped/>
  </testcase> <!-- inclinic -->
  <system-out/>
  <testcase classname="pagesTestCasesYasasiiWeb.EmployeeCreationTestcase" name="inclinic" time="0.000">
    <skipped/>
  </testcase> <!-- inclinic -->
  <system-out/>
  <testcase classname="pagesTestCasesYasasiiWeb.EmployeeCreationTestcase" name="inclinic" time="0.000">
    <skipped/>
  </testcase> <!-- inclinic -->
  <system-out/>
  <testcase classname="pagesTestCasesYasasiiWeb.EmployeeCreationTestcase" name="inclinic" time="0.000">
    <skipped/>
  </testcase> <!-- inclinic -->
  <system-out/>
  <testcase classname="pagesTestCasesYasasiiWeb.EmployeeCreationTestcase" name="inclinic" time="0.000">
    <skipped/>
  </testcase> <!-- inclinic -->
  <system-out/>
  <testcase classname="pagesTestCasesYasasiiWeb.EmployeeCreationTestcase" name="inclinic" time="0.000">
    <skipped/>
  </testcase> <!-- inclinic -->
  <system-out/>
  <testcase classname="pagesTestCasesYasasiiWeb.EmployeeCreationTestcase" name="inclinic" time="0.000">
    <skipped/>
  </testcase> <!-- inclinic -->
  <system-out/>
  <testcase classname="pagesTestCasesYasasiiWeb.EmployeeCreationTestcase" name="inclinic" time="0.000">
    <skipped/>
  </testcase> <!-- inclinic -->
  <system-out/>
  <testcase classname="pagesTestCasesYasasiiWeb.EmployeeCreationTestcase" name="inclinic" time="0.000">
    <skipped/>
  </testcase> <!-- inclinic -->
  <system-out/>
  <testcase classname="pagesTestCasesYasasiiWeb.EmployeeCreationTestcase" name="inclinic" time="0.000">
    <skipped/>
  </testcase> <!-- inclinic -->
  <system-out/>
  <testcase classname="pagesTestCasesYasasiiWeb.EmployeeCreationTestcase" name="inclinic" time="0.000">
    <skipped/>
  </testcase> <!-- inclinic -->
  <system-out/>
  <testcase classname="pagesTestCasesYasasiiWeb.EmployeeCreationTestcase" name="inclinic" time="54.550"/>
  <system-out/>
  <testcase classname="pagesTestCasesYasasiiWeb.EmployeeCreationTestcase" name="inclinic" time="0.000">
    <skipped/>
  </testcase> <!-- inclinic -->
  <system-out/>
  <testcase classname="pagesTestCasesYasasiiWeb.EmployeeCreationTestcase" name="inclinic" time="0.000">
    <skipped/>
  </testcase> <!-- inclinic -->
  <system-out/>
  <testcase classname="pagesTestCasesYasasiiWeb.EmployeeCreationTestcase" name="inclinic" time="0.000">
    <skipped/>
  </testcase> <!-- inclinic -->
  <system-out/>
  <testcase classname="pagesTestCasesYasasiiWeb.EmployeeCreationTestcase" name="inclinic" time="0.000">
    <skipped/>
  </testcase> <!-- inclinic -->
  <system-out/>
  <testcase classname="pagesTestCasesYasasiiWeb.EmployeeCreationTestcase" name="inclinic" time="55.024"/>
  <system-out/>
  <testcase classname="pagesTestCasesYasasiiWeb.EmployeeCreationTestcase" name="inclinic" time="0.000">
    <skipped/>
  </testcase> <!-- inclinic -->
  <system-out/>
  <testcase classname="pagesTestCasesYasasiiWeb.EmployeeCreationTestcase" name="inclinic" time="0.000">
    <skipped/>
  </testcase> <!-- inclinic -->
  <system-out/>
  <testcase classname="pagesTestCasesYasasiiWeb.EmployeeCreationTestcase" name="inclinic" time="54.810"/>
  <system-out/>
  <testcase classname="pagesTestCasesYasasiiWeb.EmployeeCreationTestcase" name="inclinic" time="49.976">
    <error message="no such element: Unable to locate element: {&quot;method&quot;:&quot;xpath&quot;,&quot;selector&quot;:&quot;//label[normalize-space()=&#039;Encounter Creation Allowed&#039;]//span[@class=&#039;checkmark&#039;]&quot;}
  (Session info: chrome=109.0.5414.75)
For documentation on this error, please visit: https://www.seleniumhq.org/exceptions/no_such_element.html
Build info: version: &#039;4.0.0-alpha-3&#039;, revision: &#039;8c567de6dc&#039;
System info: host: &#039;KI54&#039;, ip: &#039;192.168.0.54&#039;, os.name: &#039;Windows 10&#039;, os.arch: &#039;amd64&#039;, os.version: &#039;10.0&#039;, java.version: &#039;18.0.1&#039;
Driver info: org.openqa.selenium.chrome.ChromeDriver
Capabilities {acceptInsecureCerts: false, browserName: chrome, browserVersion: 109.0.5414.75, chrome: {chromedriverVersion: 109.0.5414.74 (e7c5703604da..., userDataDir: C:\Users\sriram\AppData\Loc...}, goog:chromeOptions: {debuggerAddress: localhost:51148}, javascriptEnabled: true, networkConnectionEnabled: false, pageLoadStrategy: normal, platform: WINDOWS, platformName: WINDOWS, proxy: Proxy(), setWindowRect: true, strictFileInteractability: false, timeouts: {implicit: 0, pageLoad: 300000, script: 30000}, unhandledPromptBehavior: dismiss and notify, webauthn:extension:credBlob: true, webauthn:extension:largeBlob: true, webauthn:virtualAuthenticators: true}
Session ID: bd09658028d9f4b1e76ae1a9c6d0edbf
*** Element info: {Using=xpath, value=//label[normalize-space()=&#039;Encounter Creation Allowed&#039;]//span[@class=&#039;checkmark&#039;]}" type="org.openqa.selenium.NoSuchElementException">
      <![CDATA[org.openqa.selenium.NoSuchElementException: no such element: Unable to locate element: {"method":"xpath","selector":"//label[normalize-space()='Encounter Creation Allowed']//span[@class='checkmark']"}
  (Session info: chrome=109.0.5414.75)
For documentation on this error, please visit: https://www.seleniumhq.org/exceptions/no_such_element.html
Build info: version: '4.0.0-alpha-3', revision: '8c567de6dc'
System info: host: 'KI54', ip: '192.168.0.54', os.name: 'Windows 10', os.arch: 'amd64', os.version: '10.0', java.version: '18.0.1'
Driver info: org.openqa.selenium.chrome.ChromeDriver
Capabilities {acceptInsecureCerts: false, browserName: chrome, browserVersion: 109.0.5414.75, chrome: {chromedriverVersion: 109.0.5414.74 (e7c5703604da..., userDataDir: C:\Users\sriram\AppData\Loc...}, goog:chromeOptions: {debuggerAddress: localhost:51148}, javascriptEnabled: true, networkConnectionEnabled: false, pageLoadStrategy: normal, platform: WINDOWS, platformName: WINDOWS, proxy: Proxy(), setWindowRect: true, strictFileInteractability: false, timeouts: {implicit: 0, pageLoad: 300000, script: 30000}, unhandledPromptBehavior: dismiss and notify, webauthn:extension:credBlob: true, webauthn:extension:largeBlob: true, webauthn:virtualAuthenticators: true}
Session ID: bd09658028d9f4b1e76ae1a9c6d0edbf
*** Element info: {Using=xpath, value=//label[normalize-space()='Encounter Creation Allowed']//span[@class='checkmark']}
at java.base/jdk.internal.reflect.DirectConstructorHandleAccessor.newInstance(DirectConstructorHandleAccessor.java:67)
at java.base/java.lang.reflect.Constructor.newInstanceWithCaller(Constructor.java:499)
at java.base/java.lang.reflect.Constructor.newInstance(Constructor.java:483)
at org.openqa.selenium.remote.codec.w3c.W3CHttpResponseCodec.createException(W3CHttpResponseCodec.java:191)
at org.openqa.selenium.remote.codec.w3c.W3CHttpResponseCodec.decode(W3CHttpResponseCodec.java:125)
at org.openqa.selenium.remote.codec.w3c.W3CHttpResponseCodec.decode(W3CHttpResponseCodec.java:52)
at org.openqa.selenium.remote.HttpCommandExecutor.execute(HttpCommandExecutor.java:161)
at org.openqa.selenium.remote.service.DriverCommandExecutor.execute(DriverCommandExecutor.java:83)
at org.openqa.selenium.remote.RemoteWebDriver.execute(RemoteWebDriver.java:576)
at org.openqa.selenium.remote.RemoteWebDriver.findElement(RemoteWebDriver.java:327)
at org.openqa.selenium.remote.RemoteWebDriver.findElementByXPath(RemoteWebDriver.java:445)
at org.openqa.selenium.By$ByXPath.findElement(By.java:396)
at org.openqa.selenium.remote.RemoteWebDriver.findElement(RemoteWebDriver.java:319)
at pagesOfYasasiiWeb.employeeCreation.empcreation(employeeCreation.java:280)
at pagesTestCasesYasasiiWeb.EmployeeCreationTestcase.inclinic(EmployeeCreationTestcase.java:44)
at java.base/jdk.internal.reflect.DirectMethodHandleAccessor.invoke(DirectMethodHandleAccessor.java:104)
at java.base/java.lang.reflect.Method.invoke(Method.java:577)
at org.testng.internal.MethodInvocationHelper.invokeMethod(MethodInvocationHelper.java:132)
at org.testng.internal.TestInvoker.invokeMethod(TestInvoker.java:599)
at org.testng.internal.TestInvoker.invokeTestMethod(TestInvoker.java:174)
at org.testng.internal.MethodRunner.runInSequence(MethodRunner.java:46)
at org.testng.internal.TestInvoker$MethodInvocationAgent.invoke(TestInvoker.java:822)
at org.testng.internal.TestInvoker.invokeTestMethods(TestInvoker.java:147)
at org.testng.internal.TestMethodWorker.invokeTestMethods(TestMethodWorker.java:146)
at org.testng.internal.TestMethodWorker.run(TestMethodWorker.java:128)
at java.base/java.util.ArrayList.forEach(ArrayList.java:1511)
at org.testng.TestRunner.privateRun(TestRunner.java:764)
at org.testng.TestRunner.run(TestRunner.java:585)
at org.testng.SuiteRunner.runTest(SuiteRunner.java:384)
at org.testng.SuiteRunner.runSequentially(SuiteRunner.java:378)
at org.testng.SuiteRunner.privateRun(SuiteRunner.java:337)
at org.testng.SuiteRunner.run(SuiteRunner.java:286)
at org.testng.SuiteRunnerWorker.runSuite(SuiteRunnerWorker.java:53)
at org.testng.SuiteRunnerWorker.run(SuiteRunnerWorker.java:96)
at org.testng.TestNG.runSuitesSequentially(TestNG.java:1218)
at org.testng.TestNG.runSuitesLocally(TestNG.java:1140)
at org.testng.TestNG.runSuites(TestNG.java:1069)
at org.testng.TestNG.run(TestNG.java:1037)
at org.testng.remote.AbstractRemoteTestNG.run(AbstractRemoteTestNG.java:115)
at org.testng.remote.RemoteTestNG.initAndRun(RemoteTestNG.java:251)
at org.testng.remote.RemoteTestNG.main(RemoteTestNG.java:77)
]]>
    </error>
  </testcase> <!-- inclinic -->
  <system-out/>
  <testcase classname="pagesTestCasesYasasiiWeb.EmployeeCreationTestcase" name="getResult" time="0.008">
    <error message="Cannot invoke &quot;String.indexOf(String)&quot; because &quot;path&quot; is null" type="java.lang.NullPointerException">
      <![CDATA[java.lang.NullPointerException: Cannot invoke "String.indexOf(String)" because "path" is null
at com.relevantcodes.extentreports.ExtentTest.isPathRelative(ExtentTest.java:502)
at com.relevantcodes.extentreports.ExtentTest.addScreenCapture(ExtentTest.java:287)
at com.baseYasasiiWeb.TestBaseYasasiiWeb.getResult(TestBaseYasasiiWeb.java:200)
at java.base/jdk.internal.reflect.DirectMethodHandleAccessor.invoke(DirectMethodHandleAccessor.java:104)
at java.base/java.lang.reflect.Method.invoke(Method.java:577)
at org.testng.internal.MethodInvocationHelper.invokeMethod(MethodInvocationHelper.java:132)
at org.testng.internal.MethodInvocationHelper.invokeMethodConsideringTimeout(MethodInvocationHelper.java:61)
at org.testng.internal.ConfigInvoker.invokeConfigurationMethod(ConfigInvoker.java:366)
at org.testng.internal.ConfigInvoker.invokeConfigurations(ConfigInvoker.java:320)
at org.testng.internal.TestInvoker.runConfigMethods(TestInvoker.java:701)
at org.testng.internal.TestInvoker.runAfterGroupsConfigurations(TestInvoker.java:677)
at org.testng.internal.TestInvoker.invokeMethod(TestInvoker.java:661)
at org.testng.internal.TestInvoker.invokeTestMethod(TestInvoker.java:174)
at org.testng.internal.MethodRunner.runInSequence(MethodRunner.java:46)
at org.testng.internal.TestInvoker$MethodInvocationAgent.invoke(TestInvoker.java:822)
at org.testng.internal.TestInvoker.invokeTestMethods(TestInvoker.java:147)
at org.testng.internal.TestMethodWorker.invokeTestMethods(TestMethodWorker.java:146)
at org.testng.internal.TestMethodWorker.run(TestMethodWorker.java:128)
at java.base/java.util.ArrayList.forEach(ArrayList.java:1511)
at org.testng.TestRunner.privateRun(TestRunner.java:764)
at org.testng.TestRunner.run(TestRunner.java:585)
at org.testng.SuiteRunner.runTest(SuiteRunner.java:384)
at org.testng.SuiteRunner.runSequentially(SuiteRunner.java:378)
at org.testng.SuiteRunner.privateRun(SuiteRunner.java:337)
at org.testng.SuiteRunner.run(SuiteRunner.java:286)
at org.testng.SuiteRunnerWorker.runSuite(SuiteRunnerWorker.java:53)
at org.testng.SuiteRunnerWorker.run(SuiteRunnerWorker.java:96)
at org.testng.TestNG.runSuitesSequentially(TestNG.java:1218)
at org.testng.TestNG.runSuitesLocally(TestNG.java:1140)
at org.testng.TestNG.runSuites(TestNG.java:1069)
at org.testng.TestNG.run(TestNG.java:1037)
at org.testng.remote.AbstractRemoteTestNG.run(AbstractRemoteTestNG.java:115)
at org.testng.remote.RemoteTestNG.initAndRun(RemoteTestNG.java:251)
at org.testng.remote.RemoteTestNG.main(RemoteTestNG.java:77)
]]>
    </error>
  </testcase> <!-- getResult -->
  <system-out/>
  <testcase classname="pagesTestCasesYasasiiWeb.EmployeeCreationTestcase" name="inclinic" time="0.000">
    <skipped/>
  </testcase> <!-- inclinic -->
  <system-out/>
  <testcase classname="pagesTestCasesYasasiiWeb.EmployeeCreationTestcase" name="inclinic" time="0.000">
    <skipped/>
  </testcase> <!-- inclinic -->
  <system-out/>
  <testcase classname="pagesTestCasesYasasiiWeb.EmployeeCreationTestcase" name="inclinic" time="55.048"/>
  <system-out/>
  <testcase classname="pagesTestCasesYasasiiWeb.EmployeeCreationTestcase" name="inclinic" time="55.952"/>
  <system-out/>
  <testcase classname="pagesTestCasesYasasiiWeb.EmployeeCreationTestcase" name="inclinic" time="0.000">
    <skipped/>
  </testcase> <!-- inclinic -->
  <system-out/>
  <testcase classname="pagesTestCasesYasasiiWeb.EmployeeCreationTestcase" name="inclinic" time="54.139"/>
  <system-out/>
</testsuite> <!-- pagesTestCasesYasasiiWeb.EmployeeCreationTestcase -->
