<?xml version="1.0" encoding="UTF-8"?>
<!-- Generated by org.testng.reporters.JUnitReportReporter -->
<testsuite hostname="KI54" failures="0" tests="3" name="pagesTestCasesYasasiiWeb.FO_ERPatient_AdmitAsIP_TestCases" time="24.486" errors="1" timestamp="2022-08-22T15:45:19 IST" skipped="2">
  <testcase classname="pagesTestCasesYasasiiWeb.FO_ERPatient_AdmitAsIP_TestCases" name="navigateFOPage" time="24.486">
    <error message="Cannot locate an element using xpath=//app-list-item/li[contains(text(),&quot;KIMSHEALTH TVM&quot;)]
For documentation on this error, please visit: https://www.seleniumhq.org/exceptions/no_such_element.html
Build info: version: &#039;4.0.0-alpha-3&#039;, revision: &#039;8c567de6dc&#039;
System info: host: &#039;KI54&#039;, ip: &#039;192.168.0.54&#039;, os.name: &#039;Windows 10&#039;, os.arch: &#039;amd64&#039;, os.version: &#039;10.0&#039;, java.version: &#039;18.0.1&#039;
Driver info: driver.version: RemoteWebDriver" type="org.openqa.selenium.NoSuchElementException">
      <![CDATA[org.openqa.selenium.NoSuchElementException: Cannot locate an element using xpath=//app-list-item/li[contains(text(),"KIMSHEALTH TVM")]
For documentation on this error, please visit: https://www.seleniumhq.org/exceptions/no_such_element.html
Build info: version: '4.0.0-alpha-3', revision: '8c567de6dc'
System info: host: 'KI54', ip: '192.168.0.54', os.name: 'Windows 10', os.arch: 'amd64', os.version: '10.0', java.version: '18.0.1'
Driver info: driver.version: RemoteWebDriver
at org.openqa.selenium.remote.RemoteWebDriver.findElement(RemoteWebDriver.java:330)
at org.openqa.selenium.remote.RemoteWebDriver.findElementByXPath(RemoteWebDriver.java:445)
at org.openqa.selenium.By$ByXPath.findElement(By.java:396)
at org.openqa.selenium.remote.RemoteWebDriver.findElement(RemoteWebDriver.java:319)
at pagesOfYasasiiWeb.LoginPageYasasiiWeb.enterloginDetails(LoginPageYasasiiWeb.java:59)
at pagesTestCasesYasasiiWeb.FO_ERPatient_AdmitAsIP_TestCases.navigateFOPage(FO_ERPatient_AdmitAsIP_TestCases.java:28)
at java.base/jdk.internal.reflect.DirectMethodHandleAccessor.invoke(DirectMethodHandleAccessor.java:104)
at java.base/java.lang.reflect.Method.invoke(Method.java:577)
at org.testng.internal.MethodInvocationHelper.invokeMethod(MethodInvocationHelper.java:132)
at org.testng.internal.MethodInvocationHelper.invokeMethodConsideringTimeout(MethodInvocationHelper.java:61)
at org.testng.internal.ConfigInvoker.invokeConfigurationMethod(ConfigInvoker.java:366)
at org.testng.internal.ConfigInvoker.invokeConfigurations(ConfigInvoker.java:320)
at org.testng.internal.TestMethodWorker.invokeBeforeClassMethods(TestMethodWorker.java:176)
at org.testng.internal.TestMethodWorker.run(TestMethodWorker.java:122)
at java.base/java.util.concurrent.ThreadPoolExecutor.runWorker(ThreadPoolExecutor.java:1136)
at java.base/java.util.concurrent.ThreadPoolExecutor$Worker.run(ThreadPoolExecutor.java:635)
at java.base/java.lang.Thread.run(Thread.java:833)
]]>
    </error>
  </testcase> <!-- navigateFOPage -->
  <system-out/>
  <testcase classname="pagesTestCasesYasasiiWeb.FO_ERPatient_AdmitAsIP_TestCases" name="combinePay" time="0.000">
    <skipped/>
  </testcase> <!-- combinePay -->
  <system-out/>
  <testcase classname="pagesTestCasesYasasiiWeb.FO_ERPatient_AdmitAsIP_TestCases" name="combinePay1" time="0.000">
    <skipped/>
  </testcase> <!-- combinePay1 -->
  <system-out/>
</testsuite> <!-- pagesTestCasesYasasiiWeb.FO_ERPatient_AdmitAsIP_TestCases -->
