<?xml version="1.0" encoding="UTF-8"?>
<!-- Generated by org.testng.reporters.JUnitReportReporter -->
<testsuite hostname="KI54" failures="0" tests="120" name="pagesTestCasesYasasiiWeb.Dental_testcase" time="3311.669" errors="8" timestamp="2023-01-30T10:47:12 IST" skipped="0">
  <testcase classname="pagesTestCasesYasasiiWeb.Dental_testcase" name="master" time="28.947"/>
  <system-out/>
  <testcase classname="pagesTestCasesYasasiiWeb.Dental_testcase" name="master" time="28.778"/>
  <system-out/>
  <testcase classname="pagesTestCasesYasasiiWeb.Dental_testcase" name="master" time="29.174"/>
  <system-out/>
  <testcase classname="pagesTestCasesYasasiiWeb.Dental_testcase" name="master" time="28.945"/>
  <system-out/>
  <testcase classname="pagesTestCasesYasasiiWeb.Dental_testcase" name="master" time="28.367"/>
  <system-out/>
  <testcase classname="pagesTestCasesYasasiiWeb.Dental_testcase" name="master" time="29.114"/>
  <system-out/>
  <testcase classname="pagesTestCasesYasasiiWeb.Dental_testcase" name="master" time="3.115">
    <error message="element click intercepted: Element &lt;button _ngcontent-jfi-c38=&quot;&quot; class=&quot;btn btn-red clear&quot; type=&quot;button&quot;&gt;...&lt;/button&gt; is not clickable at point (1300, 591). Other element would receive the click: &lt;div class=&quot;menu-overlay&quot;&gt;&lt;/div&gt;
  (Session info: chrome=109.0.5414.75)
Build info: version: &#039;4.0.0-alpha-3&#039;, revision: &#039;8c567de6dc&#039;
System info: host: &#039;KI54&#039;, ip: &#039;192.168.0.54&#039;, os.name: &#039;Windows 10&#039;, os.arch: &#039;amd64&#039;, os.version: &#039;10.0&#039;, java.version: &#039;18.0.1&#039;
Driver info: org.openqa.selenium.chrome.ChromeDriver
Capabilities {acceptInsecureCerts: false, browserName: chrome, browserVersion: 109.0.5414.75, chrome: {chromedriverVersion: 109.0.5414.74 (e7c5703604da..., userDataDir: C:\Users\sriram\AppData\Loc...}, goog:chromeOptions: {debuggerAddress: localhost:59829}, javascriptEnabled: true, networkConnectionEnabled: false, pageLoadStrategy: normal, platform: WINDOWS, platformName: WINDOWS, proxy: Proxy(), setWindowRect: true, strictFileInteractability: false, timeouts: {implicit: 0, pageLoad: 300000, script: 30000}, unhandledPromptBehavior: dismiss and notify, webauthn:extension:credBlob: true, webauthn:extension:largeBlob: true, webauthn:virtualAuthenticators: true}
Session ID: 2c084ad0bdcbdc39fa4eeaf558f94183" type="org.openqa.selenium.ElementClickInterceptedException">
      <![CDATA[org.openqa.selenium.ElementClickInterceptedException: element click intercepted: Element <button _ngcontent-jfi-c38="" class="btn btn-red clear" type="button">...</button> is not clickable at point (1300, 591). Other element would receive the click: <div class="menu-overlay"></div>
  (Session info: chrome=109.0.5414.75)
Build info: version: '4.0.0-alpha-3', revision: '8c567de6dc'
System info: host: 'KI54', ip: '192.168.0.54', os.name: 'Windows 10', os.arch: 'amd64', os.version: '10.0', java.version: '18.0.1'
Driver info: org.openqa.selenium.chrome.ChromeDriver
Capabilities {acceptInsecureCerts: false, browserName: chrome, browserVersion: 109.0.5414.75, chrome: {chromedriverVersion: 109.0.5414.74 (e7c5703604da..., userDataDir: C:\Users\sriram\AppData\Loc...}, goog:chromeOptions: {debuggerAddress: localhost:59829}, javascriptEnabled: true, networkConnectionEnabled: false, pageLoadStrategy: normal, platform: WINDOWS, platformName: WINDOWS, proxy: Proxy(), setWindowRect: true, strictFileInteractability: false, timeouts: {implicit: 0, pageLoad: 300000, script: 30000}, unhandledPromptBehavior: dismiss and notify, webauthn:extension:credBlob: true, webauthn:extension:largeBlob: true, webauthn:virtualAuthenticators: true}
Session ID: 2c084ad0bdcbdc39fa4eeaf558f94183
at java.base/jdk.internal.reflect.DirectConstructorHandleAccessor.newInstance(DirectConstructorHandleAccessor.java:67)
at java.base/java.lang.reflect.Constructor.newInstanceWithCaller(Constructor.java:499)
at java.base/java.lang.reflect.Constructor.newInstance(Constructor.java:483)
at org.openqa.selenium.remote.codec.w3c.W3CHttpResponseCodec.createException(W3CHttpResponseCodec.java:191)
at org.openqa.selenium.remote.codec.w3c.W3CHttpResponseCodec.decode(W3CHttpResponseCodec.java:125)
at org.openqa.selenium.remote.codec.w3c.W3CHttpResponseCodec.decode(W3CHttpResponseCodec.java:52)
at org.openqa.selenium.remote.HttpCommandExecutor.execute(HttpCommandExecutor.java:161)
at org.openqa.selenium.remote.service.DriverCommandExecutor.execute(DriverCommandExecutor.java:83)
at org.openqa.selenium.remote.RemoteWebDriver.execute(RemoteWebDriver.java:576)
at org.openqa.selenium.remote.RemoteWebElement.execute(RemoteWebElement.java:308)
at org.openqa.selenium.remote.RemoteWebElement.click(RemoteWebElement.java:83)
at pagesOfYasasiiWeb.dental_yasassiWeb.master(dental_yasassiWeb.java:148)
at pagesTestCasesYasasiiWeb.Dental_testcase.master(Dental_testcase.java:58)
at java.base/jdk.internal.reflect.DirectMethodHandleAccessor.invoke(DirectMethodHandleAccessor.java:104)
at java.base/java.lang.reflect.Method.invoke(Method.java:577)
at org.testng.internal.MethodInvocationHelper.invokeMethod(MethodInvocationHelper.java:132)
at org.testng.internal.TestInvoker.invokeMethod(TestInvoker.java:599)
at org.testng.internal.TestInvoker.invokeTestMethod(TestInvoker.java:174)
at org.testng.internal.MethodRunner.runInSequence(MethodRunner.java:46)
at org.testng.internal.TestInvoker$MethodInvocationAgent.invoke(TestInvoker.java:822)
at org.testng.internal.TestInvoker.invokeTestMethods(TestInvoker.java:147)
at org.testng.internal.TestMethodWorker.invokeTestMethods(TestMethodWorker.java:146)
at org.testng.internal.TestMethodWorker.run(TestMethodWorker.java:128)
at java.base/java.util.ArrayList.forEach(ArrayList.java:1511)
at org.testng.TestRunner.privateRun(TestRunner.java:764)
at org.testng.TestRunner.run(TestRunner.java:585)
at org.testng.SuiteRunner.runTest(SuiteRunner.java:384)
at org.testng.SuiteRunner.runSequentially(SuiteRunner.java:378)
at org.testng.SuiteRunner.privateRun(SuiteRunner.java:337)
at org.testng.SuiteRunner.run(SuiteRunner.java:286)
at org.testng.SuiteRunnerWorker.runSuite(SuiteRunnerWorker.java:53)
at org.testng.SuiteRunnerWorker.run(SuiteRunnerWorker.java:96)
at org.testng.TestNG.runSuitesSequentially(TestNG.java:1218)
at org.testng.TestNG.runSuitesLocally(TestNG.java:1140)
at org.testng.TestNG.runSuites(TestNG.java:1069)
at org.testng.TestNG.run(TestNG.java:1037)
at org.testng.remote.AbstractRemoteTestNG.run(AbstractRemoteTestNG.java:115)
at org.testng.remote.RemoteTestNG.initAndRun(RemoteTestNG.java:251)
at org.testng.remote.RemoteTestNG.main(RemoteTestNG.java:77)
]]>
    </error>
  </testcase> <!-- master -->
  <system-out/>
  <testcase classname="pagesTestCasesYasasiiWeb.Dental_testcase" name="master" time="29.234"/>
  <system-out/>
  <testcase classname="pagesTestCasesYasasiiWeb.Dental_testcase" name="master" time="29.143"/>
  <system-out/>
  <testcase classname="pagesTestCasesYasasiiWeb.Dental_testcase" name="master" time="29.574"/>
  <system-out/>
  <testcase classname="pagesTestCasesYasasiiWeb.Dental_testcase" name="master" time="31.685"/>
  <system-out/>
  <testcase classname="pagesTestCasesYasasiiWeb.Dental_testcase" name="master" time="28.741"/>
  <system-out/>
  <testcase classname="pagesTestCasesYasasiiWeb.Dental_testcase" name="master" time="30.889"/>
  <system-out/>
  <testcase classname="pagesTestCasesYasasiiWeb.Dental_testcase" name="master" time="29.096"/>
  <system-out/>
  <testcase classname="pagesTestCasesYasasiiWeb.Dental_testcase" name="master" time="32.622"/>
  <system-out/>
  <testcase classname="pagesTestCasesYasasiiWeb.Dental_testcase" name="master" time="28.117"/>
  <system-out/>
  <testcase classname="pagesTestCasesYasasiiWeb.Dental_testcase" name="master" time="29.058"/>
  <system-out/>
  <testcase classname="pagesTestCasesYasasiiWeb.Dental_testcase" name="master" time="28.471"/>
  <system-out/>
  <testcase classname="pagesTestCasesYasasiiWeb.Dental_testcase" name="master" time="28.448"/>
  <system-out/>
  <testcase classname="pagesTestCasesYasasiiWeb.Dental_testcase" name="master" time="28.757"/>
  <system-out/>
  <testcase classname="pagesTestCasesYasasiiWeb.Dental_testcase" name="master" time="28.649"/>
  <system-out/>
  <testcase classname="pagesTestCasesYasasiiWeb.Dental_testcase" name="master" time="28.672"/>
  <system-out/>
  <testcase classname="pagesTestCasesYasasiiWeb.Dental_testcase" name="master" time="29.066"/>
  <system-out/>
  <testcase classname="pagesTestCasesYasasiiWeb.Dental_testcase" name="master" time="28.779"/>
  <system-out/>
  <testcase classname="pagesTestCasesYasasiiWeb.Dental_testcase" name="master" time="30.675"/>
  <system-out/>
  <testcase classname="pagesTestCasesYasasiiWeb.Dental_testcase" name="master" time="29.087"/>
  <system-out/>
  <testcase classname="pagesTestCasesYasasiiWeb.Dental_testcase" name="master" time="28.603"/>
  <system-out/>
  <testcase classname="pagesTestCasesYasasiiWeb.Dental_testcase" name="master" time="30.322"/>
  <system-out/>
  <testcase classname="pagesTestCasesYasasiiWeb.Dental_testcase" name="master" time="28.672"/>
  <system-out/>
  <testcase classname="pagesTestCasesYasasiiWeb.Dental_testcase" name="master" time="28.820"/>
  <system-out/>
  <testcase classname="pagesTestCasesYasasiiWeb.Dental_testcase" name="master" time="28.502"/>
  <system-out/>
  <testcase classname="pagesTestCasesYasasiiWeb.Dental_testcase" name="master" time="29.080"/>
  <system-out/>
  <testcase classname="pagesTestCasesYasasiiWeb.Dental_testcase" name="master" time="30.044"/>
  <system-out/>
  <testcase classname="pagesTestCasesYasasiiWeb.Dental_testcase" name="master" time="28.855"/>
  <system-out/>
  <testcase classname="pagesTestCasesYasasiiWeb.Dental_testcase" name="master" time="30.016"/>
  <system-out/>
  <testcase classname="pagesTestCasesYasasiiWeb.Dental_testcase" name="master" time="28.214"/>
  <system-out/>
  <testcase classname="pagesTestCasesYasasiiWeb.Dental_testcase" name="master" time="29.518"/>
  <system-out/>
  <testcase classname="pagesTestCasesYasasiiWeb.Dental_testcase" name="master" time="30.485"/>
  <system-out/>
  <testcase classname="pagesTestCasesYasasiiWeb.Dental_testcase" name="master" time="28.893"/>
  <system-out/>
  <testcase classname="pagesTestCasesYasasiiWeb.Dental_testcase" name="master" time="28.502"/>
  <system-out/>
  <testcase classname="pagesTestCasesYasasiiWeb.Dental_testcase" name="master" time="28.350"/>
  <system-out/>
  <testcase classname="pagesTestCasesYasasiiWeb.Dental_testcase" name="master" time="28.634"/>
  <system-out/>
  <testcase classname="pagesTestCasesYasasiiWeb.Dental_testcase" name="master" time="28.805"/>
  <system-out/>
  <testcase classname="pagesTestCasesYasasiiWeb.Dental_testcase" name="master" time="28.820"/>
  <system-out/>
  <testcase classname="pagesTestCasesYasasiiWeb.Dental_testcase" name="master" time="28.440"/>
  <system-out/>
  <testcase classname="pagesTestCasesYasasiiWeb.Dental_testcase" name="master" time="3.120">
    <error message="element click intercepted: Element &lt;button _ngcontent-jfi-c38=&quot;&quot; class=&quot;btn btn-red clear&quot; type=&quot;button&quot;&gt;...&lt;/button&gt; is not clickable at point (1300, 591). Other element would receive the click: &lt;div class=&quot;menu-overlay&quot;&gt;&lt;/div&gt;
  (Session info: chrome=109.0.5414.75)
Build info: version: &#039;4.0.0-alpha-3&#039;, revision: &#039;8c567de6dc&#039;
System info: host: &#039;KI54&#039;, ip: &#039;192.168.0.54&#039;, os.name: &#039;Windows 10&#039;, os.arch: &#039;amd64&#039;, os.version: &#039;10.0&#039;, java.version: &#039;18.0.1&#039;
Driver info: org.openqa.selenium.chrome.ChromeDriver
Capabilities {acceptInsecureCerts: false, browserName: chrome, browserVersion: 109.0.5414.75, chrome: {chromedriverVersion: 109.0.5414.74 (e7c5703604da..., userDataDir: C:\Users\sriram\AppData\Loc...}, goog:chromeOptions: {debuggerAddress: localhost:59829}, javascriptEnabled: true, networkConnectionEnabled: false, pageLoadStrategy: normal, platform: WINDOWS, platformName: WINDOWS, proxy: Proxy(), setWindowRect: true, strictFileInteractability: false, timeouts: {implicit: 0, pageLoad: 300000, script: 30000}, unhandledPromptBehavior: dismiss and notify, webauthn:extension:credBlob: true, webauthn:extension:largeBlob: true, webauthn:virtualAuthenticators: true}
Session ID: 2c084ad0bdcbdc39fa4eeaf558f94183" type="org.openqa.selenium.ElementClickInterceptedException">
      <![CDATA[org.openqa.selenium.ElementClickInterceptedException: element click intercepted: Element <button _ngcontent-jfi-c38="" class="btn btn-red clear" type="button">...</button> is not clickable at point (1300, 591). Other element would receive the click: <div class="menu-overlay"></div>
  (Session info: chrome=109.0.5414.75)
Build info: version: '4.0.0-alpha-3', revision: '8c567de6dc'
System info: host: 'KI54', ip: '192.168.0.54', os.name: 'Windows 10', os.arch: 'amd64', os.version: '10.0', java.version: '18.0.1'
Driver info: org.openqa.selenium.chrome.ChromeDriver
Capabilities {acceptInsecureCerts: false, browserName: chrome, browserVersion: 109.0.5414.75, chrome: {chromedriverVersion: 109.0.5414.74 (e7c5703604da..., userDataDir: C:\Users\sriram\AppData\Loc...}, goog:chromeOptions: {debuggerAddress: localhost:59829}, javascriptEnabled: true, networkConnectionEnabled: false, pageLoadStrategy: normal, platform: WINDOWS, platformName: WINDOWS, proxy: Proxy(), setWindowRect: true, strictFileInteractability: false, timeouts: {implicit: 0, pageLoad: 300000, script: 30000}, unhandledPromptBehavior: dismiss and notify, webauthn:extension:credBlob: true, webauthn:extension:largeBlob: true, webauthn:virtualAuthenticators: true}
Session ID: 2c084ad0bdcbdc39fa4eeaf558f94183
at java.base/jdk.internal.reflect.DirectConstructorHandleAccessor.newInstance(DirectConstructorHandleAccessor.java:67)
at java.base/java.lang.reflect.Constructor.newInstanceWithCaller(Constructor.java:499)
at java.base/java.lang.reflect.Constructor.newInstance(Constructor.java:483)
at org.openqa.selenium.remote.codec.w3c.W3CHttpResponseCodec.createException(W3CHttpResponseCodec.java:191)
at org.openqa.selenium.remote.codec.w3c.W3CHttpResponseCodec.decode(W3CHttpResponseCodec.java:125)
at org.openqa.selenium.remote.codec.w3c.W3CHttpResponseCodec.decode(W3CHttpResponseCodec.java:52)
at org.openqa.selenium.remote.HttpCommandExecutor.execute(HttpCommandExecutor.java:161)
at org.openqa.selenium.remote.service.DriverCommandExecutor.execute(DriverCommandExecutor.java:83)
at org.openqa.selenium.remote.RemoteWebDriver.execute(RemoteWebDriver.java:576)
at org.openqa.selenium.remote.RemoteWebElement.execute(RemoteWebElement.java:308)
at org.openqa.selenium.remote.RemoteWebElement.click(RemoteWebElement.java:83)
at pagesOfYasasiiWeb.dental_yasassiWeb.master(dental_yasassiWeb.java:148)
at pagesTestCasesYasasiiWeb.Dental_testcase.master(Dental_testcase.java:58)
at java.base/jdk.internal.reflect.DirectMethodHandleAccessor.invoke(DirectMethodHandleAccessor.java:104)
at java.base/java.lang.reflect.Method.invoke(Method.java:577)
at org.testng.internal.MethodInvocationHelper.invokeMethod(MethodInvocationHelper.java:132)
at org.testng.internal.TestInvoker.invokeMethod(TestInvoker.java:599)
at org.testng.internal.TestInvoker.invokeTestMethod(TestInvoker.java:174)
at org.testng.internal.MethodRunner.runInSequence(MethodRunner.java:46)
at org.testng.internal.TestInvoker$MethodInvocationAgent.invoke(TestInvoker.java:822)
at org.testng.internal.TestInvoker.invokeTestMethods(TestInvoker.java:147)
at org.testng.internal.TestMethodWorker.invokeTestMethods(TestMethodWorker.java:146)
at org.testng.internal.TestMethodWorker.run(TestMethodWorker.java:128)
at java.base/java.util.ArrayList.forEach(ArrayList.java:1511)
at org.testng.TestRunner.privateRun(TestRunner.java:764)
at org.testng.TestRunner.run(TestRunner.java:585)
at org.testng.SuiteRunner.runTest(SuiteRunner.java:384)
at org.testng.SuiteRunner.runSequentially(SuiteRunner.java:378)
at org.testng.SuiteRunner.privateRun(SuiteRunner.java:337)
at org.testng.SuiteRunner.run(SuiteRunner.java:286)
at org.testng.SuiteRunnerWorker.runSuite(SuiteRunnerWorker.java:53)
at org.testng.SuiteRunnerWorker.run(SuiteRunnerWorker.java:96)
at org.testng.TestNG.runSuitesSequentially(TestNG.java:1218)
at org.testng.TestNG.runSuitesLocally(TestNG.java:1140)
at org.testng.TestNG.runSuites(TestNG.java:1069)
at org.testng.TestNG.run(TestNG.java:1037)
at org.testng.remote.AbstractRemoteTestNG.run(AbstractRemoteTestNG.java:115)
at org.testng.remote.RemoteTestNG.initAndRun(RemoteTestNG.java:251)
at org.testng.remote.RemoteTestNG.main(RemoteTestNG.java:77)
]]>
    </error>
  </testcase> <!-- master -->
  <system-out/>
  <testcase classname="pagesTestCasesYasasiiWeb.Dental_testcase" name="master" time="3.109">
    <error message="element click intercepted: Element &lt;button _ngcontent-jfi-c38=&quot;&quot; class=&quot;btn btn-red clear&quot; type=&quot;button&quot;&gt;...&lt;/button&gt; is not clickable at point (1300, 591). Other element would receive the click: &lt;div class=&quot;menu-overlay&quot;&gt;&lt;/div&gt;
  (Session info: chrome=109.0.5414.75)
Build info: version: &#039;4.0.0-alpha-3&#039;, revision: &#039;8c567de6dc&#039;
System info: host: &#039;KI54&#039;, ip: &#039;192.168.0.54&#039;, os.name: &#039;Windows 10&#039;, os.arch: &#039;amd64&#039;, os.version: &#039;10.0&#039;, java.version: &#039;18.0.1&#039;
Driver info: org.openqa.selenium.chrome.ChromeDriver
Capabilities {acceptInsecureCerts: false, browserName: chrome, browserVersion: 109.0.5414.75, chrome: {chromedriverVersion: 109.0.5414.74 (e7c5703604da..., userDataDir: C:\Users\sriram\AppData\Loc...}, goog:chromeOptions: {debuggerAddress: localhost:59829}, javascriptEnabled: true, networkConnectionEnabled: false, pageLoadStrategy: normal, platform: WINDOWS, platformName: WINDOWS, proxy: Proxy(), setWindowRect: true, strictFileInteractability: false, timeouts: {implicit: 0, pageLoad: 300000, script: 30000}, unhandledPromptBehavior: dismiss and notify, webauthn:extension:credBlob: true, webauthn:extension:largeBlob: true, webauthn:virtualAuthenticators: true}
Session ID: 2c084ad0bdcbdc39fa4eeaf558f94183" type="org.openqa.selenium.ElementClickInterceptedException">
      <![CDATA[org.openqa.selenium.ElementClickInterceptedException: element click intercepted: Element <button _ngcontent-jfi-c38="" class="btn btn-red clear" type="button">...</button> is not clickable at point (1300, 591). Other element would receive the click: <div class="menu-overlay"></div>
  (Session info: chrome=109.0.5414.75)
Build info: version: '4.0.0-alpha-3', revision: '8c567de6dc'
System info: host: 'KI54', ip: '192.168.0.54', os.name: 'Windows 10', os.arch: 'amd64', os.version: '10.0', java.version: '18.0.1'
Driver info: org.openqa.selenium.chrome.ChromeDriver
Capabilities {acceptInsecureCerts: false, browserName: chrome, browserVersion: 109.0.5414.75, chrome: {chromedriverVersion: 109.0.5414.74 (e7c5703604da..., userDataDir: C:\Users\sriram\AppData\Loc...}, goog:chromeOptions: {debuggerAddress: localhost:59829}, javascriptEnabled: true, networkConnectionEnabled: false, pageLoadStrategy: normal, platform: WINDOWS, platformName: WINDOWS, proxy: Proxy(), setWindowRect: true, strictFileInteractability: false, timeouts: {implicit: 0, pageLoad: 300000, script: 30000}, unhandledPromptBehavior: dismiss and notify, webauthn:extension:credBlob: true, webauthn:extension:largeBlob: true, webauthn:virtualAuthenticators: true}
Session ID: 2c084ad0bdcbdc39fa4eeaf558f94183
at java.base/jdk.internal.reflect.DirectConstructorHandleAccessor.newInstance(DirectConstructorHandleAccessor.java:67)
at java.base/java.lang.reflect.Constructor.newInstanceWithCaller(Constructor.java:499)
at java.base/java.lang.reflect.Constructor.newInstance(Constructor.java:483)
at org.openqa.selenium.remote.codec.w3c.W3CHttpResponseCodec.createException(W3CHttpResponseCodec.java:191)
at org.openqa.selenium.remote.codec.w3c.W3CHttpResponseCodec.decode(W3CHttpResponseCodec.java:125)
at org.openqa.selenium.remote.codec.w3c.W3CHttpResponseCodec.decode(W3CHttpResponseCodec.java:52)
at org.openqa.selenium.remote.HttpCommandExecutor.execute(HttpCommandExecutor.java:161)
at org.openqa.selenium.remote.service.DriverCommandExecutor.execute(DriverCommandExecutor.java:83)
at org.openqa.selenium.remote.RemoteWebDriver.execute(RemoteWebDriver.java:576)
at org.openqa.selenium.remote.RemoteWebElement.execute(RemoteWebElement.java:308)
at org.openqa.selenium.remote.RemoteWebElement.click(RemoteWebElement.java:83)
at pagesOfYasasiiWeb.dental_yasassiWeb.master(dental_yasassiWeb.java:148)
at pagesTestCasesYasasiiWeb.Dental_testcase.master(Dental_testcase.java:58)
at java.base/jdk.internal.reflect.DirectMethodHandleAccessor.invoke(DirectMethodHandleAccessor.java:104)
at java.base/java.lang.reflect.Method.invoke(Method.java:577)
at org.testng.internal.MethodInvocationHelper.invokeMethod(MethodInvocationHelper.java:132)
at org.testng.internal.TestInvoker.invokeMethod(TestInvoker.java:599)
at org.testng.internal.TestInvoker.invokeTestMethod(TestInvoker.java:174)
at org.testng.internal.MethodRunner.runInSequence(MethodRunner.java:46)
at org.testng.internal.TestInvoker$MethodInvocationAgent.invoke(TestInvoker.java:822)
at org.testng.internal.TestInvoker.invokeTestMethods(TestInvoker.java:147)
at org.testng.internal.TestMethodWorker.invokeTestMethods(TestMethodWorker.java:146)
at org.testng.internal.TestMethodWorker.run(TestMethodWorker.java:128)
at java.base/java.util.ArrayList.forEach(ArrayList.java:1511)
at org.testng.TestRunner.privateRun(TestRunner.java:764)
at org.testng.TestRunner.run(TestRunner.java:585)
at org.testng.SuiteRunner.runTest(SuiteRunner.java:384)
at org.testng.SuiteRunner.runSequentially(SuiteRunner.java:378)
at org.testng.SuiteRunner.privateRun(SuiteRunner.java:337)
at org.testng.SuiteRunner.run(SuiteRunner.java:286)
at org.testng.SuiteRunnerWorker.runSuite(SuiteRunnerWorker.java:53)
at org.testng.SuiteRunnerWorker.run(SuiteRunnerWorker.java:96)
at org.testng.TestNG.runSuitesSequentially(TestNG.java:1218)
at org.testng.TestNG.runSuitesLocally(TestNG.java:1140)
at org.testng.TestNG.runSuites(TestNG.java:1069)
at org.testng.TestNG.run(TestNG.java:1037)
at org.testng.remote.AbstractRemoteTestNG.run(AbstractRemoteTestNG.java:115)
at org.testng.remote.RemoteTestNG.initAndRun(RemoteTestNG.java:251)
at org.testng.remote.RemoteTestNG.main(RemoteTestNG.java:77)
]]>
    </error>
  </testcase> <!-- master -->
  <system-out/>
  <testcase classname="pagesTestCasesYasasiiWeb.Dental_testcase" name="master" time="28.836"/>
  <system-out/>
  <testcase classname="pagesTestCasesYasasiiWeb.Dental_testcase" name="master" time="29.714"/>
  <system-out/>
  <testcase classname="pagesTestCasesYasasiiWeb.Dental_testcase" name="master" time="28.842"/>
  <system-out/>
  <testcase classname="pagesTestCasesYasasiiWeb.Dental_testcase" name="master" time="29.420"/>
  <system-out/>
  <testcase classname="pagesTestCasesYasasiiWeb.Dental_testcase" name="master" time="28.379"/>
  <system-out/>
  <testcase classname="pagesTestCasesYasasiiWeb.Dental_testcase" name="master" time="28.576"/>
  <system-out/>
  <testcase classname="pagesTestCasesYasasiiWeb.Dental_testcase" name="master" time="28.965"/>
  <system-out/>
  <testcase classname="pagesTestCasesYasasiiWeb.Dental_testcase" name="master" time="3.117">
    <error message="element click intercepted: Element &lt;button _ngcontent-jfi-c38=&quot;&quot; class=&quot;btn btn-red clear&quot; type=&quot;button&quot;&gt;...&lt;/button&gt; is not clickable at point (1300, 591). Other element would receive the click: &lt;div class=&quot;menu-overlay&quot;&gt;&lt;/div&gt;
  (Session info: chrome=109.0.5414.75)
Build info: version: &#039;4.0.0-alpha-3&#039;, revision: &#039;8c567de6dc&#039;
System info: host: &#039;KI54&#039;, ip: &#039;192.168.0.54&#039;, os.name: &#039;Windows 10&#039;, os.arch: &#039;amd64&#039;, os.version: &#039;10.0&#039;, java.version: &#039;18.0.1&#039;
Driver info: org.openqa.selenium.chrome.ChromeDriver
Capabilities {acceptInsecureCerts: false, browserName: chrome, browserVersion: 109.0.5414.75, chrome: {chromedriverVersion: 109.0.5414.74 (e7c5703604da..., userDataDir: C:\Users\sriram\AppData\Loc...}, goog:chromeOptions: {debuggerAddress: localhost:59829}, javascriptEnabled: true, networkConnectionEnabled: false, pageLoadStrategy: normal, platform: WINDOWS, platformName: WINDOWS, proxy: Proxy(), setWindowRect: true, strictFileInteractability: false, timeouts: {implicit: 0, pageLoad: 300000, script: 30000}, unhandledPromptBehavior: dismiss and notify, webauthn:extension:credBlob: true, webauthn:extension:largeBlob: true, webauthn:virtualAuthenticators: true}
Session ID: 2c084ad0bdcbdc39fa4eeaf558f94183" type="org.openqa.selenium.ElementClickInterceptedException">
      <![CDATA[org.openqa.selenium.ElementClickInterceptedException: element click intercepted: Element <button _ngcontent-jfi-c38="" class="btn btn-red clear" type="button">...</button> is not clickable at point (1300, 591). Other element would receive the click: <div class="menu-overlay"></div>
  (Session info: chrome=109.0.5414.75)
Build info: version: '4.0.0-alpha-3', revision: '8c567de6dc'
System info: host: 'KI54', ip: '192.168.0.54', os.name: 'Windows 10', os.arch: 'amd64', os.version: '10.0', java.version: '18.0.1'
Driver info: org.openqa.selenium.chrome.ChromeDriver
Capabilities {acceptInsecureCerts: false, browserName: chrome, browserVersion: 109.0.5414.75, chrome: {chromedriverVersion: 109.0.5414.74 (e7c5703604da..., userDataDir: C:\Users\sriram\AppData\Loc...}, goog:chromeOptions: {debuggerAddress: localhost:59829}, javascriptEnabled: true, networkConnectionEnabled: false, pageLoadStrategy: normal, platform: WINDOWS, platformName: WINDOWS, proxy: Proxy(), setWindowRect: true, strictFileInteractability: false, timeouts: {implicit: 0, pageLoad: 300000, script: 30000}, unhandledPromptBehavior: dismiss and notify, webauthn:extension:credBlob: true, webauthn:extension:largeBlob: true, webauthn:virtualAuthenticators: true}
Session ID: 2c084ad0bdcbdc39fa4eeaf558f94183
at java.base/jdk.internal.reflect.DirectConstructorHandleAccessor.newInstance(DirectConstructorHandleAccessor.java:67)
at java.base/java.lang.reflect.Constructor.newInstanceWithCaller(Constructor.java:499)
at java.base/java.lang.reflect.Constructor.newInstance(Constructor.java:483)
at org.openqa.selenium.remote.codec.w3c.W3CHttpResponseCodec.createException(W3CHttpResponseCodec.java:191)
at org.openqa.selenium.remote.codec.w3c.W3CHttpResponseCodec.decode(W3CHttpResponseCodec.java:125)
at org.openqa.selenium.remote.codec.w3c.W3CHttpResponseCodec.decode(W3CHttpResponseCodec.java:52)
at org.openqa.selenium.remote.HttpCommandExecutor.execute(HttpCommandExecutor.java:161)
at org.openqa.selenium.remote.service.DriverCommandExecutor.execute(DriverCommandExecutor.java:83)
at org.openqa.selenium.remote.RemoteWebDriver.execute(RemoteWebDriver.java:576)
at org.openqa.selenium.remote.RemoteWebElement.execute(RemoteWebElement.java:308)
at org.openqa.selenium.remote.RemoteWebElement.click(RemoteWebElement.java:83)
at pagesOfYasasiiWeb.dental_yasassiWeb.master(dental_yasassiWeb.java:148)
at pagesTestCasesYasasiiWeb.Dental_testcase.master(Dental_testcase.java:58)
at java.base/jdk.internal.reflect.DirectMethodHandleAccessor.invoke(DirectMethodHandleAccessor.java:104)
at java.base/java.lang.reflect.Method.invoke(Method.java:577)
at org.testng.internal.MethodInvocationHelper.invokeMethod(MethodInvocationHelper.java:132)
at org.testng.internal.TestInvoker.invokeMethod(TestInvoker.java:599)
at org.testng.internal.TestInvoker.invokeTestMethod(TestInvoker.java:174)
at org.testng.internal.MethodRunner.runInSequence(MethodRunner.java:46)
at org.testng.internal.TestInvoker$MethodInvocationAgent.invoke(TestInvoker.java:822)
at org.testng.internal.TestInvoker.invokeTestMethods(TestInvoker.java:147)
at org.testng.internal.TestMethodWorker.invokeTestMethods(TestMethodWorker.java:146)
at org.testng.internal.TestMethodWorker.run(TestMethodWorker.java:128)
at java.base/java.util.ArrayList.forEach(ArrayList.java:1511)
at org.testng.TestRunner.privateRun(TestRunner.java:764)
at org.testng.TestRunner.run(TestRunner.java:585)
at org.testng.SuiteRunner.runTest(SuiteRunner.java:384)
at org.testng.SuiteRunner.runSequentially(SuiteRunner.java:378)
at org.testng.SuiteRunner.privateRun(SuiteRunner.java:337)
at org.testng.SuiteRunner.run(SuiteRunner.java:286)
at org.testng.SuiteRunnerWorker.runSuite(SuiteRunnerWorker.java:53)
at org.testng.SuiteRunnerWorker.run(SuiteRunnerWorker.java:96)
at org.testng.TestNG.runSuitesSequentially(TestNG.java:1218)
at org.testng.TestNG.runSuitesLocally(TestNG.java:1140)
at org.testng.TestNG.runSuites(TestNG.java:1069)
at org.testng.TestNG.run(TestNG.java:1037)
at org.testng.remote.AbstractRemoteTestNG.run(AbstractRemoteTestNG.java:115)
at org.testng.remote.RemoteTestNG.initAndRun(RemoteTestNG.java:251)
at org.testng.remote.RemoteTestNG.main(RemoteTestNG.java:77)
]]>
    </error>
  </testcase> <!-- master -->
  <system-out/>
  <testcase classname="pagesTestCasesYasasiiWeb.Dental_testcase" name="master" time="28.879"/>
  <system-out/>
  <testcase classname="pagesTestCasesYasasiiWeb.Dental_testcase" name="master" time="28.826"/>
  <system-out/>
  <testcase classname="pagesTestCasesYasasiiWeb.Dental_testcase" name="master" time="29.131"/>
  <system-out/>
  <testcase classname="pagesTestCasesYasasiiWeb.Dental_testcase" name="master" time="28.834"/>
  <system-out/>
  <testcase classname="pagesTestCasesYasasiiWeb.Dental_testcase" name="master" time="28.845"/>
  <system-out/>
  <testcase classname="pagesTestCasesYasasiiWeb.Dental_testcase" name="master" time="29.577"/>
  <system-out/>
  <testcase classname="pagesTestCasesYasasiiWeb.Dental_testcase" name="master" time="29.254"/>
  <system-out/>
  <testcase classname="pagesTestCasesYasasiiWeb.Dental_testcase" name="master" time="3.121">
    <error message="element click intercepted: Element &lt;button _ngcontent-jfi-c38=&quot;&quot; class=&quot;btn btn-red clear&quot; type=&quot;button&quot;&gt;...&lt;/button&gt; is not clickable at point (1300, 591). Other element would receive the click: &lt;div class=&quot;menu-overlay&quot;&gt;&lt;/div&gt;
  (Session info: chrome=109.0.5414.75)
Build info: version: &#039;4.0.0-alpha-3&#039;, revision: &#039;8c567de6dc&#039;
System info: host: &#039;KI54&#039;, ip: &#039;192.168.0.54&#039;, os.name: &#039;Windows 10&#039;, os.arch: &#039;amd64&#039;, os.version: &#039;10.0&#039;, java.version: &#039;18.0.1&#039;
Driver info: org.openqa.selenium.chrome.ChromeDriver
Capabilities {acceptInsecureCerts: false, browserName: chrome, browserVersion: 109.0.5414.75, chrome: {chromedriverVersion: 109.0.5414.74 (e7c5703604da..., userDataDir: C:\Users\sriram\AppData\Loc...}, goog:chromeOptions: {debuggerAddress: localhost:59829}, javascriptEnabled: true, networkConnectionEnabled: false, pageLoadStrategy: normal, platform: WINDOWS, platformName: WINDOWS, proxy: Proxy(), setWindowRect: true, strictFileInteractability: false, timeouts: {implicit: 0, pageLoad: 300000, script: 30000}, unhandledPromptBehavior: dismiss and notify, webauthn:extension:credBlob: true, webauthn:extension:largeBlob: true, webauthn:virtualAuthenticators: true}
Session ID: 2c084ad0bdcbdc39fa4eeaf558f94183" type="org.openqa.selenium.ElementClickInterceptedException">
      <![CDATA[org.openqa.selenium.ElementClickInterceptedException: element click intercepted: Element <button _ngcontent-jfi-c38="" class="btn btn-red clear" type="button">...</button> is not clickable at point (1300, 591). Other element would receive the click: <div class="menu-overlay"></div>
  (Session info: chrome=109.0.5414.75)
Build info: version: '4.0.0-alpha-3', revision: '8c567de6dc'
System info: host: 'KI54', ip: '192.168.0.54', os.name: 'Windows 10', os.arch: 'amd64', os.version: '10.0', java.version: '18.0.1'
Driver info: org.openqa.selenium.chrome.ChromeDriver
Capabilities {acceptInsecureCerts: false, browserName: chrome, browserVersion: 109.0.5414.75, chrome: {chromedriverVersion: 109.0.5414.74 (e7c5703604da..., userDataDir: C:\Users\sriram\AppData\Loc...}, goog:chromeOptions: {debuggerAddress: localhost:59829}, javascriptEnabled: true, networkConnectionEnabled: false, pageLoadStrategy: normal, platform: WINDOWS, platformName: WINDOWS, proxy: Proxy(), setWindowRect: true, strictFileInteractability: false, timeouts: {implicit: 0, pageLoad: 300000, script: 30000}, unhandledPromptBehavior: dismiss and notify, webauthn:extension:credBlob: true, webauthn:extension:largeBlob: true, webauthn:virtualAuthenticators: true}
Session ID: 2c084ad0bdcbdc39fa4eeaf558f94183
at java.base/jdk.internal.reflect.DirectConstructorHandleAccessor.newInstance(DirectConstructorHandleAccessor.java:67)
at java.base/java.lang.reflect.Constructor.newInstanceWithCaller(Constructor.java:499)
at java.base/java.lang.reflect.Constructor.newInstance(Constructor.java:483)
at org.openqa.selenium.remote.codec.w3c.W3CHttpResponseCodec.createException(W3CHttpResponseCodec.java:191)
at org.openqa.selenium.remote.codec.w3c.W3CHttpResponseCodec.decode(W3CHttpResponseCodec.java:125)
at org.openqa.selenium.remote.codec.w3c.W3CHttpResponseCodec.decode(W3CHttpResponseCodec.java:52)
at org.openqa.selenium.remote.HttpCommandExecutor.execute(HttpCommandExecutor.java:161)
at org.openqa.selenium.remote.service.DriverCommandExecutor.execute(DriverCommandExecutor.java:83)
at org.openqa.selenium.remote.RemoteWebDriver.execute(RemoteWebDriver.java:576)
at org.openqa.selenium.remote.RemoteWebElement.execute(RemoteWebElement.java:308)
at org.openqa.selenium.remote.RemoteWebElement.click(RemoteWebElement.java:83)
at pagesOfYasasiiWeb.dental_yasassiWeb.master(dental_yasassiWeb.java:148)
at pagesTestCasesYasasiiWeb.Dental_testcase.master(Dental_testcase.java:58)
at java.base/jdk.internal.reflect.DirectMethodHandleAccessor.invoke(DirectMethodHandleAccessor.java:104)
at java.base/java.lang.reflect.Method.invoke(Method.java:577)
at org.testng.internal.MethodInvocationHelper.invokeMethod(MethodInvocationHelper.java:132)
at org.testng.internal.TestInvoker.invokeMethod(TestInvoker.java:599)
at org.testng.internal.TestInvoker.invokeTestMethod(TestInvoker.java:174)
at org.testng.internal.MethodRunner.runInSequence(MethodRunner.java:46)
at org.testng.internal.TestInvoker$MethodInvocationAgent.invoke(TestInvoker.java:822)
at org.testng.internal.TestInvoker.invokeTestMethods(TestInvoker.java:147)
at org.testng.internal.TestMethodWorker.invokeTestMethods(TestMethodWorker.java:146)
at org.testng.internal.TestMethodWorker.run(TestMethodWorker.java:128)
at java.base/java.util.ArrayList.forEach(ArrayList.java:1511)
at org.testng.TestRunner.privateRun(TestRunner.java:764)
at org.testng.TestRunner.run(TestRunner.java:585)
at org.testng.SuiteRunner.runTest(SuiteRunner.java:384)
at org.testng.SuiteRunner.runSequentially(SuiteRunner.java:378)
at org.testng.SuiteRunner.privateRun(SuiteRunner.java:337)
at org.testng.SuiteRunner.run(SuiteRunner.java:286)
at org.testng.SuiteRunnerWorker.runSuite(SuiteRunnerWorker.java:53)
at org.testng.SuiteRunnerWorker.run(SuiteRunnerWorker.java:96)
at org.testng.TestNG.runSuitesSequentially(TestNG.java:1218)
at org.testng.TestNG.runSuitesLocally(TestNG.java:1140)
at org.testng.TestNG.runSuites(TestNG.java:1069)
at org.testng.TestNG.run(TestNG.java:1037)
at org.testng.remote.AbstractRemoteTestNG.run(AbstractRemoteTestNG.java:115)
at org.testng.remote.RemoteTestNG.initAndRun(RemoteTestNG.java:251)
at org.testng.remote.RemoteTestNG.main(RemoteTestNG.java:77)
]]>
    </error>
  </testcase> <!-- master -->
  <system-out/>
  <testcase classname="pagesTestCasesYasasiiWeb.Dental_testcase" name="master" time="28.855"/>
  <system-out/>
  <testcase classname="pagesTestCasesYasasiiWeb.Dental_testcase" name="master" time="31.441"/>
  <system-out/>
  <testcase classname="pagesTestCasesYasasiiWeb.Dental_testcase" name="master" time="29.286"/>
  <system-out/>
  <testcase classname="pagesTestCasesYasasiiWeb.Dental_testcase" name="master" time="3.110">
    <error message="element click intercepted: Element &lt;button _ngcontent-jfi-c38=&quot;&quot; class=&quot;btn btn-red clear&quot; type=&quot;button&quot;&gt;...&lt;/button&gt; is not clickable at point (1300, 591). Other element would receive the click: &lt;div class=&quot;menu-overlay&quot;&gt;&lt;/div&gt;
  (Session info: chrome=109.0.5414.75)
Build info: version: &#039;4.0.0-alpha-3&#039;, revision: &#039;8c567de6dc&#039;
System info: host: &#039;KI54&#039;, ip: &#039;192.168.0.54&#039;, os.name: &#039;Windows 10&#039;, os.arch: &#039;amd64&#039;, os.version: &#039;10.0&#039;, java.version: &#039;18.0.1&#039;
Driver info: org.openqa.selenium.chrome.ChromeDriver
Capabilities {acceptInsecureCerts: false, browserName: chrome, browserVersion: 109.0.5414.75, chrome: {chromedriverVersion: 109.0.5414.74 (e7c5703604da..., userDataDir: C:\Users\sriram\AppData\Loc...}, goog:chromeOptions: {debuggerAddress: localhost:59829}, javascriptEnabled: true, networkConnectionEnabled: false, pageLoadStrategy: normal, platform: WINDOWS, platformName: WINDOWS, proxy: Proxy(), setWindowRect: true, strictFileInteractability: false, timeouts: {implicit: 0, pageLoad: 300000, script: 30000}, unhandledPromptBehavior: dismiss and notify, webauthn:extension:credBlob: true, webauthn:extension:largeBlob: true, webauthn:virtualAuthenticators: true}
Session ID: 2c084ad0bdcbdc39fa4eeaf558f94183" type="org.openqa.selenium.ElementClickInterceptedException">
      <![CDATA[org.openqa.selenium.ElementClickInterceptedException: element click intercepted: Element <button _ngcontent-jfi-c38="" class="btn btn-red clear" type="button">...</button> is not clickable at point (1300, 591). Other element would receive the click: <div class="menu-overlay"></div>
  (Session info: chrome=109.0.5414.75)
Build info: version: '4.0.0-alpha-3', revision: '8c567de6dc'
System info: host: 'KI54', ip: '192.168.0.54', os.name: 'Windows 10', os.arch: 'amd64', os.version: '10.0', java.version: '18.0.1'
Driver info: org.openqa.selenium.chrome.ChromeDriver
Capabilities {acceptInsecureCerts: false, browserName: chrome, browserVersion: 109.0.5414.75, chrome: {chromedriverVersion: 109.0.5414.74 (e7c5703604da..., userDataDir: C:\Users\sriram\AppData\Loc...}, goog:chromeOptions: {debuggerAddress: localhost:59829}, javascriptEnabled: true, networkConnectionEnabled: false, pageLoadStrategy: normal, platform: WINDOWS, platformName: WINDOWS, proxy: Proxy(), setWindowRect: true, strictFileInteractability: false, timeouts: {implicit: 0, pageLoad: 300000, script: 30000}, unhandledPromptBehavior: dismiss and notify, webauthn:extension:credBlob: true, webauthn:extension:largeBlob: true, webauthn:virtualAuthenticators: true}
Session ID: 2c084ad0bdcbdc39fa4eeaf558f94183
at java.base/jdk.internal.reflect.DirectConstructorHandleAccessor.newInstance(DirectConstructorHandleAccessor.java:67)
at java.base/java.lang.reflect.Constructor.newInstanceWithCaller(Constructor.java:499)
at java.base/java.lang.reflect.Constructor.newInstance(Constructor.java:483)
at org.openqa.selenium.remote.codec.w3c.W3CHttpResponseCodec.createException(W3CHttpResponseCodec.java:191)
at org.openqa.selenium.remote.codec.w3c.W3CHttpResponseCodec.decode(W3CHttpResponseCodec.java:125)
at org.openqa.selenium.remote.codec.w3c.W3CHttpResponseCodec.decode(W3CHttpResponseCodec.java:52)
at org.openqa.selenium.remote.HttpCommandExecutor.execute(HttpCommandExecutor.java:161)
at org.openqa.selenium.remote.service.DriverCommandExecutor.execute(DriverCommandExecutor.java:83)
at org.openqa.selenium.remote.RemoteWebDriver.execute(RemoteWebDriver.java:576)
at org.openqa.selenium.remote.RemoteWebElement.execute(RemoteWebElement.java:308)
at org.openqa.selenium.remote.RemoteWebElement.click(RemoteWebElement.java:83)
at pagesOfYasasiiWeb.dental_yasassiWeb.master(dental_yasassiWeb.java:148)
at pagesTestCasesYasasiiWeb.Dental_testcase.master(Dental_testcase.java:58)
at java.base/jdk.internal.reflect.DirectMethodHandleAccessor.invoke(DirectMethodHandleAccessor.java:104)
at java.base/java.lang.reflect.Method.invoke(Method.java:577)
at org.testng.internal.MethodInvocationHelper.invokeMethod(MethodInvocationHelper.java:132)
at org.testng.internal.TestInvoker.invokeMethod(TestInvoker.java:599)
at org.testng.internal.TestInvoker.invokeTestMethod(TestInvoker.java:174)
at org.testng.internal.MethodRunner.runInSequence(MethodRunner.java:46)
at org.testng.internal.TestInvoker$MethodInvocationAgent.invoke(TestInvoker.java:822)
at org.testng.internal.TestInvoker.invokeTestMethods(TestInvoker.java:147)
at org.testng.internal.TestMethodWorker.invokeTestMethods(TestMethodWorker.java:146)
at org.testng.internal.TestMethodWorker.run(TestMethodWorker.java:128)
at java.base/java.util.ArrayList.forEach(ArrayList.java:1511)
at org.testng.TestRunner.privateRun(TestRunner.java:764)
at org.testng.TestRunner.run(TestRunner.java:585)
at org.testng.SuiteRunner.runTest(SuiteRunner.java:384)
at org.testng.SuiteRunner.runSequentially(SuiteRunner.java:378)
at org.testng.SuiteRunner.privateRun(SuiteRunner.java:337)
at org.testng.SuiteRunner.run(SuiteRunner.java:286)
at org.testng.SuiteRunnerWorker.runSuite(SuiteRunnerWorker.java:53)
at org.testng.SuiteRunnerWorker.run(SuiteRunnerWorker.java:96)
at org.testng.TestNG.runSuitesSequentially(TestNG.java:1218)
at org.testng.TestNG.runSuitesLocally(TestNG.java:1140)
at org.testng.TestNG.runSuites(TestNG.java:1069)
at org.testng.TestNG.run(TestNG.java:1037)
at org.testng.remote.AbstractRemoteTestNG.run(AbstractRemoteTestNG.java:115)
at org.testng.remote.RemoteTestNG.initAndRun(RemoteTestNG.java:251)
at org.testng.remote.RemoteTestNG.main(RemoteTestNG.java:77)
]]>
    </error>
  </testcase> <!-- master -->
  <system-out/>
  <testcase classname="pagesTestCasesYasasiiWeb.Dental_testcase" name="master" time="28.521"/>
  <system-out/>
  <testcase classname="pagesTestCasesYasasiiWeb.Dental_testcase" name="master" time="28.839"/>
  <system-out/>
  <testcase classname="pagesTestCasesYasasiiWeb.Dental_testcase" name="master" time="28.386"/>
  <system-out/>
  <testcase classname="pagesTestCasesYasasiiWeb.Dental_testcase" name="master" time="28.954"/>
  <system-out/>
  <testcase classname="pagesTestCasesYasasiiWeb.Dental_testcase" name="master" time="29.645"/>
  <system-out/>
  <testcase classname="pagesTestCasesYasasiiWeb.Dental_testcase" name="master" time="28.682"/>
  <system-out/>
  <testcase classname="pagesTestCasesYasasiiWeb.Dental_testcase" name="master" time="28.940"/>
  <system-out/>
  <testcase classname="pagesTestCasesYasasiiWeb.Dental_testcase" name="master" time="29.689"/>
  <system-out/>
  <testcase classname="pagesTestCasesYasasiiWeb.Dental_testcase" name="master" time="28.627"/>
  <system-out/>
  <testcase classname="pagesTestCasesYasasiiWeb.Dental_testcase" name="master" time="29.745"/>
  <system-out/>
  <testcase classname="pagesTestCasesYasasiiWeb.Dental_testcase" name="master" time="32.206"/>
  <system-out/>
  <testcase classname="pagesTestCasesYasasiiWeb.Dental_testcase" name="master" time="28.592"/>
  <system-out/>
  <testcase classname="pagesTestCasesYasasiiWeb.Dental_testcase" name="master" time="29.349"/>
  <system-out/>
  <testcase classname="pagesTestCasesYasasiiWeb.Dental_testcase" name="master" time="28.957"/>
  <system-out/>
  <testcase classname="pagesTestCasesYasasiiWeb.Dental_testcase" name="master" time="30.277"/>
  <system-out/>
  <testcase classname="pagesTestCasesYasasiiWeb.Dental_testcase" name="master" time="28.624"/>
  <system-out/>
  <testcase classname="pagesTestCasesYasasiiWeb.Dental_testcase" name="master" time="28.594"/>
  <system-out/>
  <testcase classname="pagesTestCasesYasasiiWeb.Dental_testcase" name="master" time="31.060"/>
  <system-out/>
  <testcase classname="pagesTestCasesYasasiiWeb.Dental_testcase" name="master" time="29.140"/>
  <system-out/>
  <testcase classname="pagesTestCasesYasasiiWeb.Dental_testcase" name="master" time="28.859"/>
  <system-out/>
  <testcase classname="pagesTestCasesYasasiiWeb.Dental_testcase" name="master" time="28.846"/>
  <system-out/>
  <testcase classname="pagesTestCasesYasasiiWeb.Dental_testcase" name="master" time="29.284"/>
  <system-out/>
  <testcase classname="pagesTestCasesYasasiiWeb.Dental_testcase" name="master" time="32.127"/>
  <system-out/>
  <testcase classname="pagesTestCasesYasasiiWeb.Dental_testcase" name="master" time="29.306"/>
  <system-out/>
  <testcase classname="pagesTestCasesYasasiiWeb.Dental_testcase" name="master" time="28.594"/>
  <system-out/>
  <testcase classname="pagesTestCasesYasasiiWeb.Dental_testcase" name="master" time="29.262"/>
  <system-out/>
  <testcase classname="pagesTestCasesYasasiiWeb.Dental_testcase" name="master" time="28.580"/>
  <system-out/>
  <testcase classname="pagesTestCasesYasasiiWeb.Dental_testcase" name="master" time="29.176"/>
  <system-out/>
  <testcase classname="pagesTestCasesYasasiiWeb.Dental_testcase" name="master" time="29.324"/>
  <system-out/>
  <testcase classname="pagesTestCasesYasasiiWeb.Dental_testcase" name="master" time="28.966"/>
  <system-out/>
  <testcase classname="pagesTestCasesYasasiiWeb.Dental_testcase" name="master" time="29.091"/>
  <system-out/>
  <testcase classname="pagesTestCasesYasasiiWeb.Dental_testcase" name="master" time="29.533"/>
  <system-out/>
  <testcase classname="pagesTestCasesYasasiiWeb.Dental_testcase" name="master" time="29.115"/>
  <system-out/>
  <testcase classname="pagesTestCasesYasasiiWeb.Dental_testcase" name="master" time="29.118"/>
  <system-out/>
  <testcase classname="pagesTestCasesYasasiiWeb.Dental_testcase" name="master" time="28.552"/>
  <system-out/>
  <testcase classname="pagesTestCasesYasasiiWeb.Dental_testcase" name="master" time="29.280"/>
  <system-out/>
  <testcase classname="pagesTestCasesYasasiiWeb.Dental_testcase" name="master" time="29.891"/>
  <system-out/>
  <testcase classname="pagesTestCasesYasasiiWeb.Dental_testcase" name="master" time="28.871"/>
  <system-out/>
  <testcase classname="pagesTestCasesYasasiiWeb.Dental_testcase" name="master" time="28.406"/>
  <system-out/>
  <testcase classname="pagesTestCasesYasasiiWeb.Dental_testcase" name="master" time="29.428"/>
  <system-out/>
  <testcase classname="pagesTestCasesYasasiiWeb.Dental_testcase" name="master" time="29.323"/>
  <system-out/>
  <testcase classname="pagesTestCasesYasasiiWeb.Dental_testcase" name="master" time="29.094"/>
  <system-out/>
  <testcase classname="pagesTestCasesYasasiiWeb.Dental_testcase" name="master" time="29.087"/>
  <system-out/>
  <testcase classname="pagesTestCasesYasasiiWeb.Dental_testcase" name="master" time="29.554"/>
  <system-out/>
  <testcase classname="pagesTestCasesYasasiiWeb.Dental_testcase" name="master" time="28.408"/>
  <system-out/>
  <testcase classname="pagesTestCasesYasasiiWeb.Dental_testcase" name="master" time="28.767"/>
  <system-out/>
  <testcase classname="pagesTestCasesYasasiiWeb.Dental_testcase" name="master" time="30.043"/>
  <system-out/>
  <testcase classname="pagesTestCasesYasasiiWeb.Dental_testcase" name="master" time="16.499">
    <error message="element click intercepted: Element &lt;input _ngcontent-jfi-c15=&quot;&quot; autocapitalize=&quot;none&quot; autocomplete=&quot;off&quot; autocorrect=&quot;off&quot; class=&quot;form-control ng-valid ng-dirty ng-touched&quot; spellcheck=&quot;false&quot; tabindex=&quot;1&quot; type=&quot;text&quot; placeholder=&quot;&quot; id=&quot;servicecategoryser&quot;&gt; is not clickable at point (802, 81). Other element would receive the click: &lt;div class=&quot;menu-overlay&quot;&gt;&lt;/div&gt;
  (Session info: chrome=109.0.5414.75)
Build info: version: &#039;4.0.0-alpha-3&#039;, revision: &#039;8c567de6dc&#039;
System info: host: &#039;KI54&#039;, ip: &#039;192.168.0.54&#039;, os.name: &#039;Windows 10&#039;, os.arch: &#039;amd64&#039;, os.version: &#039;10.0&#039;, java.version: &#039;18.0.1&#039;
Driver info: org.openqa.selenium.chrome.ChromeDriver
Capabilities {acceptInsecureCerts: false, browserName: chrome, browserVersion: 109.0.5414.75, chrome: {chromedriverVersion: 109.0.5414.74 (e7c5703604da..., userDataDir: C:\Users\sriram\AppData\Loc...}, goog:chromeOptions: {debuggerAddress: localhost:59829}, javascriptEnabled: true, networkConnectionEnabled: false, pageLoadStrategy: normal, platform: WINDOWS, platformName: WINDOWS, proxy: Proxy(), setWindowRect: true, strictFileInteractability: false, timeouts: {implicit: 0, pageLoad: 300000, script: 30000}, unhandledPromptBehavior: dismiss and notify, webauthn:extension:credBlob: true, webauthn:extension:largeBlob: true, webauthn:virtualAuthenticators: true}
Session ID: 2c084ad0bdcbdc39fa4eeaf558f94183" type="org.openqa.selenium.ElementClickInterceptedException">
      <![CDATA[org.openqa.selenium.ElementClickInterceptedException: element click intercepted: Element <input _ngcontent-jfi-c15="" autocapitalize="none" autocomplete="off" autocorrect="off" class="form-control ng-valid ng-dirty ng-touched" spellcheck="false" tabindex="1" type="text" placeholder="" id="servicecategoryser"> is not clickable at point (802, 81). Other element would receive the click: <div class="menu-overlay"></div>
  (Session info: chrome=109.0.5414.75)
Build info: version: '4.0.0-alpha-3', revision: '8c567de6dc'
System info: host: 'KI54', ip: '192.168.0.54', os.name: 'Windows 10', os.arch: 'amd64', os.version: '10.0', java.version: '18.0.1'
Driver info: org.openqa.selenium.chrome.ChromeDriver
Capabilities {acceptInsecureCerts: false, browserName: chrome, browserVersion: 109.0.5414.75, chrome: {chromedriverVersion: 109.0.5414.74 (e7c5703604da..., userDataDir: C:\Users\sriram\AppData\Loc...}, goog:chromeOptions: {debuggerAddress: localhost:59829}, javascriptEnabled: true, networkConnectionEnabled: false, pageLoadStrategy: normal, platform: WINDOWS, platformName: WINDOWS, proxy: Proxy(), setWindowRect: true, strictFileInteractability: false, timeouts: {implicit: 0, pageLoad: 300000, script: 30000}, unhandledPromptBehavior: dismiss and notify, webauthn:extension:credBlob: true, webauthn:extension:largeBlob: true, webauthn:virtualAuthenticators: true}
Session ID: 2c084ad0bdcbdc39fa4eeaf558f94183
at java.base/jdk.internal.reflect.DirectConstructorHandleAccessor.newInstance(DirectConstructorHandleAccessor.java:67)
at java.base/java.lang.reflect.Constructor.newInstanceWithCaller(Constructor.java:499)
at java.base/java.lang.reflect.Constructor.newInstance(Constructor.java:483)
at org.openqa.selenium.remote.codec.w3c.W3CHttpResponseCodec.createException(W3CHttpResponseCodec.java:191)
at org.openqa.selenium.remote.codec.w3c.W3CHttpResponseCodec.decode(W3CHttpResponseCodec.java:125)
at org.openqa.selenium.remote.codec.w3c.W3CHttpResponseCodec.decode(W3CHttpResponseCodec.java:52)
at org.openqa.selenium.remote.HttpCommandExecutor.execute(HttpCommandExecutor.java:161)
at org.openqa.selenium.remote.service.DriverCommandExecutor.execute(DriverCommandExecutor.java:83)
at org.openqa.selenium.remote.RemoteWebDriver.execute(RemoteWebDriver.java:576)
at org.openqa.selenium.remote.RemoteWebElement.execute(RemoteWebElement.java:308)
at org.openqa.selenium.remote.RemoteWebElement.click(RemoteWebElement.java:83)
at java.base/jdk.internal.reflect.DirectMethodHandleAccessor.invoke(DirectMethodHandleAccessor.java:104)
at java.base/java.lang.reflect.Method.invoke(Method.java:577)
at org.openqa.selenium.support.pagefactory.internal.LocatingElementHandler.invoke(LocatingElementHandler.java:52)
at jdk.proxy2/jdk.proxy2.$Proxy35.click(Unknown Source)
at pagesOfYasasiiWeb.dental_yasassiWeb.master(dental_yasassiWeb.java:177)
at pagesTestCasesYasasiiWeb.Dental_testcase.master(Dental_testcase.java:58)
at java.base/jdk.internal.reflect.DirectMethodHandleAccessor.invoke(DirectMethodHandleAccessor.java:104)
at java.base/java.lang.reflect.Method.invoke(Method.java:577)
at org.testng.internal.MethodInvocationHelper.invokeMethod(MethodInvocationHelper.java:132)
at org.testng.internal.TestInvoker.invokeMethod(TestInvoker.java:599)
at org.testng.internal.TestInvoker.invokeTestMethod(TestInvoker.java:174)
at org.testng.internal.MethodRunner.runInSequence(MethodRunner.java:46)
at org.testng.internal.TestInvoker$MethodInvocationAgent.invoke(TestInvoker.java:822)
at org.testng.internal.TestInvoker.invokeTestMethods(TestInvoker.java:147)
at org.testng.internal.TestMethodWorker.invokeTestMethods(TestMethodWorker.java:146)
at org.testng.internal.TestMethodWorker.run(TestMethodWorker.java:128)
at java.base/java.util.ArrayList.forEach(ArrayList.java:1511)
at org.testng.TestRunner.privateRun(TestRunner.java:764)
at org.testng.TestRunner.run(TestRunner.java:585)
at org.testng.SuiteRunner.runTest(SuiteRunner.java:384)
at org.testng.SuiteRunner.runSequentially(SuiteRunner.java:378)
at org.testng.SuiteRunner.privateRun(SuiteRunner.java:337)
at org.testng.SuiteRunner.run(SuiteRunner.java:286)
at org.testng.SuiteRunnerWorker.runSuite(SuiteRunnerWorker.java:53)
at org.testng.SuiteRunnerWorker.run(SuiteRunnerWorker.java:96)
at org.testng.TestNG.runSuitesSequentially(TestNG.java:1218)
at org.testng.TestNG.runSuitesLocally(TestNG.java:1140)
at org.testng.TestNG.runSuites(TestNG.java:1069)
at org.testng.TestNG.run(TestNG.java:1037)
at org.testng.remote.AbstractRemoteTestNG.run(AbstractRemoteTestNG.java:115)
at org.testng.remote.RemoteTestNG.initAndRun(RemoteTestNG.java:251)
at org.testng.remote.RemoteTestNG.main(RemoteTestNG.java:77)
]]>
    </error>
  </testcase> <!-- master -->
  <system-out/>
  <testcase classname="pagesTestCasesYasasiiWeb.Dental_testcase" name="master" time="3.080">
    <error message="element click intercepted: Element &lt;button _ngcontent-jfi-c38=&quot;&quot; class=&quot;btn btn-red clear&quot; type=&quot;button&quot;&gt;...&lt;/button&gt; is not clickable at point (1300, 591). Other element would receive the click: &lt;div class=&quot;menu-overlay&quot;&gt;&lt;/div&gt;
  (Session info: chrome=109.0.5414.75)
Build info: version: &#039;4.0.0-alpha-3&#039;, revision: &#039;8c567de6dc&#039;
System info: host: &#039;KI54&#039;, ip: &#039;192.168.0.54&#039;, os.name: &#039;Windows 10&#039;, os.arch: &#039;amd64&#039;, os.version: &#039;10.0&#039;, java.version: &#039;18.0.1&#039;
Driver info: org.openqa.selenium.chrome.ChromeDriver
Capabilities {acceptInsecureCerts: false, browserName: chrome, browserVersion: 109.0.5414.75, chrome: {chromedriverVersion: 109.0.5414.74 (e7c5703604da..., userDataDir: C:\Users\sriram\AppData\Loc...}, goog:chromeOptions: {debuggerAddress: localhost:59829}, javascriptEnabled: true, networkConnectionEnabled: false, pageLoadStrategy: normal, platform: WINDOWS, platformName: WINDOWS, proxy: Proxy(), setWindowRect: true, strictFileInteractability: false, timeouts: {implicit: 0, pageLoad: 300000, script: 30000}, unhandledPromptBehavior: dismiss and notify, webauthn:extension:credBlob: true, webauthn:extension:largeBlob: true, webauthn:virtualAuthenticators: true}
Session ID: 2c084ad0bdcbdc39fa4eeaf558f94183" type="org.openqa.selenium.ElementClickInterceptedException">
      <![CDATA[org.openqa.selenium.ElementClickInterceptedException: element click intercepted: Element <button _ngcontent-jfi-c38="" class="btn btn-red clear" type="button">...</button> is not clickable at point (1300, 591). Other element would receive the click: <div class="menu-overlay"></div>
  (Session info: chrome=109.0.5414.75)
Build info: version: '4.0.0-alpha-3', revision: '8c567de6dc'
System info: host: 'KI54', ip: '192.168.0.54', os.name: 'Windows 10', os.arch: 'amd64', os.version: '10.0', java.version: '18.0.1'
Driver info: org.openqa.selenium.chrome.ChromeDriver
Capabilities {acceptInsecureCerts: false, browserName: chrome, browserVersion: 109.0.5414.75, chrome: {chromedriverVersion: 109.0.5414.74 (e7c5703604da..., userDataDir: C:\Users\sriram\AppData\Loc...}, goog:chromeOptions: {debuggerAddress: localhost:59829}, javascriptEnabled: true, networkConnectionEnabled: false, pageLoadStrategy: normal, platform: WINDOWS, platformName: WINDOWS, proxy: Proxy(), setWindowRect: true, strictFileInteractability: false, timeouts: {implicit: 0, pageLoad: 300000, script: 30000}, unhandledPromptBehavior: dismiss and notify, webauthn:extension:credBlob: true, webauthn:extension:largeBlob: true, webauthn:virtualAuthenticators: true}
Session ID: 2c084ad0bdcbdc39fa4eeaf558f94183
at java.base/jdk.internal.reflect.DirectConstructorHandleAccessor.newInstance(DirectConstructorHandleAccessor.java:67)
at java.base/java.lang.reflect.Constructor.newInstanceWithCaller(Constructor.java:499)
at java.base/java.lang.reflect.Constructor.newInstance(Constructor.java:483)
at org.openqa.selenium.remote.codec.w3c.W3CHttpResponseCodec.createException(W3CHttpResponseCodec.java:191)
at org.openqa.selenium.remote.codec.w3c.W3CHttpResponseCodec.decode(W3CHttpResponseCodec.java:125)
at org.openqa.selenium.remote.codec.w3c.W3CHttpResponseCodec.decode(W3CHttpResponseCodec.java:52)
at org.openqa.selenium.remote.HttpCommandExecutor.execute(HttpCommandExecutor.java:161)
at org.openqa.selenium.remote.service.DriverCommandExecutor.execute(DriverCommandExecutor.java:83)
at org.openqa.selenium.remote.RemoteWebDriver.execute(RemoteWebDriver.java:576)
at org.openqa.selenium.remote.RemoteWebElement.execute(RemoteWebElement.java:308)
at org.openqa.selenium.remote.RemoteWebElement.click(RemoteWebElement.java:83)
at pagesOfYasasiiWeb.dental_yasassiWeb.master(dental_yasassiWeb.java:148)
at pagesTestCasesYasasiiWeb.Dental_testcase.master(Dental_testcase.java:58)
at java.base/jdk.internal.reflect.DirectMethodHandleAccessor.invoke(DirectMethodHandleAccessor.java:104)
at java.base/java.lang.reflect.Method.invoke(Method.java:577)
at org.testng.internal.MethodInvocationHelper.invokeMethod(MethodInvocationHelper.java:132)
at org.testng.internal.TestInvoker.invokeMethod(TestInvoker.java:599)
at org.testng.internal.TestInvoker.invokeTestMethod(TestInvoker.java:174)
at org.testng.internal.MethodRunner.runInSequence(MethodRunner.java:46)
at org.testng.internal.TestInvoker$MethodInvocationAgent.invoke(TestInvoker.java:822)
at org.testng.internal.TestInvoker.invokeTestMethods(TestInvoker.java:147)
at org.testng.internal.TestMethodWorker.invokeTestMethods(TestMethodWorker.java:146)
at org.testng.internal.TestMethodWorker.run(TestMethodWorker.java:128)
at java.base/java.util.ArrayList.forEach(ArrayList.java:1511)
at org.testng.TestRunner.privateRun(TestRunner.java:764)
at org.testng.TestRunner.run(TestRunner.java:585)
at org.testng.SuiteRunner.runTest(SuiteRunner.java:384)
at org.testng.SuiteRunner.runSequentially(SuiteRunner.java:378)
at org.testng.SuiteRunner.privateRun(SuiteRunner.java:337)
at org.testng.SuiteRunner.run(SuiteRunner.java:286)
at org.testng.SuiteRunnerWorker.runSuite(SuiteRunnerWorker.java:53)
at org.testng.SuiteRunnerWorker.run(SuiteRunnerWorker.java:96)
at org.testng.TestNG.runSuitesSequentially(TestNG.java:1218)
at org.testng.TestNG.runSuitesLocally(TestNG.java:1140)
at org.testng.TestNG.runSuites(TestNG.java:1069)
at org.testng.TestNG.run(TestNG.java:1037)
at org.testng.remote.AbstractRemoteTestNG.run(AbstractRemoteTestNG.java:115)
at org.testng.remote.RemoteTestNG.initAndRun(RemoteTestNG.java:251)
at org.testng.remote.RemoteTestNG.main(RemoteTestNG.java:77)
]]>
    </error>
  </testcase> <!-- master -->
  <system-out/>
  <testcase classname="pagesTestCasesYasasiiWeb.Dental_testcase" name="master" time="28.957"/>
  <system-out/>
  <testcase classname="pagesTestCasesYasasiiWeb.Dental_testcase" name="master" time="30.840"/>
  <system-out/>
  <testcase classname="pagesTestCasesYasasiiWeb.Dental_testcase" name="master" time="28.628"/>
  <system-out/>
  <testcase classname="pagesTestCasesYasasiiWeb.Dental_testcase" name="master" time="30.938"/>
  <system-out/>
</testsuite> <!-- pagesTestCasesYasasiiWeb.Dental_testcase -->
